500
0 9125 5974 4718 2610 7228 664 4532 2277 367 7949 5962 5715
1 6786 969 844 2655 2015 7482 7032 2203 6274 8861 468 7762
2 4090 5574 2123 3418 9485 6371 4008 6656 699 6861 719 6712 2437 2842 6899 3521 7932 5445 8994
3 2560 490 6653 2607 3596 5317 4402 1098 5048 3554 1467 8780 4100 2192 6534 7179 6613
4 8460 1962 8717 3001 5950 5122 9301 1668 3394 3005 1339 8209 9543 4776 287 1498 8176 8151 7185 5962 896 6406 2555 5715
5 5268 8660 6156 5067 2813 3838 4933 7006 2911 2345 8597 9711 4463 8982 5748 5458 3936
6 117 6411 7531 4893 6848 5847 5716 4681 7076 4004 7285 2962
7 8746 6598 4887 7121 7170 2785 8987 7915 3570 6914 1175 7575 321
8 5393 7193 3812 4253 9997 780 8895 5155 2401 6011 7980 3535 1450 8586 5458 1590 8987 2240 2128 321 79
9 2129 8999 336 4121 6449 1743 1830 3643 7000 7537 3153 1071 7699
10 1963 2973 7611 1694 1316 2778 2603 6718 4498 6746 4974 2147 6482 4855 2555
11 5624 8865 8237 8648 2780 1332 7367 9619 285 9618 3056 755
12 982 5011 3297 8918 7663 5646 5362 5559 7036 1724 9172 8531
13 2638 8453 6299 6656 728 5301 4500 6452 5907 9192 9569 5045 3051 5111 4855 8722 8105 541 2986
14 1525 2059 3046 3599 8624 9358 3833 5170 3150 1642 1043
15 3518 7000 2819 871 3041 5207 6468 151 7237 563 5099 3982 5869
16 7451 6691 8464 2745 3208 9805 3966 1769 4028 7000 5840 5678 6770 8681 6675 8431 9244
17 2835 8090 4721 8141 5075 5943 5904 9788 8132 6197 9483 7296
18 2481 3341 6066 5939 2067 416 8455 7647 8569 1151 5307
19 1402 63 9871 1978 4602 1235 8683 950 4594 8355 1502 3453 7740 352 3316 2962 321
20 2402 8042 7030 6362 4862 4440 4761 3471 8418 2873 2085
21 978 312 2092 9572 9449 1019 5047 6739 9115 1233 7278 8491
22 6441 6190 4187 2646 3076 5968 5630 8338 9194 3549 8836 7206 7736 1668
23 1711 7261 9932 4054 6337 1102 2931 2391 3625 3537 3524 9717 5553 9545 3074
24 5427 3419 961 3340 4176 4818 6992 992 6551 3597 1039 6945 6482 4352 6327 8994
25 8543 6231 7137 2845 7322 9303 6371 3169 8939 7659 8043
26 426 9025 2245 2722 140 6700 3995 8143 8592 1083 9930
27 8274 5161 1111 8846 2964 1796 8502 5335 3860 6710 2475
28 8605 3152 9133 5708 3388 6675 3721 718 1777 3854 9615 7073 4449 3104 2589 9129
29 7540 9459 6881 268 8057 2787 9526 1531 6063 5022 79 6913 4377 4345 2858 4199 321
30 2875 7628 5932 9758 5852 4315 4758 8018 853 6421 6331 4400 6938
31 8523 3410 3451 6826 9566 6742 3823 9066 4592 7351 455 7026 6067 3751 9990
32 6522 4920 5208 1629 9611 7062 170 3522 4222 756 3656 6014 6986
33 9924 2047 2865 9094 6612 7263 7344 8030 2970 961 971 123 9826 6460 8134 2114 8711
34 9924 835 8762 7730 6861 5611 3044 6151 3055 6655 2810 4035
35 6810 9312 6414 8392 1737 6443 8552 1200 7276 4465 6442 9659 9758 9704 8599 6584 7429
36 4809 2129 1010 186 8021 4630 2817 3167 3620 7755 4275 935 9160 2962
37 7269 5961 1628 6116 335 4202 7744 2713 5733 8821 2590 731 7883
38 4018 4837 8208 5504 1536 1407 600 580 6834 5743 8655 6675 2264 838
39 2879 9132 4140 2671 3015 9785 4462 9072 6502 7498 3946 1036 8439 2240 6534
40 8091 5022 9938 6770 3092 4666 4993 6086 4585 3493 657 3682 4091 2192 6030 979
41 2973 1718 1564 115 9926 7907 8990 8775 4565 6352 501 7344 6913 221 2121 7880
42 4224 3311 8861 4306 52 1942 5426 8469 1611 5416 842 7720 9301 1343 3022
43 1201 9923 6412 5519 8349 9862 4553 6829 3301 7552 7072 9848 7709 6258 4855 5880 7949
44 2724 571 9874 8052 3329 494 3745 5145 4937 6188 6646 879 9565 5534 6547
45 641 5291 1845 6617 5592 306 4541 9859 4104 5359 7885 4429 6025 9576 8722 7949 5962
46 1556 918 6544 8475 6109 391 1976 6933 5773 3670 1085 427 5412
47 5210 565 9920 1725 9792 3150 2525 8675 2555
48 2512 833 2054 3227 4051 9340 1093 8610 2701 3657 1696 8259 3044 9129
49 720 4546 571 9063 9317 7389 8689 2621 28 7142 2335 9311 6020 7143 4102 7790 1560 1289 4341 2240
50 2033 372 329 8004 4230 2243 2722 643 4380 9023 2744 2991 259 4134 6101 7333 5860 5880
51 7597 3171 2693 3637 172 2575 2464 6367 5169 6287 2330 5748 2
52 3347 1192 8222 469 8930 366 1116 1693 6070 1521 6702 4866 686 7138 6331 2
53 2203 3398 2219 5535 3909 6610 704 4538 4290 9433 3312 5948 5548 8887 7285 7699 6613
54 9331 1410 741 8464 214 3192 1801 3557 5589 6521 9230 1476 2643
55 4684 6311 5592 915 2672 2217 1416 6918 3523 9468 4045
56 623 8291 5425 3927 1525 16 4990 4667 4974 1167
57 2509 8459 4644 4218 209 9725 3626 815 3597 148 7545 2288 2986
58 5398 7482 7496 2105 4197 4798 3156 8635 6614 4168 1666 1219 9887 1546 8387 4199
59 121 8335 1680 4487 5168 7968 4758 4994 9019 219 1663 1383 3012
60 3492 2376 7397 9030 5371 8549 7779 1038 5405 116 7732
61 9840 3350 6764 2941 6579 8837 6426 3526 6095 2128 3673 2979 8728 5775 412
62 759 6593 6242 9803 6046 9162 7286 1665 560 5547 8128 8144 2942 5212 9478 6360 6258 2240
63 4728 8828 8789 3123 8298 5538 472 8434 3579 5257 1973 9216 3784 5341
64 5003 8249 6505 9556 6561 8725 2791 2329 11 4297
65 1239 2213 5557 9931 9127 4579 4607 6547 5308 3691 8520 8146 9313 1868 2666
66 4920 1973 1 1222 3736 5631 2747 9122 3188 1467 3146 2555
67 3465 544 5114 5170 4947 8158 1474 4564 2583 1668
68 1164 3643 9527 7125 1078 5825 5738 7582 4310 3594 438 1682 7880
69 6547 9592 417 2614 8170 6282 3153 2280 4648 1792 6148 1978 9292 5099 9931
70 8467 7228 6052 2699 9387 7947 3741 3100 1107 3710 9132 7077 4909 7933 7713 1534
71 3977 5899 8480 1577 7234 5228 6695 9887 8652 8291 435 8045 6552 7049 8387
72 619 7768 792 7800 1497 8263 3320 2235 7123 6907 2784 3125 5728 9731 9270 7710 9990 7713 5748
73 5247 2272 3644 9472 8260 5718 5800 7431 3944 2326 486 6021 7699 6547
74 173 6290 6247 7187 2933 6364 5355 6363 3890 3239 6082 352 6258
75 958 2044 9264 6491 9707 987 865 1616 8969 7196 212 2137 2630 935
76 625 4292 6211 1757 7734 7702 403 9492 5573 7191 4086 2239 3543 3830
77 2210 1573 4290 908 7283 1399 7488 9657 7356 9351 9374 321
78 8040 4087 4850 8473 9438 8703 6818 4611 9153 9181 3543
79 6611 3896 4569 4982 9871 8989 4166 2561 9962 8720 5969 8431 9075 5748
80 955 1712 3156 9244 3370 3376 6646 8786 1345 8897 4490 5676 9414 9640 4531 3074 3012
81 5679 9745 9633 4093 4991 1688 5595 378 2977 4721 6982 7759 7864
82 1276 5700 9391 8215 5945 1403 5071 5780 323 109 8643 7234 6482
83 8817 8772 8949 5560 3573 1322 324 3897 8473 8468 3841 673 5295 2643 7240 1979
84 8278 1546 3399 3471 3362 3590 3119 6691 8958 4734 1838 7804 7549 8618 9301 5962 7153
85 8791 3175 9521 987 1449 2744 5467 7403 2391 2441 1517 2569 6030
86 5539 9152 7351 7262 3274 4735 6734 6201 5868 6500 2461 7060 9040 8043 3836 2630
87 2622 2215 8006 6494 6319 4923 6044 7155 3720 8798 6937 6240 8029 3285 8841 9007
88 524 8353 4505 1683 428 5556 4959 5044 7087 8021 4846 906 2486 5862 496 2121
89 2497 9676 9235 1940 5391 2468 8164 966 2777 3133 7744 6054 8994
90 797 5926 1150 4818 5892 8710 2157 8936 8135 4161 8428 1043 2182 4199
91 1055 6720 8810 3841 810 4168 7255 8354 5102 6623 2943 985 6482 6613 5715
92 1690 5608 8260 6884 7032 1529 6896 3919 400 4073 3914 2240 7699 9007
93 6727 4589 4086 4733 8954 4895 9864 7567 4217 3714 8852 652 4399 7240 7699 7762
94 9628 4861 8790 9737 2423 2018 8373 2487 7577 6035 774 9349 7902 7883 3074
95 2687 5727 1069 4026 542 7668 2593 1453 4782 2475 7055 7762 2555
96 6750 8113 4112 5649 2723 1896 48 2160 9246 1513 3631 8227
97 2939 7775 1698 4445 9295 1792 1127 9782 4644 9270 5030 9199 7949
98 1964 2674 3210 3095 4463 9330 5317 6167 592 4477 9774 8135 3557 9646 780 9244
99 3807 4209 9710 9385 6003 6320 6339 1617 8346 4177 670 4859 9139 2155
100 7118 9953 6657 1034 6914 7220 9538 5135 7344 7613 3547 9545 2288 427
101 7447 120 270 5766 3447 5517 8989 7684 5442 8281 1801 7955 2902 2322 7880 9301
102 4580 62 8090 4996 6686 5902 4279 656 7591 5479 6448 4923 7290 745 6258
103 7495 4779 1481 5690 3573 5957 2702 8771 7789 8383 9669 4093 8431 7949
104 1442 2998 6543 2915 3514 760 871 232 4407 1131 3738 673 3376 6270 8716 7762
105 5280 760 5884 9040 7228 8170 3330 7116 4126 8770 2696 6608 2628 1865 3648 4493 3842 8797 7285 7429 1145 6101 9129 6613 3936 7652
106 6208 4100 5499 9641 1303 7966 6220 7111 843 828 148 8125 2555
107 2528 8225 9201 9408 2548 1517 2557 780
108 5407 1327 4542 30 3353 7721 8753 3084 9876 9856 9977 9271 6875 7252 6534 8212 5219 3982
109 8118 2502 2252 4448 7054 6636 9098 2395 3997 2647 5857 5715 9007 935 7153
110 1686 7355 9111 5754 8714 1759 7241 1049 9584 7560 6193 2586 964 3144 7429 5458 2555 5412
111 7047 5953 7531 8927 7091 610 9745 804 3790 8911 995 9109 9908 1871 1979 3111 2962
112 132 6560 5749 5220 3217 8577 8002 7213 7013 9522 4352 6523 9534 3379 934 79
113 8080 9722 1611 5339 1477 6192 1439 9675 2663 4875 4928 4720 2294 8518 7240 9236 6020 1668
114 8234 6324 7833 5494 3182 6748 3037 3454 8560 2152 9372 860 5999 9955 8135 2121 5507 2 3982
115 8762 7487 1444 1412 6062 6489 3534 7814 3036 2396 6903 5691 7899 9349 1429 2555
116 8099 4366 1639 9335 6200 2616 8914 8527 3530 4345 3371 5412
117 1336 583 847 8786 6554 468 8493 5115 2979 5386 6338 8424 7734 2730 2003 5295 1982 8481 9199 935 9842
118 8669 4383 768 8647 4553 1053 6963 5868 3380 8920 8116 7055
119 8479 4048 9082 1604 7713 7749 4452 8547 7845 8756 6750 1571 4941 4717 5341 9903 5156 3012
120 5179 8372 7641 489 9353 4625 7621 3909 7557 5738 6979 1340 5138 1364 7234
121 7783 5388 6609 7269 2164 5624 7792 7462 81 4134 7883 7153 2240 5715
122 2806 1773 1349 8194 472 9578 4050 8154 213 3326 9031 2650 7439 1252 8994
123 304 6879 5508 5867 8749 5154 66 5933 9254 740 6865 4966 4985 321
124 8943 1271 4505 6457 2370 4929 7170 2598 4444 9438 1581 1301 5064
125 4298 4480 7246 7233 5548 5404 8861 7629 9172 3333 3167 9007
126 4888 7358 9695 605 5755 7127 4880 6327 4221 3516 3524 1364 1050 8439 9533
127 4247 4007 5744 4961 2727 6831 2785 2342 4580 5157 9273 8267 4170 1668 5097 7949
128 8444 8546 7591 3666 5319 2713 7562 9941 8402 5462 3543 9968
129 1757 6231 5000 4538 7490 2145 344 8195 27 5948 5981 3830 6938 2288
130 8389 8016 8626 5515 9415 4866 3149 8786 2895 9751 1579 3251 2 7153 9533
131 3510 5804 6601 5155 3336 7480 5831 7 5126 4260 8887 8903 6382 8362 5654 1299 8055 8423 5531 3184 3521
132 8769 3112 9102 2023 4272 4238 5298 6221 5185 8362 5248 3376 7883 6613
133 2765 7487 7463 926 6009 8804 9605 4432 5704 7299 7677 6467 2327 3012
134 9738 408 3705 3881 1203 2918 6389 3845 5647 5309 6301 3982
135 9169 364 1359 389 786 7880 5468 8476 5603 6229 6771 9906 6623 7820 2
136 8045 6619 9890 6377 2420 6732 218 911 9209 1569 6532 2121 9197 7732 5340 2
137 5127 5456 9857 2706 4039 338 2308 9912 3027 3998 6771 8217 7267 2 3758
138 7197 529 9954 6863 379 4749 1773 9280 7144 4933 3227 8982 1749 1153 4107 148 9197 7575 321
139 7235 5343 8769 2353 5657 4709 7315 1039 9998 802 7965 3607 2897 9007
140 684 4587 4900 3691 2408 3097 136 1507 6065 9426 5921
141 8744 2896 3018 1625 3709 9478 5353 6680 5553 4644 8984 7216 1366 8092 2 5715
142 2703 3257 4731 6829 6776 9161 7174 2996 4176 4314
143 197 1895 9322 3796 3318 8157 6917 1908 7961 425 7290 1763 8722
144 835 7927 4935 3189 198 6210 922 3190 8172 794 7337 8874
145 6488 436 8678 924 8383 7708 8801 2586 1383 1942 6692 9007
146 9403 9636 4366 4122 3730 5439 1281 8172 1007 7162 569 2983 2962
147 5588 8041 9302 757 5897 9942 128 3349 1147 333 6031 1658 9640 3885 8994 5715
148 3683 1276 7181 6516 2531 3712 601 2096 3023 2718 2030 3662 4975 4804 4971 6899 745 7153 2 3074
149 6003 8224 7743 9422 7105 7828 6270 1432 766 2494 2439 13 9991 1668
150 8270 8652 4443 3685 7322 9401 9902 4408 6266 5339
151 142 7903 8916 1047 2472 9475 2785 648 4948 133 2340
152 4592 2879 3056 3206 5117 97 1120 4376 5705 2265 6054 6712 7153
153 2938 2741 5754 8425 3401 2191 3291 8951 1402 7885 5852 4769 3783 9615
154 2140 3306 4189 4426 539 2279 1303 8302 8683 2892
155 6831 8240 8773 7086 2222 9500 3338 5855 6804 2300 4501 8193 4909
156 4032 3262 4867 8815 5382 1565 8063 4988 3373 4377 8994
157 9196 2958 5121 6899 6961 482 2574 6267 5952 763 8040 7050 518 135 9244 6082 3877 79
158 2308 5509 5151 8785 322 6936 3702 5210 3951 9765 8431 3012 321
159 8236 3565 2256 3954 7654 8342 7291 5654 2247 9399 3851 2897 4537 4558 979
160 1708 5676 8568 5504 6260 7314 6840 2533 9413 2197 4031 182 1120 1375 5166 6020
161 2160 7922 8483 8967 6385 3865 7343 1417 2936 1789 4777 2559 8406 5292 4622 3700 267 1348 6547 7652 9545 2962 7153
162 8751 3949 1501 8338 33 1638 7313 4429 7236 9026 98 1122 4367 3981 4168 8609 7652
163 8064 4144 8736 543 3310 530 29 924 7038 1134 8387 4985 259 6538
164 9280 1450 888 492 8720 5913 3782 5685 5391 8609 4199
165 3581 6503 3820 9333 6269 8567 7346 4941 9674 1522 2781 2426 7712 9144 4071 9129 7949
166 8035 6184 624 6816 8689 4581 8267 101 2034 1853 4941 9940 2264 1454 2240 2
167 8526 953 8371 670 2572 384 5601 7560 6762 1349 9440 9786 6631 2986 427
168 9833 4731 9456 5905 9053 3082 140 9723 641 7242 1141 183 1299
169 8943 9224 6676 765 139 7967 4292 3702 7567 9075 5803 2695 1113 4784 4586 2643
170 353 8366 5905 4085 3667 6834 3746 3391 3637 4925 5339 2898 1668
171 7559 3891 191 8186 8866 2826 9741 2844 183 6938
172 1220 4229 2846 8457 4394 4751 348 4819 4087 9898 6196 3885 5762 9270 8125 321
173 8363 9014 5683 7642 1230 7949 7701 773 1703 2551 5054 5860 3703 8498 79
174 2925 7043 2152 3396 6459 5794 5399 7677 7207 4857 14 2649 2168 3207 1534
175 8299 9491 9898 1582 6079 5380 9402 9408 3176 321 6635
176 9762 4954 7405 9384 6104 8918 3562 1669 1307 7753 9523 1191 9383 7606 4091 3936
177 268 3931 549 7074 5830 6852 5637 1773 5813
178 4677 4193 8191 7961 4296 6542 1106 2739 9964 1276 5226 3963 9711 5658 7474 5254 3050 2790 8994
179 1508 5963 1052 8502 3994 2724 7440 3378 1588 7364 7575 8005
180 7484 7992 574 9686 667 8881 4726 706 1146 299 9700 9829 8507 1083 650 3961 7968 7762
181 5598 8268 5664 8997 9833 734 8297 8416 5747 5892 6149 3158 4824 6635 2555 1668
182 1457 6388 7836 6278 8764 3017 7593 6773 1943 2284 4786 6327 5715
183 4486 6381 1202 9446 7816 7633 1977 6133 3245 4533 6014 6938 9968 6613
184 2549 8766 6134 5779 5176 3540 4805 5634 8350 2425 2437 3385 7754 4567 3894 6675 4314 1299 4341
185 2553 7983 3317 3194 3928 1955 6586 4489 7850 7762
186 5601 493 4081 3720 6218 6718 5609 6269 4685 9459 5410 6131 5492 2904 3074 9848
187 6882 6764 2952 7311 9207 1537 1340 5827 3751 427 935
188 2868 4729 7797 1912 6019 8743 8990 4821 1510 4216 8572 9704 8955 55 8169 5053 8235 732 1534
189 5461 7091 7784 1233 5391 9598 3872 9691 7676 7623 2650 79
190 799 3269 9379 7327 7743 7372 3729 8744 113 9758 4260 1920 8618 7845 2264 9244
191 8966 96 1447 9528 6120 8342 8416 5350 6434 3403 4575 1898 3804 4531 7762
192 1837 4038 1691 7685 3601 9587 3392 1487 2735 8522 7782 7120 352
193 757 1676 520 3985 2759 7714 4725 884 726 6428 3163 321
194 5137 4650 3440 2838 5729 8874 8622 6549 9438 4691 782 1728 420 9007
195 5268 8203 1305 5188 8908 1881 5422 3405 9293 9233 5261 6913 4054 7510 6216 1534 3936 8125
196 9887 6865 353 3266 7218 2430 5084 2730 1342 9440 6509 6889 5656 8193 5412
197 2687 9935 3857 4909 7453 832 2258 1348 6433 7049 6920 5869 8125 3894
198 2124 1989 7213 5914 4987 4908 340 8444 8357 7675 3249 1105 6538 9968 9842
199 7246 9402 8247 109 2381 4920 3122 5330 753 5580 8125
200 5196 1239 1946 5244 908 4727 6382 7633 3382 1256 9637 6827 569 7709
201 5388 702 7672 4532 9487 2353 111 9217 4873 2124 1361 715 6170 6672 7699 7652
202 8674 4353 5278 6384 4900 4614 8524 2674 4991 103 2865 2404 6014 2327
203 3085 6826 7514 536 2279 5439 2785 3540 6836 3543
204 6227 608 1189 7318 3114 8016 4800 7311 7198 7088 6071 1117 7736
205 9076 2860 2125 1400 8964 8308 7019 8850 9074 877 8185 9930 3982
206 9608 9674 6575 2565 2116 6825 831 3313 2721 6558 3668 4838 2158 9337 2019 847 9199 7732
207 2822 6830 4593 827 2787 7288 9112 6679 2794 8183 9398 3393 3111 7153
208 8315 451 7543 8149 7235 8723 5843 8949 7947 8860 2212 1383
209 5462 287 7741 2887 6318 2553 7650 9095 7074 7314 9014 5340 2240
210 3759 4743 5195 335 6382 6590 4822 6425 790 9265 8212 1668
211 9340 6800 8781 6541 2417 6533 9747 8301 1916 2781 5194 3061 3895 4286
212 9266 2844 9570 4963 910 5185 4266 5702 7683 3632 8429 2394 6532 5178 8423 9139 1774
213 3413 4013 3531 1692 8239 5637 2273 9328 8513 2704 4728 8491
214 9867 3204 4936 3216 2697 9223 2598 5631 8247 4253 3835 5934 5038 79
215 4667 8619 2007 8330 4823 4715 7469 501 8770 416 9933 7296
216 6601 3493 4191 844 4780 9686 2616 8580 7215 9041 4433 9153 1868 838 3830 7699
217 1111 5395 9388 9997 8434 7014 8542 3206 1164 247 625 3561 2857 7133 79 5412
218 8542 9034 5055 493 421 6878 7155 8440 550 7254 7126 4901 3602 9008 79
219 1682 4015 592 5963 1182 5995 1746 8296 8294 9194 510 5293 8711 2121
220 8899 9395 7192 9283 2035 2326 9188 5232 1321 9546 1771 6712 369 3586 5762
221 6379 9851 1337 8817 1619 7799 9321 3827 2788 8503 1051 2673 4558 4624 9453
222 8434 2030 5270 5327 2440 2248 4720 310 4286 5034 5559 723 7085 8507 4414 6369 427
223 3348 4050 403 505 8178 1336 2278 7454 2647 1123 3473 8223 8858 8387 979
224 1893 5073 5549 6626 7393 5301 9237 2421 379 7396 7280 3584 6465 4985 79
225 1078 9529 2830 214 1098 9236 1230 5537 9593 7786 3278 6141 7120 9533
226 317 4312 5816 77 4613 6993 5893 5090 6801 3452 5119 1353 9181 6281 5156 1668
227 3227 9676 3958 9989 3151 4173 7878 8740 5336 2242 3629 6015 2983 3753 4314 2240
228 4102 6890 754 6279 4646 4206 3710 5851 5857 5553 8580 843 3012 6938
229 8994 1909 7040 8817 8052 1276 6903 3373 7938 6414 7940 7837 6698 6030
230 3999 8590 6530 5376 5085 1859 5734 7914 765 4225 8432 895 1670 6538 3894 9007 2962
231 9348 6368 7377 4764 2779 5682 4736 8160 7321 7319 6986 205 9842
232 4039 7794 7512 3544 4638 8574 6921 8536 4517 2915 6022 4457
233 6906 969 8743 9566 7987 5279 8583 1839 5757 1695 7234 6642 3784 7669 935
234 2746 5193 316 4073 2868 5895 6502 8042 6572 3247 8998 4660 1929 6351 1668 6635 4962 935
235 9163 3647 3740 3988 9179 2036 7715 1796 6436 1081 2069 2263 220 5885 4180
236 3392 9372 3031 4693 1565 3014 8689 4983 6679 4433 457
237 5388 3828 9192 2882 7328 6072 2314 844 2732 1252 7549 3665 838 7949 3982 935
238 5159 871 2681 7659 3923 7388 5525 8854 9180 6823 3863 4173 550 8234 1822 5997 7997 6938
239 5929 8990 8750 1495 448 4579 5474 8040 6723 300 2102 2252 5715 8307 4340
240 9382 7840 3340 646 2476 1230 8393 9396 7306 7204 5917 3877
241 7353 2241 5030 6223 688 3592 1907 6391 9356 6604 8112 7268 8134 79
242 3847 2505 2418 429 5666 9466 2771 5950 2881 9275 3549 120 4400 3982
243 36 2135 6837 9297 7962 9258 8469 4666 5104 2128
244 3026 7937 1028 6493 153 9287 6026 5553 8644
245 5701 1621 1677 3759 8772 6970 7757 7909 5547 7049
246 2119 5296 1040 3667 8831 5917 6260 2183 2521 3024 5403 5500 9005 8040 9347
247 8785 3336 6172 9315 4939 2275 9601 2617 9473 5812 1666 5762 2537 7575
248 8136 5355 5360 6963 7734 2256 4897 5423 2379 7365 469 3770 8185 5902 1105
249 7037 349 3267 2338 8938 2384 2701 8298 7570 3583 7887 819 4870 4027
250 6594 3358 9453 1348 9526 8632 7732 858 5125 5332 3427 7841 3676 4240 2555
251 2165 916 3121 4695 8350 4086 2002 699 5296 1817 1884 8657 7381 4842 4311 5064
252 2981 5835 1850 8125 638 9133 4635 9011 3132 9436 6545 215 6042 7979 3596 8528 321 7762
253 9161 2314 4469 2802 1969 803 2065 3739 857 3883 4348 4948 5437
254 72 2272 4140 4597 3548 7339 9215 1198 9781 1638 5698 7413 1105 2986
255 1063 4591 3086 5287 2431 7009 1850 9371 2175 9481 533 4448 9522 457 5322 2555 7153
256 8302 9634 9216 6886 1766 9401 6548 5276 9677 7457 3926 6672 4326
257 9831 4550 5389 368 7659 6698 6147 2157 5776 9187 4793 998 3163 2322 3894 4985 2128 3074 9533
258 5196 3544 6956 7311 9585 1533 5736 8309 2032 7950 4558 847
259 9949 4806 5536 2761 4575 4119 8159 5041 9090 2192 866 1774
260 1437 1636 5554 3123 944 1197 2635 3971 5408 1344 3509 3004 1105 2643
261 9321 6793 7216 3653 6181 1020 7357 2595 2444 3847 4222 4207 9283 9086 7355 847 6705 8907 3827 2422
262 7484 4763 4849 4008 3794 6958 2252 2614 1479 3106 6692
263 9957 3527 1720 1630 3385 4834 797 8188 9655 1 9414 1060 1430 7361
264 4387 9357 1861 3963 3242 8243 3984 9389 6281 7188 3214 3766 9688 9244 8644 5715
265 1032 4588 8119 2867 2981 2869 1283 1414 6506 6557 1328 4134 9461 9224 8994
266 4360 4254 7773 9631 1342 1364 4304 1848 5147 323 5245 6281 139
267 6189 7225 3747 1201 8532 2463 2153 7951 2457 2654 4928 1125 9968 2240
268 8356 4970 3095 7041 9309 2408 9495 3086 6140 3772 5687 187 3552 8140 2555
269 6563 4182 915 4172 8067 5495 1212 9188 6023 2799 6404 1105
270 8938 4198 5007 506 1501 6846 5595 8762 1034 1865 8104
271 5428 4649 6586 3817 2099 3037 8011 4421 3749 6938 4129 3894
272 7325 5886 5621 5750 3473 9162 7442 4369 949 8457 9621 8685 1932 178 5777 5029 8212
273 7316 7357 5330 9103 4699 7777 3440 545 3669 8856 7862 9569 7861 6061 4437 9114 3936 6827
274 1027 8645 1064 2476 9654 7220 2118 8866 5070 4561 4752 949 5775 5880
275 8824 3288 2515 7650 4917 8926 6273 976 8973 5964 951 76 427 2288 9968
276 9880 5383 6267 1941 9033 2352 899 100 1127 1841 7629 5326 935 2288 7153
277 6036 5272 8463 6412 8616 6451 6119 7753 6543 9379 2868 2064 4027 5448 6613
278 3302 6805 5303 6007 7489 1435 739 6066 6668 2109 921 1534 2288 79
279 4563 98 5308 8914 4676 8960 6033 6800 1542 4362 3012
280 3789 5493 6597 7253 8275 1694 8134 9844 2715 4977 9558 1645 6464 3061 2409 8994
281 5052 4556 3859 9418 5372 5417 4964 5751 2961 2366 1157 3207 7027 1986 5715 8134
282 4242 3586 657 1323 1177 578 828 8239 2586 4102 6167 5896 1031 6416 374 8130 1831 8495
283 750 6287 257 2202 3475 234 2861 3972 9950 6463 7899 745
284 7788 8654 3410 650 6766 4132 7194 6962 8427 6583 2122 6447 5584 7429 2240 3877
285 9671 2120 4565 8175 989 4917 391 4590 3866 2144 898 3612 3821 3379 8994
286 891 5617 8200 2453 4023 8681 2111 981 1802 2806 518 9764 707 4679 4311 7652
287 9484 7527 1279 7435 9245 5023 7504 9047 9619 2663 2828 6967 673 397 4027 5762 9848 7713 7762
288 7111 4420 4052 5613 193 2731 4867 9703 4572 5905 1336 6765 9199 2240 7153
289 3899 5325 2738 7538 5416 4010 7493 5672 4307 1557 4341 3982 5715
290 6312 4083 7129 4861 9206 1461 1194 9510 6122 9036 9834 135
291 7122 6145 7792 9296 8216 5209 4721 6547 1682 4671 1443 3225 221 4985 979
292 4461 3745 1175 3593 6794 3319 1681 7739 6734 8096 3417 7933 4129 5063 321
293 354 970 9732 9691 8682 2428 5826 6611 2896 4939 792 4208 7688 1425 979
294 6103 2702 9409 6845 5797 8676 176 4610 3359 5430 8416 1581 3538 7725 8498
295 3153 6670 5351 6376 2608 7787 732 6987 8292 4678 4456 9218 182 6303 3498 3052 4890 8140 6547 9968
296 1323 6366 8642 9204 2225 2365 9341 4769 9960 7459 9301 8130 7992 1731 9043 3012
297 4300 5321 4690 6063 1014 9736 7469 6815 818 4505 7813 823 8452 2128
298 8615 1913 9126 3080 1384 918 2169 2967 1505 3314 3004 3894 2288
299 5521 637 2213 3536 2272 8152 7356 8088 1631 1984 3894
300 9866 2621 7821 3417 3415 9507 1901 7078 675 8741 1967 6865 3135 3937 7153 8125
301 9067 5240 5553 2169 2457 1785 4778 611 3313 5797 8572 828 9692 3723 7296 7652
302 2545 3442 7967 7635 8442 3180 696 8906 9741 7874 5810 5702 7012 1391 427 9007
303 6162 9440 1107 9567 6894 2302 7451 6205 8306 5244 210 2204 838 2643 7949
304 5520 9211 1762 794 1118 5769 3661 8510 5877 5384 3494 151 3856 9632 7549 732 1731 1752 5677
305 9009 3452 9517 1927 386 3447 7272 5436 6991 949 2439 5748 979
306 7545 6851 4158 1571 4484 2492 7796 8196 2254 9953 9018 4941 2028 2892 7949 7883 7699
307 3604 1769 235 5804 6883 1411 491 9436 7843 6954 7781 6085 8462
308 3334 2521 391 3118 1420 5166 3716 5551 6060 8756 450 9903 7545 9968
309 4388 6242 7118 4992 2167 5647 6457 8764 4717 6986
310 2290 4980 8001 9690 1708 7450 8390 5224 3664 7709 6584 2182
311 1697 6849 6329 3257 5414 4991 1250 8079 696 376 1289 569
312 1775 5894 5973 243 253 5354 2941 8438 4650 8672 915 5445 6258
313 7147 4292 8916 4518 4428 1159 2195 1761 9236 9284 9430 9023 2555
314 4484 9362 3754 2083 529 7157 5683 6787 3815 2856 7179 6613
315 3274 6533 6628 7430 229 4483 3767 413
316 4025 4074 724 9645 6152 2711 6940 4746 3641 1382 158 1496 5412 5880 935
317 433 1616 5353 2231 5415 4269 9048 1255 9676 3931 873 863 8248 1429 7732 9968
318 4038 2472 6602 2935 8421 2984 6681 8945 4369 5645 183 7652
319 7736 9823 3715 88 5738 676 3977 4055 9634 9204 1037 3005 8852 5448 4418 3203 321 935 3074
320 7711 9521 684 4329 9096 7428 4883 897 4320 9517 3468 3885 7240
321 5513 187 5920 1092 393 2135 4127 6863 3631 7863 3505 4437 4234 9043 9404 2240
322 5144 3501 5179 8084 107 4224 4332 6925 1914 1888 2491 3936
323 1603 6846 9031 172 3053 9009 3341 4620 4694 2109 5775 2340 2
324 3537 8581 8163 6147 301 4761 7734 3422 1326 4242 111 842 1934 6458 9007 7652
325 1409 1844 8879 9188 2599 2936 810 845 8634 7899 9199 7762
326 2765 5140 5584 1347 3379 666 4521 236 5478 8893 7232 3869 3942 7782 2288
327 4138 9148 7154 2671 7022 4456 3636 6934 101 4539 8495 321
328 8329 5941 5469 3771 7327 100 5239 3523 362 7856 3538 3232 6021
329 3980 5537 1678 66 350 9622 62 923 3195 2184 2643 2962
330 2242 449 5729 4538 5044 7414 8964 5743 5109 2900 7513 6044
331 2695 8573 7804 51 4701 3913 582 2948 9336 8881 2480 6014 4199
332 4032 8559 5310 1834 1883 1875 3746 8196 3541 9615 8462 412 4035
333 1028 1692 8366 6709 9090 3298 3737 3918 1953 6914 4343 3074
334 4186 2436 9364 4934 9351 1834 4388 6529 9126 5295 4787 5887 3731 8293
335 4315 4751 4196 593 7563 481 9857 6891 4497 3584 2986
336 2658 838 2201 4214 5271 601 6928 9846 768 6374 597 1369 6164 5500 8931 6810 7055 3146 5307
337 7342 9168 729 1180 4723 4416 2270 4325 984 5515 7508 7842 6049
338 5447 1202 65 4478 7213 9362 7840 7604 857 4139 9640 3584 9565 2458 1647 7429 7880 2962
339 34 2769 8170 8801 2499 4618 5203 580 318 4957 7204 3894
340 2272 5534 3794 1075 78 6165 7447 1763 731 9184 6391 9954 2340 4269 4341 1134
341 8192 8413 5736 4564 9345 6117 5953 2220 6281 7438
342 4406 491 7227 1732 4226 4538 9999 3514 7732 2
343 7624 8493 7903 4277 2878 2289 1860 1884 6521 3053 6145 3631 8966 4966 9667 7806 9075
344 7885 9312 6713 3573 4901 6641 5639 476 9598 1231 5898 8467 3490 3536 5248 3513 5964 3758 3521 776 1534 7709 1668 79
345 5904 5396 4080 8127 2965 7028 8300 1307 2084 7662 2840 8352 7048 2630
346 741 6063 5158 8264 9926 5621 5832 3174 6289 5390 8008 2870 4771 1299 3074 1668
347 3249 9079 7675 3506 2433 42 6115 4194 5089 3049 609 4335 5572 2155 3936 935
348 9859 7248 8594 4562 7377 4851 3307 6467 4797 779 4259 1267 133 4749 7240
349 6926 7157 1697 9156 3694 6983 3765 7314 6859 8717 9930 1117 8812 2962
350 407 4033 2701 9746 1839 8001 5711 8970 63 8507 172 6698 6306 9467 5848 7652
351 1740 3681 513 1052 8136 1824 3745 4612 4736 5693 218 1394 5839 8781 5743 2670 8671 6101 9968
352 578 8882 9968 9172 1275 7836 2828 4548 6385 4774 2617 7648 6940 8233 7948 8666 6296
353 2987 8882 828 8319 744 4284 8310 6467 8837 4664 8140 6137 6 3277 4737 9478 7893 3630 4345 9689 7438 199 4314 3936 6778 6101 321
354 6586 5452 2582 6144 6203 1708 7916 4081 4759 6691 2349 352 5962
355 3035 5789 2553 3845 8449 3153 8367 1186 2487 553 1567 5981 7732 2962
356 8714 3506 4521 9067 4363 8667 5881 9132 5441 668 917 1465 6699 412 4151 4326 5412
357 6077 7025 7581 5035 6048 1802 8084 5256 8614 771 4266 4606 8994 2240
358 6964 3961 5036 96 3824 1044 5466 3542 3005 8768 4066 8722 9265 5917 246 660 8104 2288
359 3614 2614 6558 1978 1279 9231 3656 71 3555 2305 4507 2070 7413 412 9968
360 6506 6636 5515 1667 4658 1466 6425 7890 8592 6150 3361 7068 7055 7652
361 5503 9768 7380 4924 6752 9508 5642 1156 2872 731 8942 9834 276 1580 1668 8994
362 1998 461 4417 151 7344 734 890 8739 2806 5097 9347 259 7762 3074 8711 7438
363 1973 7220 5121 7672 6786 1905 965 5970 6015 7083 6188 3222 6584
364 7043 6901 9359 6916 7282 3476 5456 1122 3743 6272 4241 6029 4626 5412
365 2881 728 7927 5528 41 3634 1467 8780 6295 8517 5862
366 7651 4564 5669 9996 5174 8705 8400 6267 6909 6731 8043 3982
367 6084 6941 2836 3677 2726 3676 4903 7232 758 7698 2072 5785 5838
368 14 3036 9830 9767 5673 8261 9610 4936 6318 9834 7413
369 9779 844 1059 1146 794 8681 8289 6731 9422 4538 9023 3543 5962
370 29 2780 1650 1548 5005 2369 7301 8440 6002 450 670 4199
371 1236 9147 5169 7066 6972 1533 6551 9056 8413 9293 9453 3012
372 7501 1202 1028 1806 6799 3423 2968 8608 4956 1405 4985 4314
373 8443 1710 7974 7087 8390 8081 5966 699 1313 4624 5306 5251 6077 9683 372 6996 6347 7852
374 8740 7368 7134 8394 3185 8770 8777 6088 5014 1871 2327
375 9153 7231 6872 1102 220 8159 6483 7117 8669 3103 3877 2555
376 550 2485 9389 2963 6357 6953 4148 9617 6186 1383 926 4914 8722 6049 2327
377 9876 8978 616 6226 8997 294 4384 8410 4289 6446 3533 4607 673 3331 2458 3380 2114 1979 427
378 1451 6546 7938 154 5402 8664 3008 8618 7066 5089 5033 6451 9483 6778 3089 5412
379 3460 1529 7174 6267 7798 5787 8164 8595 6523 2113 8491
380 1168 8878 1648 1519 9177 3522 3059 9945 826 6802 7669 5715
381 227 4382 919 741 852 9487 5639 761 7742 7827 8892 5799 4411 2666 3877 5715
382 3153 2326 17 1442 4537 8310 1458 9087 6455 3267 364 8131 8233 979 2962
383 6469 553 4273 4158 2039 5462 9336 7688 6786 505 481 1954 6178 4378 5756 1557 6134 3877
384 8163 7114 2977 6138 1394 1569 4504 9252 5627 3083 6739 3383 3125 935
385 5885 7676 7169 2206 9941 3747 463 9074 8085 9850 5008 6262 177 2790 3877 6938
386 1398 2999 4764 3702 2367 6440 2559 2957 9400 3021 8743 2404 935 7699 7762
387 2517 9612 9838 9962 8052 3879 4800 5168 4604 8031
388 3764 457 20 1435 8142 5119 4654 1954 5041 2297 1847 2962 9968 2240
389 4304 6165 5807 7190 7063 1109 7586 4570 5532 3326 2288
390 4808 5141 4086 9423 5972 272 8846 9675 7383 7967 3072 3236 1956 4985 9404 2 9007
391 5690 686 1195 7251 538 550 1466 4143 8898 4732 9887 4828 19 6241 4345 2390 8907 3074 4326 9007 935
392 2977 3993 159 3344 6510 366 7383 233 6724 6078 3751 6301 8495 935 3012 7762
393 5710 8960 1834 5941 3252 1977 3551 7808 6903 8346 2676 2699 7569 4971 745 5326 979 1145 3894 1984
394 1047 819 1377 3975 7686 893 353 9326 5011 7849 5966 4855 79
395 8357 7112 8822 3308 1634 4892 6645 4549 2882 3111 182 1091 5177 7968
396 8389 6202 9303 9140 4781 109 2211 4218 8535 1085 3106 3894 8994
397 4814 7879 9245 7676 3027 5161 1408 955 5493 7467 2274 952 3432
398 54 4000 3766 7059 1159 5819 1482 2282 5936 1125 9013 979
399 7472 7719 3460 9310 215 3456 8361 7724 8544 6518 6010 2771 1454 2288
400 4255 2765 2523 7158 8485 6618 6974 4491 7026 2662 1979
401 7543 5792 1961 799 5933 6942 7491 3810 8847 8457 9688 4985 4901
402 379 888 8620 7624 4422 3501 1480 9588 6346 7120
403 1592 7164 191 4002 2320 8382 7340 5282 1793 9666 6270 9244
404 4192 9476 3533 8033 639 9383 6739 2218 6602 1725 5451 4607 3660 1852 9604 6899 7296 5762
405 6394 3 9366 8863 4790 6070 424 3664 7264 6037 4880 5304 1763 6534 6613 7438
406 8471 734 5234 3147 2017 7943 4896 1777 3837 3417 4268 9194 1368 3004 9990 6613 321
407 6227 4214 602 6245 1682 3795 141 1140 9481 4133 6168 2030 2086 7922 5880 6327 3836 6938
408 6456 1180 7672 7141 8078 5701 1077 9647 296 8762 7351 732
409 8603 4076 9332 6025 4996 959 1663 9323 7115 3781 4020 6258
410 7224 114 7547 1652 3431 1409 2490 2301 4715 9393 7289 8470 2986
411 7271 8045 1127 4141 1626 2494 4964 4203 1273 7713 2288 321
412 7465 8375 662 638 9094 3149 1093 7105 4766 5356 8490 6267 2963 297 7997 925 7880 79
413 7255 9284 6165 6186 9686 8782 7758 3033 773 6362 8343 9979 9545
414 9386 497 9651 4264 1465 8263 7613 6721 254 2920 8819 1937 8269 5643 9968 935
415 4251 5466 9537 6974 3414 7724 153 212 4326 9444 7987
416 1280 5705 7852 4475 5886 7879 5965 5728 541 9181 23 1496 3982 6920 4180
417 2309 3629 9073 5277 4511 3565 1800 8531 5761 4241 5978 7675 3325 1571 6605 3789 2643
418 936 3463 7235 7655 5017 9864 396 4095 5667 4055 8715 5445 1238 5880
419 1038 7367 2032 151 4893 506 1988 286 9576 8155 5016 8241 3758
420 4974 4444 2202 4591 240 661 3414 8615 9450 9534 8337 9295 6545 8125 2240
421 6419 3797 7036 3956 1957 6425 1766 691 5522 3388 2197 3468 7694 8528 3753
422 5944 257 7697 3405 2408 226 2345 6506 3181 1964 3597 5307 8491 2240
423 6665 9196 8272 2795 3126 5737 207 3749 1760 4760 8728 2595 5869 9461 935 2962
424 7887 9726 8393 3034 7654 7955 7071 9745 287 863 745 5053 2240
425 7594 1031 6155 1094 8149 9189 8682 5213 9904 7699 6938
426 3100 9019 2588 1924 358 9241 4274 396 9130 7485 2392 483 5780 6327 2962
427 4328 4635 63 2123 8363 8804 5617 7498 2202 4522 2458 2070 2555 6547
428 9366 7901 7980 639 5015 312 9569 7562 1062 6153 1560 8293
429 1259 4029 2245 7609 6395 3692 8976 8765 6388 7275 155 8387 4527 7652
430 7719 7138 3381 278 4335 6472 4258 6227 5547 8819 7059 8095 3362 3894 79
431 2120 7556 7945 3110 7865 9664 6686 6826 5615 3671 9083 1956 9968
432 2850 9142 9606 9398 9216 7810 526 7923 6002 8716 4340
433 6642 5186 7925 6592 1097 6905 364 5565 7332 3494 4589 9014 2768 6101
434 7430 3739 2078 444 210 333 2338 6447 2870 7078 4195 5846 9159 2444 4035 7413
435 1004 4540 7986 8306 6506 6062 8413 2335 9327 9681 2783 9705 1657 420
436 8757 578 5191 3421 2887 1814 8657 3524 7688 1774
437 9303 1470 9099 1091 5488 6775 3530 5605 8499 8461 5986 3058 1498 8910 4107
438 8186 4242 7097 5649 2602 9047 4999 2169 5852 3313 2518 8687 1299
439 2363 341 8430 9526 6647 2998 3613 2956
440 7741 806 2770 8860 2228 6260 2107 3714 5343 7248 4624 6889 8284 6938 9533 2962
441 7329 1000 325 129 7388 8587 4061 721 4871 8950 2805 9137 7630 9903 9301 2962 2240
442 6257 5798 9777 9693 3715 8506 9176 4086 8081 4674 6095 7741 6413 4522 6621 2867 88 1948 8829 3354 8105 5880 321
443 3783 7859 4777 9763 9300 2020 1479 9232 608 4005 2275 6677 9244 6613 447 2555 9533
444 5429 1889 8143 8260 1000 7543 6524 6470 5285 2611 682 3926 8462 1105 5216 6101 7296 5715
445 6179 1902 9604 947 9516 4747 259 7340 905 7599 8618 8431
446 4908 6818 8132 5454 478 2518 4938 3341 7789 7033 871 5035 1793 9050 1387 3316 8910 6613
447 3745 57 7787 4708 1403 4489 812 5590 3744 2177 3830
448 3886 6527 708 1626 4821 2973 2229 2624 5994 8167 1761 4340 8130 79
449 2117 3411 810 9250 2744 888 4632 7608 3349 5704 8157
450 7723 1921 3911 4996 52 7546 9579 6318 6258 2643 9007
451 2864 315 4089 6167 6594 9592 7028 9414 9655 5473 3023 7153
452 5980 1966 6607 3143 8757 1657 8561 8773 2671 347 5871 1752 2962
453 4310 395 4386 5856 4511 6102 5940 5943 9351 8996 6221 2839 116 9842
454 2969 9827 4090 9217 5546 4785 7631 788 2234 502 3292 4110 6938
455 5499 8440 9002 7368 8817 9041 7449 1786 4504 3610 2264 7968 4624 2240
456 3193 5006 7610 8670 8992 2477 4702 578 4453 2389 1971 1122 2978 1134 7120
457 4194 7278 7431 2297 6149 215 402 3151 3313 6130 4976 9379 3567 6074 6153 2555
458 3324 9930 9094 2754 590 2548 4028 5030 3300 4542 6100 7193
459 3299 222 1813 6240 2896 2787 4318 4066 3725 9259 2085 321
460 1022 9680 8147 5161 8981 5040 6066 3036 9830 1283 7883 4967 6258 79
461 685 5988 3743 1917 3341 429 2498 6798 2544 5047 7960 8491
462 8034 6166 1836 4955 331 9622 9787 449 2058 5818 7586 2264 6258 3830 9533
463 7295 9611 2472 8509 7841 5839 2617 9458 8524 7356 9576 557 6178 1383 321
464 8165 9433 8788 3279 2454 8717 7223 4454 2746 660 6891 2486 5326 2962
465 7649 7703 206 9716 3126 4279 5795 7522 7220 6727 8069
466 9967 8516 5796 9797 3744 7859 2101 3044 1987 8116 8140 9549 7550 6954
467 3716 9988 1191 9458 8279 1276 3086 9218 1084 632 876 5038 1353 4364 3697 4027 5848 2
468 5252 5770 5659 6555 7512 1618 8429 9313 2024 7249 7044 511 9374 5340
469 9895 1900 8038 5346 1708 2295 9711 3541 7489 8949 926 560 6538 1942 3043 1774 7791 8284 3074 9533
470 7464 9841 627 9393 2551 6145 4703 1087 5234 5547 6234 6827
471 2302 3489 6124 4968 8052 7350 281 3884 2550 1152 9704 2293 5409 6458 9244
472 9291 8472 9534 5351 3235 696 7131 7574 7389 6103 5794 2962
473 3713 1815 6622 3458 5016 5888 5770 6854 7238 8729 6170 5752 5748 780 9533
474 5277 6144 773 1678 493 712 1495 7719 3275 6492 5986 9278 5327 4866 2422
475 3471 4239 6370 718 7582 3624 3926 7313 7792 3665 611 9436 4188 1546 4269
476 7329 3887 8276 4264 2795 3837 5908 3991 9640 3368 5176 5342 7683 5219 1752 5270 7049
477 3298 9141 7190 4837 3855 8033 2188 4123 8382 4667 9677 3064 7438
478 9423 1571 246 2680 4420 2484 3264 1058 1072 552 9716 4515 6999 8862 5150 3103 5677 8994 5715 2962
479 6880 205 7991 6378 3128 5720 950 3964 1008 6530 1511 440 8228 7068 9013 8125
480 7828 4575 2642 5907 6480 3243 6872 3793 4755 1503 1515 5307 8005 3012 4314
481 3841 8738 4040 2844 6809 8145 1002 4866 7422 9401 2560 437 5316 3568 4340 8387
482 1207 9024 4922 9538 128 9057 5347 8359 5891 9576 6978 6486 8005 979
483 1047 6691 2953 4561 9953 2519 6915 6168 460 6587 1232 1195 7984 3758 2 7001 79
484 3099 9522 4045 6457 3350 2572 9675 9595 6573 8267 3553 5385 8043 9270 7949 935
485 5703 3624 9455 5961 8505 8977 1107 8972 9159 1019 1950 7864 979
486 5830 1440 9986 1389 7680 9638 1012 7835 4147 9527 1601 3275 8185 5386 8125 7438
487 5859 2846 8918 1331 400 2946 5723 3456 4584 5667 1887 8027 4824
488 1828 2135 6573 4721 4792 1075 119 3050 6237 2413 6001 4091 7880 1429 2327 1668 9007
489 7904 2228 7500 6762 9640 876 7510 4324 6011 1562 7499 7452 1554 4372 8020 5449 7742 5072
490 2711 9039 359 8636 9022 1664 6713 754 8056 7848 6744 7088
491 2974 5633 7250 2079 2105 4271 4042 2490 714 3041 6334 1593 3877
492 2256 1604 4969 5107 4965 419 4163 7536 4587 8918 4326 8005 9139 1134 3936
493 6164 669 6053 4677 9028 5662 9116 9872 3827 7817 5710 5056 6334 3432 427 2962
494 3811 9935 7295 305 6040 482 4902 6809 336 4744 1396 155 6101 8248 5412
495 5081 7664 330 9541 4078 5326 8757 2002 8509 5702 9638 5726 932 133 2577 6163 5997
496 7134 2981 5649 3672 1881 6444 7755 1937 5024 1841 9354 2791 9930 7762 3894 321
497 7663 5392 4137 9170 1745 9085 1331 9851 3291 4948 2910 8005
498 2730 3895 6501 1325 2426 3005 442 8792 6222 1907 2031 1262 9443 155 3320 6054 3012
499 7903 381 3658 6902 9764 1597 3330 8600 1892 6924 7530 8980 7413
