100
0 5246 3 30 3511 5136 166 5469 2978 7013 186 2340 4589 123 279 1208 5561 7301 339 1512 774 13 2509 717 5820 5675 5414 2288 5046 179 568 36 1799 8 316 120
1 93 101 8738 1137 8600 281 756 1558 257 237 358 1265 600 8414 4460 288 2428 1579 19 2108 5359 32 965 422 38 36 264 1030 2825 2841 731 1572 3198 1495
2 3 3006 181 46 145 889 9 825 3577 83 950 757 6854 178 29 221 390 104 805 66 208 219 1185 40 1 2810 5782 2059 388 370 3244
3 86 6329 3659 8 5803 1362 6064 28 419 72 106 1314 122 92 304 562 1062 5519 182 6284 29 2067 31 1370 210 1337 70 3 108 360 268
4 5774 1515 2436 963 57 37 6147 25 6913 433 136 165 568 133 258 235 111 278 402 6629 64 580 160 84 228 740 155 2478 1482
5 637 11 2163 937 66 8767 2151 1693 3513 2337 195 208 1014 71 6797 81 44 2301 539 361 3161 65 1051 1688 622 678 48 763 28 7234 1173
6 465 5161 283 67 24 4732 213 2220 427 804 135 352 173 644 6702 8132 17 62 7395 8704 21 203 445 1266 856 1147 7373 3299 2076 554
7 4848 303 6031 848 807 170 5429 4752 1315 1590 5222 380 6 167 331 3548 485 948 398 66 151 1576 1296 3500 1100 87 246 73 4362 2983 1021 332 1959 6662 1748 63 355 184
8 6555 343 125 2622 5186 2491 275 179 79 3059 35 1735 855 97 26 815 4885 412 3932 4316 537 45 2627 3969 157 2171 261 916 4517 169 18 408 126 8614 300 78 3389
9 293 174 1756 676 95 938 187 656 99 219 2652 88 5641 951 2973 122 9442 297 6234 31 412 38 73 216 59 217 1449 2024 6729 475 121 114 65 4390 176 138
10 3430 3252 103 129 1361 119 200 5170 15 652 12 94 1079 41 4386 934 2496 6912 662 71 3712 152 0 160 458 694 8992 455 2852 268 316 120 8 155 138 2848 5926 1737
11 760 1889 117 6820 475 1566 159 309 37 98 302 664 46 5689 40 9 9359 2433 371 61 772 377 296 7986 2904 1894 4838 653 328 210 2507 132 4630 15 1296 121 1876 3317 1384 3849
12 7182 439 168 533 878 3751 3983 595 39 213 5634 546 267 452 1395 60 747 251 2657 2222 161 613 4302 731 202 162 118 628 221 66 55 37 608 77 280 6234 389 65 5381 554 138
13 34 251 207 172 607 2285 1 2852 269 183 597 82 4620 3209 36 4336 3525 796 6952 186 6131 5902 2509 7918 740 414 5446 74 77 307 139 114 4994 7242 5482
14 1866 2247 846 60 1235 89 181 880 4244 250 320 11 54 1035 302 51 223 229 154 100 8486 9225 659 211 3528 129 13 28 5791 107 442 2153 138
15 358 131 296 541 309 442 3194 231 49 9040 1272 1506 1721 2295 470 4632 63 589 119 32 628 162 2 19 240 2477 4914 2769 87 8692 1080 1515 601 1345 60 1225 2552 330 290 404 2291 138
16 35 450 506 7791 1811 417 6630 25 1579 256 276 9843 2751 3 90 916 291 278 1136 1278 49 393 490 5795 191 762 3715 290 4371
17 454 94 5893 759 4278 1710 346 435 42 3900 19 23 665 3274 21 7818 96 12 633 2202 247 83 3735 510 29 15 5278 215 318 8015 602 285 1352 3923 6049
18 79 417 119 3272 102 413 1197 122 998 742 143 18 231 9 1849 105 1171 2416 365 4160 17 469 450 2404 728 3623 1251 646 5901 273 1226 4275 6756 647 7084 120 686 138
19 67 1119 194 245 775 8150 2266 1072 981 55 344 32 250 236 345 92 96 9134 3 15 4063 2193 9768 7463 253 153 338 3797 8006 746 9718 309 27 252 708
20 26 148 1290 2979 247 5154 210 1039 406 214 9798 137 250 676 280 7606 516 27 935 655 20 105 206 1005 82 9562 561 669 0 379 336 158 9519 1168 3317 1058 41 7347 805 595 120 5526
21 606 4 4319 4001 7325 4350 3839 145 875 7316 1865 59 343 2142 845 292 866 462 33 54 124 46 29 101 976 93 358 1510 138 2848 2264
22 96 49 442 462 173 89 822 6731 168 584 230 458 933 66 133 60 2045 59 843 354 31 47 1966 3009 2000 316 81 9425 6747 1805 193 793 650 166 3211 1310 9517 1290 7624 708
23 2568 122 5120 375 567 1828 10 70 1271 3989 4162 325 6480 5604 174 244 32 1407 95 750 611 947 3648 457 4482 11 1087 8116 650 6698
24 186 330 40 3301 1217 181 25 641 4908 5052 65 21 4824 323 769 42 75 74 1011 2812 390 363 111 145 3433 203 1012 10 542 3124 31 725 6238 1195 1412 1572 2060 708
25 109 2546 342 9677 1 409 1293 13 463 249 807 226 1490 21 1859 757 127 2191 952 106 602 6943 113 44 1126 2494 5532 27 577 2737 176 1482 69
26 406 1027 328 469 1127 3730 597 278 71 561 4051 92 36 6137 21 39 714 5361 67 99 179 5005 42 1532 25 1388 353 280 501 8 4090 554 3110 3767
27 286 5812 411 984 2960 25 212 3266 295 1137 105 37 12 53 574 513 4152 9262 2014 283 9085 767 77 487 265 51 2928 1754 3179 431 414 121 468 2889
28 6424 11 332 557 1140 8103 130 156 218 85 6785 34 7590 2329 337 77 2576 321 43 932 374 619 55 88 1008 4299 318 338 1788 117 4364 5526 708 1263
29 2684 67 41 1389 350 5020 391 37 1099 143 2212 180 448 9357 153 6438 5 197 360 437 17 182 158 723 1461 268 780 127 196 793 176
30 51 715 288 24 1963 4325 0 431 8427 247 9360 67 163 3943 10 5417 1906 3 2078 707 55 1610 4514 9 56 7774 137 3895 492 93 4801 155
31 30 323 7924 4032 581 143 9607 853 101 1288 205 32 0 3349 420 493 66 189 83 2191 356 980 2360 282 507 2805 1783 709 138 2486
32 2882 861 3458 272 1150 301 830 148 1865 402 309 645 1663 217 209 975 554 83 264 1000 232 960 15 114 7971 180 842 1506 135 900 105 268 1741 544 2968 8 655 138 5921
33 1 9 6697 3699 602 8488 1011 7387 539 16 5294 3790 188 940 2233 19 419 231 358 509 3119 15 3563 347 961 2444 5167 1414 4120 179 1216 60 88 30 298 176 6698 2848 3097
34 154 5084 6523 38 2096 1921 204 1080 44 53 776 114 233 2542 333 1269 34 45 3949 926 885 88 19 5490 28 8044 6354 1 124 4995 159 4761 487 455 1147 1620 2612
35 1150 763 96 49 128 310 212 5 969 114 953 229 519 1504 4613 2516 1363 3560 975 29 1782 52 1260 2581 1653 899 72 140 53 12 138 1165 1065 69 3923 8450
36 1919 989 5001 3535 84 7748 48 1886 60 4984 3604 4662 208 1052 1698 998 396 1080 1323 784 1638 246 332 1404 45 122 163 8454 4654 1783 1936 80 2147 4688 126 63 709 2591
37 3140 322 412 6755 395 15 18 514 866 594 106 363 69 4659 57 6130 587 371 1446 1089 2469 137 118 1985 76 7367 5597 17 2430 4096 706 2096 340 198 2147 176 126 155 968 1737 3097 1263
38 2992 119 408 7764 1239 3926 21 129 130 81 45 56 174 8516 607 582 1041 6229 7776 842 8131 172 459 1882 2334 3313 3444 7977 8801 22 6412 206 252
39 322 94 701 189 56 99 2128 796 169 632 7593 3813 750 1481 2688 979 130 879 421 192 1973 506 393 1082 678 2 245 790 2990 22 355
40 388 273 317 23 982 282 190 1275 521 6044 957 777 160 85 265 83 1880 4146 239 1570 3858 63 20 4928 168 3561 49 230 375 3345 14 914 300 135 69 355 5668
41 1837 2014 5688 1044 181 54 214 422 1815 38 8586 1442 9678 2759 351 553 1511 254 215 321 365 2147 53 2961 179 1626 7672 197 1572 2153 4247
42 490 284 34 908 1729 1514 159 3790 4408 2228 4225 9561 2005 331 1027 1489 6398 23 1880 119 9749 6 38 53 441 1611 63 2415 328 32 141 176 432 3172 9517
43 3016 213 803 446 134 314 1408 237 231 1190 325 180 415 124 110 1988 409 591 785 170 74 1598 27 890 1704 800 1721 5376 1552 798 2261 336 1035 1056 1510 7712
44 10 332 5014 164 77 2091 1610 7 43 202 214 1051 9 25 256 2951 4089 6044 20 498 2575 1826 162 197 2196 146 109 650 1213 34 151 2785 29 1106 348 27 138 1954 1263
45 4211 42 278 193 5999 509 462 44 107 131 6661 57 279 253 671 226 69 156 2 1078 112 424 190 984 3158 517 255 2524 1351 752 37 309 18 1803 5539 2965 5667 12 24 139 554 1917 1502 7055
46 1932 0 445 59 1142 8585 1474 133 42 438 1108 46 5412 4581 1166 644 9338 422 425 7135 1567 267 70 22 248 1460 7600 968
47 4146 641 30 9017 17 8055 670 3541 790 170 8901 1336 2437 3646 4549 70 587 1074 3227 190 1264 36 5564 2654 38 77 180 53 33 7275 229 549 5990 583 2264 138 1495
48 3684 9 5728 2863 366 25 218 28 3692 124 96 74 4821 79 1371 248 2825 8616 2920 1260 2988 315 1653 134 6336 300 8326 357 9433 147 389 1344 330 3561 1312 583
49 8973 272 419 297 1959 88 123 646 42 6137 9957 35 7718 235 3236 1752 7970 259 476 2239 483 1074 1909 5221 6012 344 4164 471 529 836 316 186 14 19 708
50 591 36 228 444 21 41 85 140 390 391 20 491 100 11 3222 4380 1942 178 188 2941 1085 3775 54 24 240 14 723 2787 6737 4242 356 2664 95 118 4347 121 1482 3244
51 9234 33 8783 213 6 23 4705 597 788 4606 288 966 9 22 2410 63 200 508 1728 159 725 334 1989 2420 4847 53 383 6237 1224 3586 198 246 5 70 14 1417 3824 197 5031 977
52 47 384 239 1601 4025 6514 6001 310 18 365 23 753 2190 3761 16 2327 5625 1361 1950 248 30 676 2088 724 381 2702 467 6171 145 7895 243 120 5851
53 6 3038 4 100 1434 62 161 2135 724 2052 8512 11 187 243 2218 8629 251 23 2262 91 1428 755 1353 2195 2473 248 60 8 20 313 6094 3828 332 2859 356 236
54 571 68 2251 31 772 354 249 715 4184 1607 402 6043 2638 2099 2650 5195 52 19 84 89 139 56 9957 854 2 2000 33 9019 335 9763 4511 72 1697 138
55 173 1246 7062 946 258 3815 6149 463 208 239 412 1459 1106 2078 167 4 22 1902 154 298 2913 735 5233 245 195 4625 4281 138 1077 6887
56 391 108 2431 2282 1913 2051 179 8114 44 799 6348 3796 8702 1697 5566 1591 719 62 9742 2451 58 4452 1075 20 190 635 680 1406 292 632 7815 1566 91 481 5276 121 1184 3756 2264 1502
57 456 2883 2458 4859 5724 619 2683 1595 1706 136 69 83 9566 20 2062 287 5797 372 378 51 4241 24 3784 5 3017 75 5801 7591 4858 4618 410 797 3975
58 4104 5850 1378 264 550 1866 2986 101 4685 148 99 70 134 8076 4474 3768 1902 6604 437 2619 128 4133 909 936 224 329 175 760 396 6571 73 22 475 4895 121 1587 860 3110
59 8601 6408 3843 225 2187 1429 64 22 1728 11 1264 1566 216 2295 2479 902 127 82 189 2980 762 605 58 10 70 585 933 34 4184 41 2692 139 9 494 8450
60 715 544 240 56 16 4459 130 298 626 106 808 139 7876 352 340 105 76 970 4421 69 103 3456 2013 0 58 143 516 111 8 238 39 90 75 82 123 2371 797
61 137 7559 81 2609 91 362 688 1824 762 266 323 48 30 45 97 60 1699 253 480 239 8272 65 41 2134 349 6748 374 5431 2836 1262 804 779 11 62 404
62 68 7181 9203 22 601 278 38 6226 2745 659 210 25 127 3 209 132 106 120 9208 11 60 3753 5507 3704 67 6831 8 306 772 5931 583 7624 1263 1310
63 36 327 4264 6834 9574 5368 907 5329 2178 1283 188 46 7820 5127 57 56 3 251 96 1991 660 881 3100 135 0 3249 425 409 534 759 2158 293 900 708
64 24 13 1397 216 397 6229 52 2152 6655 111 1215 7589 5038 1503 856 1443 43 689 412 452 6949 3395 6258 55 1128 342 3 2343 42 168 299 3032 176 1737
65 55 818 323 2894 308 488 46 1635 1257 119 129 192 34 183 908 1628 637 13 85 562 29 12 3654 43 1 3420 1073 299
66 3535 7027 6558 131 21 56 1413 90 8688 237 7658 6684 107 2169 851 1424 230 524 55 3257 71 2282 2491 1318 600 1642 49 1010 352 109 27 119 2198 6656
67 2132 1863 779 1843 1623 375 1956 19 2195 18 891 229 2706 3689 519 511 2098 3056 503 7687 76 941 1582 27 8401 9493 91 173 131 116 200 2052 139 120 2148 1290
68 4798 1 360 1993 490 1333 93 1866 194 73 265 1000 592 108 76 629 315 85 70 2681 162 6423 47 54 6035 138
69 762 141 1593 1499 427 1883 1119 388 62 1279 358 109 8180 276 47 245 3561 54 8 756 13 3520 6767 2177 7231 7 1446 1061 119 99 8004 1628 6169 53 3710 778 4152 873 6165
70 292 248 1407 11 281 179 43 20 31 4674 4942 337 4875 324 1673 4850 17 9311 2373 3790 339 1320 6677 7546 66 145 142 15 122 2298 132 6979 126
71 255 42 54 34 549 98 399 799 971 37 97 179 142 698 1841 5165 2738 401 1123 99 546 248 125 41 9906 1065 470 13 506 4361 2591 968
72 2094 327 324 194 7797 477 79 399 465 347 1758 51 48 234 2 76 3358 3164 2611 502 158 505 946 1509 72 1967 136 633 1571 6126 138
73 16 9547 65 2878 110 54 1311 9 3 1 609 99 21 180 6359 50 252 4680 74 46 7702 33 637 380 268 1232 115 178 1039 1495 308 1845 5479
74 2385 264 8365 234 435 625 517 3502 64 1210 1401 58 621 1332 659 184 992 9295 36 2522 148 1979 6450 1026 145 2 170 2156 5792 8875 134 196 2048 9471 117 2967 37 914 1754 41 6097 6696 8938 63 1583 968
75 302 447 253 161 235 89 553 100 4809 73 346 145 222 4221 1106 659 65 64 648 976 159 4009 2840 774 112 10 1765 557 69 19 1862 256 298 209 3478 489 735 9138 120 199 1671
76 43 3228 455 103 128 245 3279 48 47 35 556 108 129 305 458 46 73 94 0 137 100 246 691 1342 6288 104 542 114 28 577 155 869 2060 900 867
77 8733 244 433 81 4138 5350 21 207 161 2 1130 1593 651 2657 173 134 499 24 2517 76 168 273 16 2942 222 19 447 217 635 1407 78 8466 6745 1888 3591 426
78 50 1156 39 1042 1948 233 1959 1438 3324 35 1677 5834 1152 1967 885 1105 25 422 1686 152 17 2664 4477 2579 45 126 6 15 218 1402 3700 13 1506 1452 1951 1310
79 36 2377 5520 1097 816 185 847 5773 456 733 195 3969 93 50 66 1207 3950 943 505 20 157 481 100 673 1027 270 1709 230 164 131
80 248 12 1165 2795 55 116 118 2456 28 545 7473 1932 916 231 8672 49 227 2634 104 2415 298 213 16 106 448 1991 977 176
81 205 178 3879 7195 277 259 245 6847 497 363 100 1027 359 27 2423 173 700 7481 51 715 194 50 9593 1627 3044 64 161 559 766 528 167 308 803 869
82 334 20 45 216 25 369 4478 978 184 7981 266 100 395 295 348 2739 72 508 115 208 822 84 1300 6043 42 5882 460 524 7064 1983 341 360 189 152 1671 155 138 3097 9584
83 45 54 118 59 742 3293 2791 6205 7287 8518 890 147 514 8428 7122 86 66 3946 319 2413 60 62 3175 97 862 5196 589 3769 1377 2460 78 152 1679 69 3975
84 418 2184 1624 9952 827 125 1233 2126 268 2227 8702 691 5178 4619 216 141 1414 83 4864 1391 672 2292 5562 6307 328 147 357 1575 1891 305 906 974 9335
85 3559 2065 4240 912 758 226 2052 48 115 67 2562 338 5605 1393 113 83 1909 409 78 9609 5371 81 666 2730 417 2397 525 231 1312 138
86 500 2051 33 2221 238 1757 218 351 1896 2987 1121 9041 1318 96 79 1340 726 281 538 3354 3526 112 11 257 837 199 3137 0 156 2019 669 178 6087 636 152 485 2818 859
87 180 1368 505 104 4227 4040 3053 6614 8949 6779 4048 6052 97 91 949 2498 6045 176 2334 425 2594 2482 1009 3160 82 26 1725 451 1 293 152 677
88 47 1583 21 117 6025 3915 672 7777 1503 42 19 24 169 1591 5778 92 216 2475 5731 539 510 1571 1017 3400 95 3488 13 182 527 928 248 1053 6 211 9 5546
89 2527 4971 60 169 682 498 1861 8579 1459 260 1201 436 4618 4793 378 8244 997 4048 3894 912 2886 62 13 240 12 142 1601 1975 5350 3774 867
90 3223 1071 6160 4479 2209 1808 76 1828 655 141 3814 158 155 238 8461 1110 1776 4329 452 7266 322 92 1462 3977 17 3022 610 98 287 720 218 7245 691 1260 102 4171 3198 2899
91 651 663 8088 84 4370 2665 15 4 3003 164 55 5275 443 42 142 2477 60 407 4148 327 473 19 49 414 114 210 30 103 6018 739 654 6005 151 1746 228 970 534 1066 104 1091 121 184 3244 859 138 1671
92 40 585 1054 68 4630 2360 25 121 475 141 8444 364 8948 715 590 1456 105 906 170 147 257 2696 6166 1073 2078 169 75 20 50 3676 1334 1958 3097 176
93 103 213 250 1058 29 2408 107 403 47 4 9556 669 854 1010 2739 1859 2493 15 276 7315 142 415 81 312 79 1245 12 1152 72 62
94 4271 978 757 60 133 222 697 576 1142 1627 4657 414 1 5909 2254 488 653 7956 102 132 178 8766 791 8729 31 262 7040 4850 171 27 28
95 3893 130 0 652 2348 3033 110 79 50 209 65 26 5161 82 6074 3751 3692 313 4238 47 3151 454 188 565 2897 4791 1268 218 432 126 138 554
96 962 3881 36 329 4757 92 219 243 3013 1867 189 147 2087 5447 3424 48 114 4560 77 1489 115 54 4044 109 2195 721 480 212 3 27 1442 523 2644 2330 509 252 7 229 2240 8 4656 120 138
97 670 14 99 519 1478 658 413 212 1258 61 1992 1002 960 278 358 1938 6 411 168 249 32 285 4301 44 3397 18 510 230 691 7433 51 405 2282 490 6102 4142 1954
98 205 1487 106 42 40 179 410 23 157 1658 175 13 5748 6400 556 56 5645 6201 1636 1672 9782 7243 6546 41 757 170 649 1736 236 927 915 1161 3097
99 7 1966 8 2498 1209 933 37 168 7497 3881 117 5197 303 21 2478 5863 599 4552 13 362 113 1889 8044 97 286 199 155 41 1648 1756 33 1702 178 1541 409 310 5160 953 67 3110 549 138 686
