3 0 134 285
4 167 51 113 205
2 180 221
2 36 104
5 65 66 69 291 289
4 179 20 187 258
3 116 122 149
3 34 76 143
4 164 115 30 153
2 54 85
4 99 23 176 212
3 87 155 292
4 184 118 100 216
3 41 16 294
2 75 257
3 110 201 277
4 72 35 246 288
3 7 90 1
3 80 195 262
2 88 112
4 4 119 299 280
3 8 5 209
3 161 220 208
4 24 237 84 43
2 127 83
3 13 193 276
3 133 47 249
3 162 77 168
3 210 124 203
2 62 135
4 159 186 199 228
3 136 67 282
2 95 252
4 58 55 254 227
3 92 178 297
3 137 78 200
3 15 232 269
2 107 151
3 74 173 283
4 56 147 154 293
3 144 142 265
2 150 233
3 225 10 281
4 18 182 234 183
4 60 71 267 296
2 156 261
3 125 123 287
4 44 139 215 278
3 38 42 235
2 19 49
2 63 94
3 129 81 33
3 57 219 270
2 21 148
2 79 141
2 224 271
2 91 12
3 226 218 284
3 39 9 181
2 96 158
4 188 31 238 274
3 174 97 190
2 214 243
4 53 197 165 242
5 32 17 120 231 273
3 29 138 247
3 128 98 295
3 172 140 241
4 146 211 166 239
4 28 45 132 230
2 102 126
2 121 248
2 40 106
6 217 46 52 253 268 298
3 204 175 244
3 14 37 266
4 222 22 101 108
3 202 145 251
2 82 206
2 68 256
3 64 48 198
2 157 196
3 50 130 103
2 185 260
3 26 93 59
4 111 255 286 272
3 3 70 290
3 27 169 250
3 207 2 223
3 170 192 279
2 61 152
3 86 114 105
3 177 189 236
4 191 6 194 240
3 109 131 245
3 160 229 259
2 11 213
3 89 163 263
3 117 25 275
3 73 171 264
