23 1209 135 6475 225 7171 9075 3203 7907 9077 8444 10 5767 4430 4963 471 6362 5549 73 6594 3012 5108 2615 9840
23 6466 1030 1804 6503 5660 5835 7726 586 3501 2153 6785 6604 3395 1183 2572 5612 1987 1825 3612 7069 9783 9880 5975
20 5018 1363 4914 2240 2760 4582 6459 2611 5852 5906 1925 5820 4422 5410 7606 9793 6294 7766 5317 9723
24 2519 9503 2464 7425 9388 4113 7542 484 7462 8437 5258 8170 6988 8625 4633 7617 4813 3945 2152 8001 7223 9572 8073 8967
39 4525 864 8187 704 3785 1391 8401 1639 501 399 678 6625 1416 8427 2733 6091 4917 858 5414 3941 6411 1645 6546 1898 7881 7937 9616 9256 719 9976 9847 549 1105 7957 9449 7913 3693 7468 4559
20 88 2357 8274 7337 1453 4089 130 6451 6452 4217 4970 3234 305 6510 2428 4465 1356 9097 9129 1880
25 4309 3017 8421 3775 6081 1179 7221 2893 3534 8129 6734 8583 6324 3217 3089 9551 9414 1039 9343 8899 3040 1059 6035 8397 1319
23 5970 9627 5719 3112 9537 7010 4638 2234 680 2532 7914 1493 2500 6545 6395 5707 3864 8825 7165 778 8535 9583 8253
22 4839 3572 7446 4450 4773 2614 4106 6116 4982 7720 2183 7550 4576 5015 3720 2747 5825 4013 7049 8594 5851 6427
25 187 6804 419 5957 982 46 175 118 523 7078 852 473 1567 996 7706 2918 5989 324 8451 1295 5474 4987 9632 9856 4100
20 1066 190 3773 7994 1422 4921 2089 991 6325 8317 813 6506 8483 8802 148 2767 2492 7527 8389 4646
30 5335 3208 5996 4630 4016 3807 531 871 2875 5372 395 3977 618 4590 22 7646 3013 6588 7247 8859 4672 7359 3343 9146 3097 9772 789 6150 1803 7948
27 8175 902 9562 3270 611 8642 156 3986 575 7819 467 7397 7504 7868 2101 9500 5927 9036 7300 6195 8205 9210 7742 8217 8946 9973 9677
21 7965 2899 9030 6402 7643 5481 5268 283 3832 3391 1502 96 3006 393 2902 4691 9095 5900 8981 9909 2541
22 2432 2512 1240 6601 3513 4355 9226 7654 3454 2837 4368 3010 6928 2283 3472 8056 4363 5737 9834 4192 8341 4793
28 6002 5948 945 720 5888 5503 7548 5170 2270 1045 4456 4263 3877 7125 4876 9009 9531 2028 5053 7241 9013 2993 9650 4350 6271 6613 3704 1143
20 8292 3050 5453 3940 2948 4209 6292 7651 8325 2682 8241 9201 1704 44 3427 5683 5533 3631 5827 4588
27 7475 699 1054 2896 2857 4594 8148 5519 1317 8976 8656 2461 3244 1025 6309 3109 3456 6792 8834 944 6273 9499 7459 9588 9998 9942 89
25 2920 7156 2455 7085 3433 2343 5278 3404 5810 3553 6267 3523 3096 3933 9149 6383 3037 2503 3886 3644 8404 4476 8911 2171 2346
27 4094 6123 2791 8462 3426 8995 5576 7903 2693 8601 8855 3511 1974 748 3823 1049 9468 8781 8706 8423 308 6019 8641 5672 6914 8570 1190
25 3629 5535 326 7193 2320 458 4689 9240 6312 7192 1035 2832 5103 1076 8355 5667 1043 5718 8327 6750 2840 6208 7379 3381 7678
24 677 696 5425 849 3759 5564 1944 8307 232 5689 7551 2485 4771 4954 3019 1793 8456 1812 7413 7391 811 3313 6127 7200
24 6670 8786 2442 5690 6491 5967 285 9043 3011 2414 7886 217 1017 2371 7306 2071 1915 204 421 4820 5538 9618 6576 7506
40 1757 248 4703 846 1281 7315 2054 8182 776 3763 4521 7917 7942 179 6028 5669 9220 1003 1861 5137 6031 9913 8878 1178 1560 2015 7936 563 768 3578 7862 6039 1563 6913 3321 3708 7716 6912 8227 7376
25 5440 9666 6125 4615 5713 4724 1912 8339 3077 4002 1499 6442 6948 9653 2476 7487 3464 4791 7964 1288 5150 4479 3021 8526 9372
21 2571 5393 6765 4940 4384 4828 5608 6378 9397 8842 5383 8944 3794 6826 4413 5130 9014 3264 9281 9900 8192
25 1900 2520 8440 9042 6893 990 7569 7924 11 6983 4567 9275 7302 1237 4827 7030 418 5897 4808 5661 8163 136 4000 6181 7408
21 2735 7572 5732 7595 5702 7014 8481 6692 6755 4573 6109 3268 4129 7681 1467 8602 8249 4348 9796 1347 8605
23 2465 9556 7690 9678 6132 8945 9106 947 4212 149 8569 2892 5738 7056 4640 5276 5489 1536 8463 2770 4538 9312 4838
28 4078 8803 4639 6172 550 8212 6622 4874 7418 4619 3736 7571 2124 8678 5787 5407 296 4731 3688 8102 9452 9805 9680 8173 8190 1390 9917 7632
25 8310 6199 6741 6360 2245 4938 5241 7103 9623 6301 7220 5704 8539 6006 1618 3337 5126 1517 2096 7863 4641 5334 9794 6157 8949
23 4008 4781 9282 3605 4101 6078 4398 7770 5569 402 6684 3137 8153 6802 8215 6524 7157 788 8488 4741 962 9812 2212
21 303 3603 6985 7856 3839 4247 6677 4981 9330 5694 8264 155 727 7212 5918 5624 6725 455 6795 1709 2951
21 1335 6875 4782 241 6407 7169 2525 1393 612 2561 7461 2739 5463 9236 5961 3488 2145 6348 4243 7068 6090
25 1315 8548 2440 9135 3532 8644 7764 2846 8446 2034 8492 8025 7018 9194 738 1596 2403 4822 4306 6688 3322 188 3229 9732 2481
25 9707 5856 7430 5234 3958 8597 5579 2220 2958 538 3292 7978 6471 4222 520 3485 5755 6723 5354 6107 7310 8613 3611 4983 4528
23 5299 2006 615 9109 7513 1198 2601 7004 9593 7734 1322 5905 2549 5884 2136 1129 8091 8363 1001 8301 7672 9817 6665
23 6783 1984 6752 7000 7162 5116 2174 8691 6642 2722 7626 5552 812 8048 3164 4671 8752 6005 1180 5857 9665 3702 5281
20 3607 6200 8785 4270 3421 1799 4642 2882 103 5482 3178 7854 5784 1437 8866 3797 8156 8147 8244 6018
24 5497 2641 5710 9104 1272 8445 6589 7576 2680 7918 2859 5292 5166 2451 6215 160 1268 6957 7694 755 5895 2300 9687 3709
24 7463 817 7248 2409 1352 5045 509 7793 5154 3027 7098 6282 8052 4837 2483 593 99 4519 9296 4079 1652 9961 5754 7600
23 672 3758 7686 5082 2790 5998 2444 9498 6858 2017 9447 8498 9053 7736 5691 5555 5251 623 9307 8396 4042 9854 1376
21 4377 1492 2881 6809 5279 8266 1264 2933 3139 5908 253 4438 7892 1798 7826 7307 6788 2698 2075 9908 4321
24 6412 168 596 3325 4989 387 2829 5768 3356 5537 5502 9350 1906 8875 3306 1754 5974 9058 9336 7568 327 8732 6300 5969
28 2135 4455 417 4656 2126 3657 1193 8871 9299 8755 6574 9112 3777 7721 3018 5574 3183 6640 2488 9200 6700 1683 6147 4790 2659 2117 9652 8661
28 2949 9191 4225 5477 7492 6989 9133 7532 4924 3846 3213 2634 7417 7124 6347 4166 8734 5774 3728 9203 746 8487 9782 757 5408 3643 9885 7581
26 1543 5746 8309 8868 6705 2033 7344 4884 1981 1592 5340 2231 7177 8473 8623 6500 416 7431 597 4474 258 8726 9039 6818 9712 7464
26 3156 4511 7277 7411 2797 6757 1259 4802 7791 5184 9363 6372 6256 7828 8635 5935 2764 317 5436 3589 9624 9985 1874 9996 7575 7015
22 9393 6110 4184 1729 6512 553 1176 1946 5651 6396 3919 2150 5863 2616 1712 3504 2491 8482 5508 7058 8906 6499
25 1515 2782 6886 7941 5001 1924 1911 6138 6047 6083 1050 6945 4560 1851 5585 9342 8287 1360 4670 2962 7859 2836 9831 4950 2177
25 1992 6029 8614 6967 8300 1504 8072 3339 5104 9224 7321 6318 6947 9518 4933 571 6049 2759 1120 5077 4140 9573 9548 9565 4604
25 7928 9087 2539 8747 6089 8780 9219 5385 3536 3374 7291 5331 2968 5096 6209 131 6876 3931 2113 70 3218 9766 4415 9987 9040
23 4435 1111 403 4300 4227 9566 4293 4211 8901 3924 1123 8289 5191 8593 7521 6572 5807 4148 229 4823 3528 9968 3760
28 6822 150 7883 8236 671 9202 159 374 1595 6925 3722 5391 8442 441 7652 3764 3301 6355 452 9746 6573 2100 1318 8964 873 6377 9907 218
22 6689 3990 35 6313 711 8038 1921 4075 7999 5093 3483 6224 1623 6586 3653 429 6435 5599 7017 8019 7932 6463
27 2009 7867 6638 127 2395 5792 6681 8819 4890 8524 1629 2279 8887 9853 2988 9855 2800 1333 8144 2391 3250 4162 7356 2658 8135 9541 2709
28 8640 9320 5636 3199 552 1181 5008 4734 3282 6038 8250 5558 9506 9295 1950 9096 7667 6166 9124 7423 6390 2905 7814 828 1020 9948 9807 2528
24 3869 9246 1200 4250 1222 8615 2543 6850 724 8177 6540 2354 6704 3158 5638 960 8180 2815 5536 8690 1055 6593 4320 4949
28 3253 6951 5511 4806 5601 5837 4623 6106 6203 4279 386 7708 4804 1535 3908 5339 1916 653 5266 1675 3766 8836 1148 2608 5586 9779 7275 9787
20 474 511 6580 1459 8598 6908 1964 5326 7923 337 7358 2131 1419 9390 7163 797 9317 7375 9474 773
22 5868 933 6101 2362 8018 9370 1392 2037 122 2684 9400 2030 1678 604 6599 5461 5252 1479 3656 1139 9322 1140
20 3090 1326 708 6476 8288 350 7094 2284 4370 6303 9310 981 2692 4083 6007 667 5443 3134 7722 9377
24 837 5500 1628 8671 826 4552 4871 5105 8534 8745 5320 9293 63 8117 3900 1172 9465 5926 4267 447 6997 9413 9921 9960
26 7429 892 9543 172 146 6719 8617 7187 6910 7529 2990 5956 877 6754 2587 1155 4385 4931 5749 8385 4296 2322 2691 9879 7143 3861
25 84 5510 6450 601 5433 9234 8782 8312 959 7701 7326 5565 6874 3628 4754 2971 1687 5505 6071 1442 2326 8424 4103 4177 9865
22 3055 1252 660 7041 8263 5451 15 2599 8343 2197 7543 851 6320 631 555 9340 7977 9446 2329 1418 5509 8553
28 423 5818 9412 655 2570 4585 6196 657 7037 6963 4893 4060 17 8199 941 1370 577 3730 1174 642 7324 5932 7869 4149 3719 3619 8999 1545
28 7956 8382 989 5650 4400 5310 4031 121 1069 7381 1591 1236 3406 5675 6174 2334 7378 5378 3803 4814 3486 3626 3676 8083 2163 9958 9789 8730
24 2695 9705 3047 102 3970 821 4397 1568 8624 916 201 8844 3091 4169 2807 1374 8275 2423 5361 3617 9866 9757 8940 9925
27 3442 502 4957 4485 6784 9440 7564 5074 8193 1876 5172 1668 260 3331 4681 3076 8469 9399 6278 3071 6349 7985 1082 4955 8905 9971 3751
24 48 1655 5656 6380 8486 9073 7422 4019 3474 3574 151 5600 970 1786 8357 7295 995 5138 2286 795 6467 9881 9756 7835
28 1097 7428 3411 4376 8796 3732 9475 4503 2809 7998 7796 2715 4454 7313 6478 5186 3320 7639 6954 2830 3180 7311 472 2848 9802 9480 9950 8563
24 1305 6849 533 5036 709 8800 1820 2086 2804 7627 1075 6020 8672 9119 3771 1877 1899 5581 3518 2243 6439 9778 9963 8968
23 4742 3236 4196 98 2059 4344 7873 524 1396 2631 8817 8068 7528 1007 9178 2822 4242 2847 3069 3458 976 7271 5441
20 1273 428 3789 921 2192 7120 3463 7363 9239 1053 4762 4738 6949 3934 7989 3957 5758 9729 9663 2251
27 2356 3138 9164 2060 380 8058 2040 8918 9247 740 3065 8242 5220 4097 6077 1632 340 9174 5775 4416 3492 6968 1472 5501 9533 9713 5376
29 4601 5237 3717 8575 5799 3338 5770 1292 4394 4562 4906 4647 8920 1068 7371 3526 8839 7426 3837 602 2833 3080 3378 8897 1892 325 8171 2237 9047
30 6263 2293 435 5674 7769 6161 2901 3436 7440 5004 6897 5849 3448 5203 6651 3953 7450 6285 1585 3042 5230 9679 9090 9495 9586 8991 9751 9570 1016 289
23 7399 6003 6454 161 4858 3621 808 9230 7560 4460 964 6561 1894 5528 3243 6535 7369 2521 2259 3046 6191 7142 5705
21 9003 2915 977 7816 1282 8293 4988 1649 9244 5747 6869 6671 7244 4193 8913 9196 1141 5865 8618 8497 9418
30 568 3108 5779 7092 3949 8667 1612 7266 1822 9292 2213 4259 7016 6763 7072 1611 339 1657 1556 2005 9439 2252 8877 7818 7138 4057 5471 9719 9720 1922
22 5934 7557 9617 2187 8560 949 8316 2874 3597 9444 8049 7106 1670 8365 1659 1336 7052 5978 8374 9717 8568 5985
25 5192 7792 5748 6000 3493 1250 4696 7515 7794 1748 4087 2765 9848 1375 2493 6611 7421 4367 7803 8797 9198 4844 9391 8080 4818
21 5693 8823 1491 1627 9158 1257 137 6495 3142 1672 5605 2617 3725 3125 1542 7044 2592 1962 6761 9992 3824
22 4379 4246 1723 6182 2473 2290 7931 8926 93 4845 6061 8495 5456 2894 8231 269 6153 763 1573 7252 9861 8340
27 9084 8536 475 4966 930 4130 9408 1476 365 6696 1814 4852 6590 5524 3412 1548 1648 2650 2723 9417 7739 2703 3224 5294 9376 9919 4530
21 4090 5698 3921 378 3393 1790 7659 4688 5529 5309 7582 1463 7107 6180 3060 1895 4774 1847 4069 9915 2758
25 2720 328 5507 267 2831 993 6082 459 4249 736 7599 3330 8461 5078 8634 8255 2562 8685 5242 1669 2679 2280 2019 5652 3341
21 2247 3512 7847 5951 7837 1872 4496 9358 5139 361 6286 114 7838 5355 3363 4275 5431 4568 8331 5412 4022
30 5324 3317 57 6652 9033 6597 2264 7647 6926 4682 1471 1253 7071 3385 7003 7105 1691 6472 7485 6770 1658 4729 7026 9646 2456 8980 6507 6342 9301 9257
20 8731 3510 1 3315 5394 714 3045 4382 8476 815 4439 7644 4313 4444 2435 2474 8622 9786 9754 7655
26 3817 7129 493 4704 2667 4879 4498 1692 1598 6722 8935 333 9318 4831 7622 8443 5200 8315 6369 4401 3265 6405 9522 9749 9964 1844
26 6277 8566 1685 3770 4441 2315 7164 6171 6339 2190 3660 4870 94 4526 5149 2232 9445 860 5207 1903 7269 6717 7789 9860 8348 3539
22 700 1142 6703 9180 691 5514 8659 8450 9085 4489 356 2719 6117 8234 5498 312 3604 2098 5563 7146 1854 4325
20 7070 3188 9511 2997 6251 6907 3547 5976 3078 2749 8286 9204 2872 3515 5141 4962 4156 9067 9251 437
27 519 5491 7876 9182 4593 5405 4147 2228 7865 3925 1073 3613 7969 8436 8002 551 207 7308 5673 7705 8636 6635 6481 557 7484 9582 7760
27 8518 9473 5466 3632 9100 6657 1348 890 880 2546 9682 4478 8896 7855 7887 4425 6010 5634 4463 8216 4286 7641 9153 9983 9456 9936 9770
22 1867 8588 2663 9392 6218 9298 3606 6488 4457 7570 242 1026 2381 7670 3034 747 7290 4354 6118 7758 1736 1546
24 4758 4673 5627 751 6346 3904 2907 6519 2633 5734 34 8050 7517 1971 8202 8066 2853 2629 4785 3543 4160 9354 7265 7110
22 7861 8435 2495 607 5437 5040 7194 3893 684 6289 3000 4900 7910 1744 7338 1303 3780 1865 3064 3883 6603 7362
25 6663 7927 3840 7386 1846 7048 1875 8764 8775 4547 4442 9111 8013 2871 5330 3911 228 2746 307 5949 8959 4846 7346 6735 9459
23 4494 2399 3566 1189 7715 5099 4722 6240 2850 6008 4276 227 850 2666 9529 3899 7437 13 7042 8350 7767 9932 9984
23 6815 7451 8573 4141 772 147 2023 7749 9022 8748 8811 4032 3982 8161 5570 8394 3683 1128 6015 2408 2664 9863 1037
31 606 6457 315 6128 2180 767 9089 1656 8974 4312 2189 2062 4715 1163 3788 9455 3954 4431 4226 4310 6840 622 7088 2928 2649 8464 9761 6111 9797 8114 6517
24 5445 2784 9255 6742 3420 376 7555 3584 3561 8826 2636 2596 7189 6131 3820 7970 6768 4283 7676 2697 7235 5265 8139 807
20 2883 1421 8973 9284 2122 4651 6861 26 4345 668 162 6328 5397 5946 8240 5812 2516 8631 9726 7775
28 713 9316 8915 1175 8259 1415 987 4472 918 9366 184 963 5568 4389 6315 110 2469 9063 1426 251 7601 5562 498 9890 4717 211 7196 4011
25 7499 5387 1530 41 5663 2352 7438 388 5864 7260 6707 1622 2336 2676 5546 3357 5609 5750 4231 2457 5063 1945 4636 8812 9520
21 1138 2074 7916 2406 4068 6462 5778 8438 5789 1673 8417 6310 9098 3876 4589 265 488 6384 4936 9943 9829
23 6381 5699 3537 2360 3646 2292 1166 2439 3625 1132 1485 1451 2038 3806 3516 7279 7416 3529 6151 6257 1558 7885 1067
27 2316 5049 2031 91 4497 377 4824 7021 6122 9080 8165 7388 3662 6254 1099 9088 7170 7539 899 5731 2224 1826 6364 391 3812 3964 8596
21 4059 2123 2425 782 1667 5287 2115 6134 4625 4947 2903 5850 3634 8769 4229 6099 4324 6365 3588 9484 1821
22 6901 5282 4029 8378 97 3750 3121 126 1519 5722 8252 8889 6666 2454 5145 2725 8919 6844 4540 6911 634 9403
26 9305 7512 5777 8085 4764 2673 3867 6386 8814 3328 6728 239 4173 4468 124 2496 75 3407 4934 371 1599 8098 9476 8908 8822 5742
29 8477 608 4064 3554 9116 617 9242 1864 4244 2841 1810 8225 1420 3 9384 8513 7820 7661 9102 1413 367 8095 4445 4393 4554 263 2225 2619 3207
24 2917 2642 8955 292 5043 3434 1004 2241 2319 3494 7735 2943 3004 4373 9603 8611 6440 650 5429 4901 5876 1646 9621 3890
23 4058 5756 1355 8555 9132 1521 5933 7898 6234 836 3438 6791 2858 9094 79 783 9168 8311 6559 2016 4065 6222 5982
27 5235 5359 8285 2635 4297 992 7043 2702 3425 4821 5005 1914 1727 450 4501 3639 3956 838 4304 7845 6992 764 5272 1570 8808 5637 9436
20 3549 4910 7574 6903 4403 369 8237 8460 3699 4597 470 7973 6937 8977 6259 4580 6514 5080 9941 1284
53 4071 1177 1365 1110 5465 2082 5314 6043 5168 2646 7852 827 2801 7264 6330 7954 8352 8089 3390 1088 9504 6403 7109 7013 3696 7005 8773 7270 2581 3580 8890 4948 8758 9550 3654 6321 1269 9121 4644 2176 3647 8965 2297 666 1194 8711 3358 8290 3147 6745 7108 5991 9924
18 3307 2143 4863 1474 397 819 4443 4903 5357 5739 1666 2510 2262 8507 6782 424 5809 6583
31 4618 8484 2536 2401 8219 6446 8110 3793 2095 1896 9701 3210 4073 6187 9331 6149 5522 7400 8522 6549 4609 8514 2970 927 2211 2656 1207 1304 1891 9231 9765
24 5424 2714 2780 1201 984 254 6416 4340 2129 214 9269 4152 2763 6553 6428 2014 410 5209 7008 662 9259 8337 9739 23
33 769 1407 9401 6307 8351 3938 152 4913 4965 7305 2498 6602 7635 5128 3926 781 7084 5800 1759 3627 5735 3520 7166 2289 3032 9656 4084 7347 8447 499 4467 1970 5480
20 7401 965 4666 2119 7629 9438 355 4533 1513 1289 5945 6623 7139 3835 8684 6421 1408 805 9585 2308
38 7929 4657 3102 9027 7915 7614 9302 2175 1277 186 682 973 3081 3810 8934 9189 1602 8120 8789 9733 5771 9382 2754 6009 7561 7952 9187 9813 332 5920 950 7097 8079 9576 9394 9205 9862 4241
28 6916 9052 47 1845 2377 5764 6211 7935 9758 7538 4237 456 4801 6337 4513 2701 625 7473 5013 8818 6468 60 3140 5839 82 3929 7902 3936
26 3555 3601 3083 7787 6814 9165 4888 9516 7339 1791 7384 8646 2437 7718 42 4004 2699 903 7895 7519 6941 9781 2880 1931 7784 6753
22 5300 6455 5377 494 5941 2021 2109 1078 2834 8077 6144 9173 5190 1161 5814 2888 1680 4996 9635 3478 9270 9360
26 5086 4537 718 9492 5263 8804 64 8694 3305 8494 2835 683 515 5475 5195 8528 9235 2127 1526 7127 4697 4909 6721 9822 3530 1555
28 5860 9347 8902 6305 1239 2966 3752 3894 4033 8591 4251 4898 8233 2018 1608 9590 8295 2550 3405 759 1261 2208 9809 9857 9722 9981 6618 3729
27 6695 2838 3989 1550 8042 4171 3784 4617 8485 1248 4787 9143 4473 8549 288 5483 1730 5275 7050 145 5399 7603 4364 8701 8604 8881 8330
20 117 6155 5917 8151 1942 3157 1787 561 129 2254 2003 7304 5843 1694 7947 5604 6870 5828 8472 5296
22 2061 9011 1294 3669 2548 3672 866 8986 8335 27 9122 9034 2001 8053 8454 6373 9454 2839 3289 9988 8546 4138
28 3167 3779 8831 5830 6902 3505 6253 5092 134 2793 6055 6162 5993 5315 7067 6022 8333 3415 2886 1147 86 7002 5848 1929 9228 1208 8245 9940
26 6706 2106 8224 8128 9410 643 8562 2479 490 5016 2344 223 8181 5119 1975 2824 3800 9580 8222 7184 5545 2926 6353 4727 9953 9154
21 4855 7687 4194 5686 7692 8116 674 6297 4012 1525 50 3376 3897 1816 6354 4864 8579 5248 329 8904 1023
36 273 109 7471 1100 7580 4733 7203 6971 6188 544 6905 4111 5486 1041 4359 5098 2085 5111 5772 6040 7963 3248 7888 2594 5055 5854 5390 9406 8835 318 9872 6247 2717 9628 9349 641
25 1040 4658 2653 8164 6865 9303 5692 4235 4335 4631 8651 8318 6497 1397 6760 8132 3922 7717 9486 635 1677 3723 9884 9952 943
26 3371 3200 5783 1324 2527 1589 4114 6821 7394 9643 9185 3495 1901 8680 7345 9699 5916 5144 630 8441 9792 5057 2862 5631 9151 9249
23 5717 2382 8876 6283 6367 3874 65 3753 5911 7707 5984 6086 7420 750 362 7577 7719 5398 1150 9724 9887 9844 5968
29 3855 8629 565 1634 8228 3952 1330 2622 8551 6423 5259 1516 6975 5729 4289 2688 3538 9211 7029 8658 6448 2318 8943 3652 4273 8770 8921 8373 9223
27 3444 6329 726 6856 7208 529 8665 8214 463 5201 5582 9355 7520 5639 2932 8405 36 9057 2598 7219 587 3892 1134 9808 6562 5736 9970
33 4307 1860 8637 483 4652 6213 2924 6962 3811 4515 4768 6505 6137 7549 1262 9017 2222 2579 373 3350 4375 259 5434 3620 8792 9469 6645 4973 4629 8298 8938 6484 180
32 6724 2537 2077 3082 8595 5009 6930 7830 1199 6982 1275 4549 1566 7699 888 2342 2379 2985 469 8735 2200 4047 9313 8708 734 6607 9851 6245 9524 6825 4500 6960
30 222 4414 3461 4761 5495 2355 5014 3731 2935 279 2956 2950 2068 3912 5419 487 1329 9695 3726 6781 2929 3254 810 3184 7303 392 9536 9875 3324 9451
24 6228 4154 3057 7477 5426 6140 1012 4358 4388 449 3873 250 2524 878 8660 4427 2716 4230 56 1699 8377 9552 4772 5254
26 7040 1090 6220 6244 1480 7501 2740 663 5274 7076 3397 2545 3419 4678 4943 1242 4391 3727 3971 6051 1306 8957 9828 3739 9252 9997
27 1005 9559 3666 8530 7232 3194 2209 8798 4539 3573 37 8166 4919 3674 8387 7160 4030 7033 9206 1354 3310 1958 4446 5125 7419 9886 3086
25 3988 2230 856 2160 105 4449 3757 4669 9103 8169 276 7285 1769 1775 1764 5924 4288 7083 1813 6993 5476 3279 9416 8895 3870
25 2559 6884 3022 1745 74 1561 6064 8544 5249 5243 6854 7405 5217 5607 4333 4448 2146 4577 6302 9290 4522 3500 465 6917 5780
20 6807 4223 5540 2651 8094 3429 1831 5801 6891 676 7982 7299 6787 6371 389 8332 9472 8952 9608 3367
25 6831 2511 9696 4410 6523 8761 636 8767 733 6996 2087 7063 4360 8297 9032 2953 3063 2339 3460 8130 2730 4683 4592 1927 7972
25 8703 5060 481 6575 6698 5160 3946 1417 9324 2863 6810 8616 2142 8221 5270 2514 3581 1484 4967 913 2806 1559 9026 9991 1751
23 4894 5990 5369 9297 3616 3051 39 816 1031 7790 8565 5257 4889 6918 404 4680 5467 2301 5224 3718 4716 8693 4471
28 5769 3294 7224 4291 1733 2802 2884 4699 2558 716 9319 2042 5786 7217 8779 1889 8828 8744 8985 8206 5871 3950 7938 9061 707 9367 1009 4417
42 9325 7585 3842 7382 5228 2661 1098 8645 52 5901 1448 3907 3141 453 2563 3813 8821 3927 4239 8712 6653 427 8925 12 1972 1230 1510 2813 9409 1776 9291 1697 9830 9926 8816 6563 7380 9130 9832 9532 4972 8422
28 920 2963 7546 7628 595 5298 6838 893 5411 3714 2947 9193 3920 9327 43 2111 5229 4534 6401 7530 3762 1454 8552 5244 9775 9969 3193 6319
26 8395 3947 7434 2696 5457 2065 5709 8550 4718 2205 6833 1042 1719 1989 4262 4155 632 7925 2471 6646 2168 1506 5544 4134 2007 2053
29 2576 7398 3354 1949 3165 4206 7370 4564 6104 5880 1154 6829 5575 9086 2274 9386 1996 5363 5206 9404 140 5162 6950 3035 845 8612 3880 6994 384
23 29 3430 2781 7746 8506 8815 1988 4429 3130 6504 3379 2282 6555 2569 9107 9615 2823 58 9609 5697 7664 9167 8571
19 8950 4115 2217 2011 1643 4784 4856 7205 614 5350 3590 3506 3998 4763 8411 3591 7825 8620 8402
22 6198 5017 3663 8118 7811 7176 8741 153 2398 7179 2263 5898 5325 2013 2196 4695 5029 3346 9859 5171 8322 8119
27 9216 3866 4088 2927 4595 2173 1271 8988 9407 6167 2978 125 1165 7486 334 7771 7491 8036 1848 9771 8313 6093 295 6479 9092 9229 9753
29 961 7230 7102 1686 8167 7829 8533 5907 3079 8545 8993 1982 8197 154 2365 6827 3401 7738 2489 2022 5671 891 804 9184 9461 3562 8966 9356 5919
25 6961 4575 8338 8521 4404 7682 1475 4046 9328 2402 3163 693 1554 1274 3309 4922 4743 9568 6177 3836 758 2227 8131 9478 5444
24 4842 5214 7870 3453 9265 6237 5452 4939 6953 256 6130 6530 735 2542 605 2223 5960 3095 4905 5616 8453 8883 9818 3225
26 372 2538 6409 6133 6832 3782 1771 6799 7507 1065 1920 5271 1011 4395 2820 1858 6394 7261 7959 436 7831 9311 3984 4145 7836 7061
31 9283 874 2916 5766 7777 5087 3211 3610 5442 5389 3241 5308 4993 1116 6923 500 5966 309 7752 7893 5118 9398 4596 2798 314 3571 6492 7533 9482 1192 5573
23 2869 6410 8059 3232 454 9006 3316 112 2762 6859 525 505 4240 5338 8707 8145 1728 8858 234 3535 2597 6065 4941
23 8329 5954 9127 4213 6727 5635 1320 731 8381 2494 4732 3955 2380 1241 4668 7905 6685 5413 1377 8375 7404 9264 4796
23 5716 8055 7465 8146 6771 4024 7933 5910 1688 3377 8304 2462 45 5038 4600 5836 2103 2253 4904 8113 4082 9989 8947
27 9140 4109 5285 9345 3190 3290 294 2648 1188 698 8344 1932 4517 824 4579 1401 8084 3831 1928 4676 4545 2689 5348 2449 2724 9395 7122
24 375 8784 4396 6261 1746 3228 8662 6306 5216 8127 5525 9060 8399 8643 5085 5797 3143 4977 430 6458 9172 7267 9946 7432
27 4150 4349 1106 2434 2044 1985 5526 5567 8159 9000 3992 928 8360 5805 2405 6557 7225 6236 4132 9266 8320 4531 1290 675 9700 7662 9483
22 24 6877 6352 7685 4007 5853 7118 106 1364 5306 5929 6486 1597 6790 2378 4015 3297 4998 9123 3559 8218 8793
24 4143 4428 457 881 508 5782 670 2580 5384 7958 2010 2419 7443 4999 6797 1483 4447 5867 221 8468 679 4432 9708 5059
25 585 7116 661 7086 506 4880 629 5632 3031 695 4518 4136 8247 8039 8201 8466 4926 5290 5322 1961 8185 20 5606 9321 6591
23 5341 8715 7312 1460 6480 8953 8502 4121 5284 3242 870 7280 4142 7074 8100 2458 637 8279 4606 5370 9791 8810 1893
26 957 199 8034 645 5994 8051 2670 8067 510 6543 2816 3713 6568 6878 4598 6551 8639 3348 6046 1594 8607 4 7161 8813 9767 7684
22 8962 209 9527 9564 1160 777 2383 8916 6146 4135 2350 4849 5823 9352 2779 4287 5831 937 1074 4281 9569 240
25 2986 2626 5205 1221 5662 7456 2867 7222 5556 7046 7099 2447 7961 2868 5938 5438 7038 5423 9648 6959 9811 2618 4745 2125 6143
19 2008 7249 8554 7246 1311 7697 5610 1819 6774 2396 694 9597 8720 264 1021 1586 9329 3519 3827
30 9581 4794 6942 761 6280 546 934 4353 2607 3295 2309 7750 1741 9337 3939 7047 2965 5706 8457 6095 5454 5641 9873 9432 5435 5623 1327 6221 6094 8326
23 1664 2957 8133 8155 5695 6062 8033 5630 5473 2137 5262 2443 1125 9348 9218 2214 71 8702 438 1522 1006 6207 6889
25 2912 5654 5182 3583 5409 5260 7407 7389 3556 7842 4232 4565 2242 2517 2803 8537 6867 9051 7349 8790 7748 3928 7472 7454 4301
28 4637 4164 5212 9795 3370 5422 1232 120 6197 7262 6415 5032 6176 213 6490 1265 6860 7545 4975 3094 411 6287 2210 9120 1642 8600 4937 835
21 268 1186 6570 1169 4895 6904 2218 4698 2186 7995 8753 5010 5752 3932 4556 1809 2610 170 247 5518 3272
28 5885 1489 3176 5668 8367 1631 775 715 4907 3498 2417 6290 7547 9706 1357 997 801 1171 3361 5633 8349 7634 1219 349 7154 5819 9362 2412
26 3149 400 5303 986 3098 9222 8505 6898 5794 173 3521 3136 7703 3177 4574 7213 5972 3260 3898 6944 7424 4018 2964 8475 8334 5404
23 3281 1524 4035 896 5838 7466 7080 235 1834 1905 8359 2522 7333 496 1732 5762 2460 6317 6979 2411 9882 9750 9977
21 2941 2422 1997 9018 2654 1338 1584 6775 2923 4265 6469 3961 80 6072 4151 2070 3041 3335 6518 7059 8886
27 489 5089 3991 8791 3993 1613 3829 319 2375 7132 3212 512 4218 619 3960 331 4252 1661 7495 8880 7158 2307 9010 6569 3690 5132 5914
26 3103 8209 8370 5054 85 5374 6999 4685 9421 7788 5000 7578 6841 4581 7 1063 4797 123 7540 7202 2157 9387 5293 6769 9929 9906
26 4346 8302 3105 3058 8768 7665 8493 8186 6708 2501 4805 77 6025 5183 1469 3935 3943 569 3548 5129 5521 8380 5977 4929 8532 5071
23 4214 2967 6584 5366 6630 4074 3340 7879 3856 1351 2873 7238 5468 5542 167 3189 6341 6872 4510 6521 9892 8722 9918
19 3030 4003 1349 3227 3905 2151 7368 1382 3283 4740 2708 7890 4175 1091 3020 5813 464 6647 1381
22 1888 6206 5621 3482 8028 8688 5042 2506 3256 4025 1119 6980 1742 7559 4434 1868 2193 7476 1247 142 8900 3088
25 157 9137 8574 7666 2982 1369 8869 1302 8099 1283 4464 875 1373 2162 1107 3996 9008 1739 6631 1052 2463 2981 9138 9897 5903
28 541 4208 4875 381 422 177 7445 7724 6909 7334 6406 3392 3053 3796 9233 7032 4946 3223 765 8756 4766 5345 2606 6434 5458 2755 5236 1027
25 6115 1879 6265 2577 8742 7282 9424 9268 4566 5041 5532 4789 4730 7960 5595 3768 1540 3100 6449 6096 7057 1823 8556 9898 310
32 7141 5113 7082 9045 1500 4205 8998 4406 194 2340 7583 1444 7541 760 4719 9261 6233 6976 8235 1133 8696 5204 383 2073 7131 3724 8847 9638 5307 9944 6879 8679
27 2020 1113 1797 5088 4971 8026 3443 8383 3416 3473 6977 4165 6126 5196 5261 7185 2647 725 9069 6501 3641 431 398 9630 8910 7065 6834
25 9523 1024 6425 2333 9276 244 3901 2397 1603 6857 7077 6444 9727 1291 4621 8006 3151 2202 8418 6108 2998 2134 9673 8064 1114
24 445 9806 2992 1684 823 2404 1412 138 7490 8400 238 7944 385 116 8845 7623 2574 8663 176 5896 5547 6063 9578 4736
25 7318 3368 3502 4792 3648 4653 1541 1255 4378 304 7615 3551 7875 6385 2149 7480 3804 3658 6964 4504 5469 5003 3111 6614 2812
25 741 3951 4635 8681 7253 1511 659 1117 1960 6605 1772 1999 4512 7330 8885 5940 1122 7317 6136 197 8391 6073 2410 9599 408
22 8675 6747 6192 9105 1046 7778 6036 3948 7288 6773 803 1298 1919 504 2194 7283 5846 8648 6158 2818 4172 6600
26 1833 4255 3802 2045 3133 485 8296 7488 2713 4487 909 5233 2084 6777 6847 9598 5277 1089 2792 3056 5044 8541 6595 9430 9471 5478
24 297 7975 3066 5428 7642 6098 6566 8126 4770 5733 8015 5590 2158 5115 4488 38 6183 712 7834 8865 1701 8700 9315 492
20 4687 3833 1509 2128 3862 865 5134 3487 985 8778 8041 1440 6100 1028 4753 1544 6087 9423 9951 4411
23 3471 3786 1640 1601 4481 1109 9288 3044 3308 5804 3201 6281 3568 8729 1388 9245 5492 3179 6445 898 1705 9759 6544
20 5381 8892 4245 2984 6056 8963 924 7237 6513 183 9605 3344 7858 1126 2302 1619 7673 8718 9841 2851
23 55 2166 2470 2954 4282 6389 8872 1501 4407 6823 5506 7844 3303 7055 9309 6482 8232 749 8884 144 7441 8777 1146
32 6541 4028 9375 3418 4274 6596 4330 1395 2116 7531 2413 7322 591 8531 1434 5327 1571 7257 7833 7880 4220 5415 9514 9799 4066 7993 9306 6012 6340 9209 4744 7773
24 1528 2942 2657 1503 6538 7096 6737 249 7610 293 7385 8954 1505 8846 2195 8794 3273 9434 7183 1579 6716 9957 9671 7621
27 8420 6068 8346 2056 1331 4195 40 4062 6848 2332 5872 6205 4902 4739 6376 8354 3563 5588 7478 4484 2879 3871 3987 4883 6 7650 1216
25 8520 7737 7211 7901 2640 8984 1309 9611 929 6793 2854 6556 3747 8390 8525 4816 6351 346 4402 14 2908 5455 2441 6801 978
24 4495 7319 2181 1762 4756 4584 7296 4093 8673 8763 2876 521 2466 1205 7126 5450 8657 9 3522 7943 2169 3650 3711 3638
26 1993 5006 7255 1835 9070 5356 1096 6085 7743 1450 2996 4452 7753 6276 1103 9715 573 5822 7469 9676 1514 8226 9776 5841 8827 872
22 1978 2112 1325 516 3765 4426 3999 732 8361 2700 7797 8697 6169 1385 3084 49 8183 4918 8 2922 6264 1159
23 6649 3976 3816 5678 141 2407 6699 3323 5396 2351 1856 6691 9161 2533 915 4542 3128 5659 3863 4338 626 8251 8047
28 8559 3826 2690 6173 3622 867 4654 4851 1217 6612 4076 5645 4362 7023 7159 8894 5869 2046 7412 4077 7951 7011 2508 9769 8609 8882 5557 2099
24 9207 3579 3329 4080 2207 952 1197 938 543 2861 8299 53 7786 3342 1578 1811 468 9197 6343 9280 4735 7393 9662 8719
31 1353 1228 1580 4409 5169 8023 8428 2526 1394 4316 3359 7839 9389 2752 5648 1080 7878 791 901 4126 5058 8941 9517 3969 9625 3740 9557 9923 9731 7150 4483
22 8406 1651 6547 4356 7316 1774 3039 9542 5052 1965 8439 5336 291 6284 7776 6796 5095 3637 8078 2055 6060 9914
24 9626 7210 7226 8529 3099 8864 4470 728 1314 1857 2093 2687 6938 1083 62 4757 6097 2114 7953 1452 3126 1204 7731 2866
21 5902 8021 448 7840 3439 7727 576 2768 8121 5110 4755 784 6701 6598 3671 1191 8106 3994 3569 1108 9686
24 5598 5189 9487 6966 3261 2121 2272 8150 527 5417 3686 1057 1446 4650 451 2826 6899 9814 5148 4308 790 7714 8958 9868
28 3743 1625 9634 6357 4099 1644 5031 536 133 6581 9335 2712 4191 5321 8124 7481 6477 9371 5342 5931 4622 1135 8184 5649 5245 6965 2418 5553
26 3025 2436 7567 4602 66 3062 5915 3499 1679 3645 3222 6414 7605 363 609 2475 3882 9426 1086 3677 9369 5449 3110 8740 8512 5589
23 8728 4421 665 2235 330 8523 6579 3896 3694 3767 262 2727 5185 4994 9467 2786 3107 1226 8069 9801 9734 9959 8276
23 5304 5358 128 4285 3036 7191 6659 2393 9160 6609 9460 6142 2389 8496 1610 1878 6291 7112 3858 2845 8101 8975 7218
30 7640 3029 3602 6764 1465 1557 169 3477 300 5100 2921 3509 1934 8960 5470 2644 3630 220 6154 270 5781 882 7696 3681 9277 8674 4277 1923 4280 4329
29 1735 4112 3565 8989 8112 4986 4930 1211 8075 6179 1532 6103 6883 3593 6830 7365 4122 6687 7144 8619 7343 8647 6664 1293 6210 2273 9697 9644 4390
29 5406 4546 8774 5892 4587 5584 3205 9054 1461 7178 692 3595 3101 3352 6027 4674 7272 2199 1405 6577 5142 2637 1663 2138 8057 7073 7813 9978 1427
21 2429 4959 2742 4405 3531 193 6885 7987 5658 5904 1749 745 5759 426 4751 1582 7524 3286 5571 9755 4419
25 6160 5829 2952 7636 1859 2885 8416 7231 1681 8004 4351 370 4850 1457 4655 2306 9443 4726 1279 341 8838 3586 9545 9899 4469
23 7877 4170 7314 1902 4366 6426 6391 754 4692 495 5763 2555 4341 3884 9491 7054 1481 7350 3781 3860 994 9081 6129
25 610 7104 6327 7882 178 7081 4767 2534 2452 9136 8009 3682 7500 3383 7851 5297 6408 2704 4702 1077 7436 7173 9688 9867 1344
23 61 8277 210 9429 7263 2072 847 2796 2808 8649 3447 3508 8704 7625 3033 479 9622 8666 7281 3838 3043 9357 4070
25 1724 1588 2338 907 2260 1943 7366 7967 8627 2345 5958 7588 1486 4514 2088 4216 2002 6489 8364 3287 3441 7649 9558 1316 5513
30 3239 1630 6493 1852 7243 9657 1079 2930 2753 8062 6932 7920 2769 1383 5986 6608 2995 7725 9059 3517 7908 9308 3192 7544 911 401 5653 4124 9513 1956
23 2313 8459 7874 32 4749 4664 3974 2630 2959 8576 1926 1824 6675 7656 8196 2974 4386 2083 446 4383 301 6170 9954
22 6633 8254 415 7498 5176 800 7353 9079 3387 7590 7470 6690 3226 3600 6616 4723 9241 980 7115 9836 9664 1439
19 8840 8040 6356 7479 1721 21 8031 3152 7723 3844 1432 6624 5788 1490 4728 1473 2271 9435 7613
21 9411 2426 4202 8937 252 7415 7392 8650 517 6387 4176 5152 7992 1549 3872 3003 5311 6212 616 8879 9186
26 8587 4661 2305 3414 5050 7278 8272 5123 8491 3285 8136 6375 8470 9163 1976 3061 287 2120 4298 2353 107 4049 3857 5723 9790 6515
23 3564 8262 8426 7934 1152 8324 7693 7691 6114 613 2913 2081 8065 861 8479 246 2564 6693 1195 5714 1410 5842 5067
24 2278 3196 5487 1276 2167 9199 7562 5323 4634 5534 6683 518 4092 6539 3360 5215 9253 5121 9690 1731 9507 7733 7367 2855
27 5402 2711 5541 6141 4034 3247 4163 2766 2468 8721 9113 6298 8347 6001 7360 4708 2811 345 5515 2643 5051 8371 8429 321 181 9612 3202
26 6694 839 5751 4256 542 4224 6920 6184 806 3399 1743 974 3214 5288 7254 2328 564 9271 3015 5806 4752 9614 6016 9510 5316 4006
23 5161 1313 9738 2852 7604 6746 857 9157 9534 6042 6483 5882 6079 5333 2484 6232 5197 7087 7991 4040 7093 4548 2486
29 6424 825 5135 8652 230 412 6262 9718 6030 6738 1423 7031 1244 8837 5617 8589 6112 3975 5862 4352 1778 368 7355 3362 9845 1959 9965 364 9803
21 9020 5743 6420 313 883 5062 2390 1781 3455 1853 347 829 7658 1788 8384 5494 5179 4865 9934 9041 7284
27 3168 3129 7602 7683 9477 7019 2164 7045 3450 4675 4440 3251 8750 1286 6314 8305 3209 6934 4380 2628 1014 9396 2130 224 31 6531 3288
27 8509 1986 6398 1587 6956 1768 6041 2909 7502 4543 4747 3979 7653 9431 6532 5496 2050 7181 1112 5269 4976 9214 3618 3466 9928 9975 7453
24 8564 4207 832 7276 1081 6882 7145 2645 2805 8143 1572 4336 8757 5488 925 8751 1285 900 5760 2540 3380 9821 3689 7410
28 6952 1605 8979 3910 4137 3119 7762 7822 9823 4550 4096 1702 7552 9442 9181 3599 7695 4342 5403 7980 2625 3633 8452 7289 4268 9703 8278 8982
21 5222 284 2741 8806 1660 6437 5208 1308 2144 2789 3195 8829 1780 1766 4095 5146 3819 5485 8517 8936 2359
21 4098 7677 6634 8379 969 2156 9433 1756 9843 3413 7250 6660 8592 5066 4412 5883 8087 3120 5070 9894 3298
24 2327 206 975 5566 1386 8772 4645 5382 8799 7755 7566 5122 2244 3756 5106 5255 3889 9294 4570 8211 5318 1343 2777 7522
21 4882 3596 6756 1508 8191 7113 912 3776 3913 2567 5950 4603 1881 6074 9493 9215 794 8710 3985 9780 1000
26 8204 3795 3191 3366 4017 6331 2048 6223 3174 2844 914 2785 1358 6145 7199 9332 664 5644 7950 7035 8043 9560 3185 3259 9714 9693
24 6361 1013 5757 1908 6648 2394 3675 9238 7624 3182 7090 5625 2215 723 6214 4466 4760 1600 3533 5874 796 2544 9838 8303
21 3692 200 6186 4493 9272 3735 1428 4992 4915 4039 2728 5346 9099 5151 1202 9596 6981 7335 8122 8356 9903
23 7293 166 2975 1518 2140 4021 1441 9458 2906 8987 1871 6820 1296 786 7976 6637 2091 9076 440 4811 2530 1713 8082
22 4788 4720 354 2291 8510 9379 8540 5640 8141 7962 2239 2889 8393 5264 1482 6334 8717 1983 6748 3664 7680 3161
22 5343 8653 5724 5899 9526 3673 4167 6726 4569 9162 7974 2584 8668 5199 7979 7053 1367 2337 5543 9774 9764 2191
24 580 482 5158 4872 599 6915 3854 8007 3221 9547 3353 1124 743 6661 603 6487 2870 4995 5937 566 1378 7988 8016 1015
23 3457 7768 7174 7633 6248 3070 4248 6824 8749 2358 5687 9021 2069 3162 480 4261 1064 8123 3386 6808 9448 9945 7458
31 583 8020 1223 3885 3542 2105 4958 115 1710 9208 7806 8268 4825 6846 7292 2936 7155 8709 1196 5795 7607 2744 9689 4968 8138 6241 8867 7779 3291 1002 5983
27 1815 3891 4807 8854 646 9035 560 5844 1752 2513 6866 8705 1832 1229 6709 868 9093 5153 5030 7204 7079 3349 443 2238 3408 6333 9530
23 4536 5517 9464 1256 8542 2612 4499 4219 6873 1340 5360 6175 6812 7233 6084 5834 7946 1497 762 7133 2586 9826 3560
25 394 6658 9602 5025 9575 3636 4063 1779 5878 624 4746 2348 972 7616 7121 1615 4294 5127 2604 8174 2583 4451 1758 5859 3252
28 6456 8328 854 8860 3798 7493 6345 2179 4086 5583 5587 6778 6995 4572 5765 3695 4707 2472 1149 1234 1633 3749 9962 9645 9972 9737 5344 1817
24 5027 7320 4502 3475 5375 1937 2110 4085 5039 639 4198 8969 6560 6720 4480 5028 522 7744 5889 2090 8898 8154 8097 2269
23 7711 5712 1496 9647 1299 7926 9114 3123 958 4188 6803 6758 4817 6759 4527 460 5613 4174 4611 2172 3801 6678 3491
21 2774 7373 5952 2842 9441 9015 9150 1307 8669 8246 2236 7240 3467 6050 6732 143 8142 1969 685 594 2265
23 554 7180 5554 2783 6729 7729 8820 6059 9213 6862 1266 1058 5963 752 2331 1574 7671 6895 108 5446 4725 8909 9346
25 8179 3821 7172 3615 9273 6344 8103 3075 2154 1534 3808 545 4423 1696 9188 3059 3642 3558 1144 5011 1488 8044 5953 9567 6686
25 8698 9128 8198 6021 6034 8030 5193 1947 9800 9351 4985 2148 9170 4945 3706 192 4271 5740 7523 4896 2219 2277 2819 7095 2660
27 7064 2681 1267 6526 3451 8257 2206 2104 2504 6366 7024 4978 3233 1136 7800 3452 917 2029 1703 8655 2925 4315 2683 8008 6288 8917 476
25 19 1372 7553 4107 6762 5211 7645 5097 3262 3980 1828 4505 628 7022 4783 3678 2182 4061 5833 2321 7001 3514 1300 3145 2669
22 7229 4867 3875 2856 3319 1215 9177 5995 7894 3761 5527 592 1551 6219 5980 3431 7526 1478 4337 3825 9642 7482
22 219 5112 6239 3906 6399 7207 163 793 6743 3847 1047 4810 5530 2575 2363 8759 4563 4841 7409 2376 382 6190
27 6780 4693 5516 9538 2585 1738 5603 1531 4343 83 9110 5730 547 5681 3577 9488 9050 5594 5392 191 2310 4257 7996 1547 4120 3269 9044
26 1866 8410 6927 9263 3909 7843 1464 2268 8961 6655 9237 7331 2294 8003 8922 8771 988 3048 1380 8321 4418 3742 5665 8933 5155 2445
24 7849 4648 2132 5238 8500 2366 5247 4044 1130 4067 72 8873 4461 5614 1056 6887 6275 2734 4408 3422 18 9083 9837 7025
31 3667 1689 3915 208 2076 2505 8686 1429 7167 7594 4690 9023 7062 171 2311 3336 6525 2257 358 5873 6516 6011 6702 5845 729 8265 4803 5504 9383 9709 8111
26 6656 1593 9267 5539 4862 7984 6379 1368 6730 9490 6436 7101 5157 4571 335 4524 3171 2347 2987 2976 4795 3304 8654 3480 8281 6744
29 7455 6786 3490 9620 3435 8737 1455 4969 4159 4453 3293 3159 855 4102 2590 2672 3834 1032 2066 9016 2743 4616 6368 5239 7751 59 2627 4381 4868
24 2507 3334 3215 3373 7197 7516 2 1980 282 433 2994 6679 8081 1214 5997 5246 9007 562 5198 1841 1254 4750 8538 4317
25 7028 7648 7323 1792 6216 7342 2547 3496 4055 5180 8074 7402 999 1933 359 9825 503 904 8455 4599 1991 316 8606 9227 7609
23 8086 3073 9450 9419 942 6013 2515 2184 7866 4964 537 9148 3437 5611 8930 226 3852 5776 756 3712 1805 9606 8071
24 9698 8557 3830 1963 572 4605 7812 352 2052 9333 1310 7195 4932 6564 3131 8208 8267 8515 3106 4054 2773 8924 9788 7433
33 5971 1010 4020 8504 9858 6163 979 8743 1328 274 6629 9428 2632 701 9425 5696 6432 3440 2891 7827 2775 8942 4179 705 8398 5942 3369 5202 8939 1653 7783 9784 6238
25 6529 8157 1777 2919 9062 3754 275 1897 774 2364 1885 1650 7439 7258 6295 848 8012 4462 3423 6417 8893 535 638 9156 1855
28 6418 6053 8682 2776 7745 7309 8638 5256 5289 4667 6880 6682 9152 7377 7012 6400 6370 5936 4023 3023 971 6817 2133 4490 6260 9554 5646 8581
26 1883 9544 6338 1260 5352 3364 1620 3895 1104 2910 5133 6772 1435 2433 2420 3144 1036 7841 3166 2094 16 6246 6881 2203 8010 7206
25 9166 5034 7236 119 8419 6119 1968 81 1431 8516 1145 3299 8841 539 5448 8805 7332 3733 7268 540 3238 3903 9980 7679 766
24 7810 271 4228 7448 8851 7857 4014 2737 889 1342 9683 2102 5930 5319 548 4928 1952 5688 2794 6644 9883 9982 9893 6311
23 7186 6159 2147 3778 6582 7940 4459 1072 3738 905 158 1737 8269 1280 8683 6998 6088 8372 6585 9131 9725 4925 9528
20 7709 5295 3117 7971 2370 1402 5785 7871 8676 2980 4960 8392 4254 4492 6520 4779 8210 9502 9904 2430
25 4475 9353 2551 6672 833 9141 6619 4272 3150 7352 4529 7930 3118 8983 3814 7740 1495 8282 7896 1137 9485 7579 6024 8585 4027
21 8489 8203 6710 7494 8695 4328 2898 6800 2938 6806 9361 894 4144 4051 1238 351 4516 3028 8561 6511 9993
23 2531 2788 4920 830 4139 2745 7457 7508 3007 1967 2710 7741 1092 2890 4253 3944 9339 5131 1935 5973 8862 6578 9055
23 6843 8848 497 5913 1458 6178 4221 6779 4290 4660 7497 1477 2655 2668 3552 3995 8861 6715 4506 8870 9912 9029 9048
25 5881 8158 6413 922 3169 8687 862 5094 7298 1850 4323 4614 5796 8045 6037 7514 8409 1185 1158 2827 3113 1614 4799 9736 7990
23 4056 2079 4848 7668 6639 4327 8243 2415 4832 4486 5061 1714 7100 6813 2499 6230 323 2165 3715 770 4158 9933 9515
22 6654 4233 8448 8188 578 9667 8134 6201 4365 1690 6033 3878 8248 5680 5618 33 9260 5922 5551 1087 3968 174
25 3410 5858 753 9466 3465 4532 5210 946 4663 1740 5655 1717 25 4956 644 2361 6057 8168 9025 9577 4319 7091 4819 8927 1118
26 7188 4984 2518 8035 396 4776 9031 3845 2535 5981 2756 4694 9674 787 3382 681 8474 237 4627 6592 6673 4010 7136 4339 5821 1246
33 3049 513 507 7808 6460 280 3127 6713 4009 2960 742 5416 3670 5947 6227 5231 407 3302 182 7983 1095 5855 6919 1212 9670 8458 9691 4507 9804 9735 6984 9833 8788
24 113 6168 1843 9065 6359 5824 3851 5101 5250 1753 3973 139 983 3888 2317 2761 7589 1366 648 0 8022 9659 8107 9721
26 1227 8586 780 9037 1182 649 4714 3314 3799 1470 9056 8431 3489 1094 654 5194 87 2392 2067 2878 4180 8891 6470 1409 8996 9359
23 6485 8699 1904 8795 1886 6422 353 9082 6641 6974 6102 1164 3503 3497 5365 4859 4269 5368 3014 6650 3507 4303 5147
20 3333 245 1955 8093 9190 1487 5861 4677 3173 7630 5520 5793 7168 6894 8608 4508 1837 2502 9669 5091
25 8213 3640 9144 6069 7034 7364 8990 8956 5700 9038 2341 9462 5367 185 5430 2387 2638 413 5560 1398 3734 3327 4332 3755 5226
25 7864 2118 7554 3026 3038 7135 3685 8760 936 8903 7860 1770 6429 6667 954 4923 1760 8723 2080 7051 579 4374 9584 7815 2620
25 8271 1869 9871 2041 1913 2979 7805 3843 4117 1203 4840 6940 8863 2552 7591 647 4116 6890 3744 3914 1350 6433 6113 9661 4523
24 7140 4437 8207 9681 7730 6587 2035 3146 9420 8027 338 3635 556 3001 5643 8011 7348 299 3942 2421 7123 710 9745 3230
25 6662 9286 1863 4990 5400 2972 1638 6235 2595 1761 5002 6332 8362 528 8852 6935 5081 1795 2161 5964 4295 4911 5893 908 940
33 8932 3160 9012 6718 5620 7698 1693 5622 584 8345 6816 5561 1836 2459 9587 5223 4199 4861 8090 4424 4311 4891 9675 7911 6900 6189 9768 9874 6430 9512 7884 4709 1399
21 3008 9654 4659 5701 3624 8511 320 581 6249 3365 4961 2705 885 6731 5459 2671 8152 7151 2032 9891 9019
24 8787 3849 1873 9610 2613 8970 4834 342 6680 78 9629 3707 8280 3598 7128 7027 919 5283 3698 7669 6322 5174 7511 1998
38 3245 4624 5187 5642 9262 3326 4278 2568 3231 8547 4899 3009 4912 6204 8060 420 6054 1765 7089 5178 6621 1060 8137 3204 9563 9888 8342 9901 8029 3540 9636 9631 9947 3594 3116 9381 9916 9049
25 6767 5875 1218 656 6272 3609 1979 779 9785 1783 6733 8284 3917 9437 3153 6835 5079 7390 2877 1278 6461 1909 6152 6567 2573
25 1332 8104 2261 1884 2304 2652 4775 8857 3428 2955 261 600 3774 8256 9931 7955 1231 7374 1312 7702 8519 343 939 6465 2939
29 2828 4200 1527 4826 6023 6066 5619 4104 255 3959 4535 9212 2256 4210 3587 3087 4737 4361 6845 5273 9380 9920 9852 3608 9685 1973 5332 9974 2736
22 6269 1121 4153 9743 7245 7134 7234 2246 1071 8725 5167 1371 1839 205 9415 7688 8238 2843 432 9641 4608 3296
25 6502 3104 1977 4477 4433 3592 3470 1034 4258 3684 3198 8912 9365 6017 2588 68 7597 4399 4189 1576 4127 9955 6076 9949 4887
22 1414 8978 2250 3818 2368 5879 2057 4204 1345 3052 1827 1671 5490 6382 532 486 3687 5988 8850 9728 9878 820
23 2296 4833 697 4665 5090 6615 1537 8413 1539 6165 7403 8115 798 165 4509 6933 1938 6955 298 9479 9651 6868 8929
26 3546 1734 802 6392 2323 4371 9248 4236 5329 5305 3550 2478 8061 2772 1131 1085 3275 6496 9427 1641 7215 818 8178 7795 9741 9287
23 3697 3170 1564 7152 1725 5221 6839 5073 5023 6522 3828 5007 1321 6668 8677 4721 2529 4041 6323 2677 9304 9810 2448
27 4586 4299 5156 5866 1443 5033 4866 3997 7414 4125 7259 4878 6714 6014 7175 478 6626 2058 5177 1607 1127 4780 8724 831 1722 7997 8994
22 1447 8713 7372 2934 9341 3524 5550 3570 3277 6397 4001 2226 3822 7756 8046 9540 4157 6789 5280 1038 9505 1785
23 9820 2523 2787 559 4045 6268 2248 1800 9139 863 5597 5035 5761 721 2849 1184 6606 5395 1084 4897 9176 5840 1695
17 6044 8832 3585 1755 3468 1051 1907 4128 2431 3389 1706 9600 5647 5592 3850 7899 5578
30 1384 730 2639 7759 8412 8014 3372 7149 5364 4710 8689 3545 2012 2895 5022 785 3219 5048 5596 2221 1887 7657 7799 5721 9640 3114 9819 9842 7467 5909
25 1323 5120 2686 853 7558 3790 7900 9221 1337 6542 9470 7556 7945 717 1157 8577 51 9005 6217 9637 3400 590 9827 189 5886
24 2603 7198 9702 1062 425 215 202 5999 8261 689 1720 3235 8314 6225 7747 5745 3745 2064 948 7182 9385 9869 4836 2718
26 567 277 4050 5240 895 6270 2675 5684 6921 5143 7007 5548 414 841 4234 1533 588 2372 4161 111 3417 3853 3402 8874 9509 9910
24 9046 6669 5107 7256 9159 1220 8801 3432 2400 1468 859 6776 1806 2097 3132 7780 4131 834 869 5362 1341 9594 7804 9601
31 8736 6924 1995 9314 8403 2386 7274 2025 3135 3748 2560 1187 344 2674 570 9066 7518 4181 6080 5682 9752 9619 8189 9595 9815 9613 7209 9846 9870 9494 8599
28 658 627 3403 3375 7922 1346 8809 3772 2945 6712 5117 589 7447 2027 6388 2427 2369 5328 8499 2188 1334 8849 5047 3093 5046 5173 9967 1339
28 3311 9549 100 1263 3122 286 8746 9300 953 5026 5464 405 1882 7536 9108 4081 1936 6828 8223 6032 7968 9334 8582 8415 9896 9553 9995 1018
26 2324 9078 6550 7535 5219 8928 9694 7341 4777 4997 7798 8738 7327 6528 3481 5 5912 3175 2349 955 5439 2961 3679 9895 6571 4557
36 5727 4706 7117 6536 5628 7066 5064 67 2139 4620 5421 1782 3916 6636 6736 931 1258 8467 4458 5580 5817 3791 2299 6252 203 311 4679 2384 8670 7119 9979 4829 8578 2944 7227 2887
31 1773 409 164 4607 4331 1101 2477 2374 8807 4038 6939 1767 357 6970 7351 9175 2662 7728 3318 1829 4178 8714 9145 4908 1726 5591 4649 4553 5629 9672 1626
25 8783 4260 7406 3263 4613 9118 3345 4105 4853 4072 3115 8108 9183 2721 1941 4748 5286 8633 7850 5499 4203 7565 998 7763 7075
28 3527 2973 3680 5815 7573 9074 8109 9592 3967 8291 2159 2325 3300 1654 1763 3206 5037 1173 390 4886 7496 5253 4186 7774 9876 9937 1676 2288
21 6794 1233 2731 4713 3623 4944 3476 8105 8590 243 6509 4612 6929 9373 792 8888 906 8527 7137 9711 7909
33 5615 6255 6498 2900 4123 6121 5188 7823 5992 809 6565 6431 8478 1616 8733 2707 1849 8572 1287 6853 7111 1948 9935 9463 9744 4482 1430 9071 9171 9742 9889 9561 2751
28 7329 95 9064 8951 7387 7474 1466 3963 5523 216 6226 968 4026 4847 2367 2155 4215 2249 8501 5894 2623 6266 1210 8480 9574 9777 257 8923
22 1838 2335 5816 633 2453 6393 7949 9368 7148 688 6855 884 8765 4551 491 6148 1951 1718 6494 9453 9994 9740
23 7435 7846 5955 3054 2578 2275 6067 281 7754 5472 4168 5577 2004 5165 4182 4952 5773 8096 702 7586 6453 6766 6610
23 9402 6473 4854 2969 2467 2229 7587 1870 4190 6308 8283 5921 7897 8776 8162 5418 3479 5493 101 7297 6441 3187 4420
25 7020 951 7663 461 1008 5386 1747 278 7505 5925 6906 6990 2303 132 673 7981 4108 9692 6534 4305 2185 2312 4091 8830 2582
23 1784 8739 2036 4318 8273 6805 6243 5725 7689 4357 3449 5102 2204 8971 9323 3312 932 822 6943 3965 722 9905 306
22 8149 3424 4815 5291 7534 6120 3216 9571 9072 9730 5741 3582 1361 6632 8558 2795 1225 6045 3741 2049 9835 6527
26 9405 4885 530 3557 2480 3710 6443 2621 6231 4591 3266 8258 6620 5427 8465 4110 8408 236 5791 7251 3792 3665 4133 9922 9660 8727
23 2589 5626 4786 2556 272 3267 90 9798 195 1449 1621 621 6554 3809 7427 1403 9169 1966 7772 5720 7036 4520 8433
19 3257 290 1910 4555 9481 8610 2977 5072 5870 7201 5802 8853 5432 1617 5065 5753 3848 9748 9258
30 3276 6851 439 6438 6026 4643 6896 6374 3981 7817 4892 4701 5083 1235 5943 1606 2047 5114 7919 5676 1662 6986 2914 5388 6978 231 9326 1818 8992 9519
21 3249 1251 1994 4558 1102 9232 3278 1590 2039 4369 7832 3805 5084 2258 879 3923 9024 9374 9911 9457 8306
19 1794 5890 2497 6739 8368 348 379 6548 8931 7608 5136 9344 5677 1462 8762 8948 2983 9497 5371
24 3197 3384 69 7190 9546 9604 444 4491 76 5379 744 8076 3700 5164 2255 6936 1379 4769 6627 9589 910 1569 1682 3868
22 4387 3068 3966 6537 1168 9639 2281 5670 4843 366 3902 5512 5877 2678 620 5075 844 5159 6350 9877 3614 1022
24 1170 7704 4935 8434 8856 4544 2482 6336 8220 1297 3271 7483 1538 3881 2416 4146 1575 8092 1636 7563 6819 2487 9816 8632
28 6404 3459 6304 6749 3220 8176 5803 462 6674 4916 9508 9142 3016 8432 1167 2553 3815 2201 1520 9217 5928 4700 669 5790 5225 5124 9147 923
28 4877 2605 4869 3879 2732 5962 8664 1389 1424 9225 6552 3841 5019 814 9762 574 7765 5056 3280 1698 2170 690 5666 6185 9902 9930 9658 1562
25 3005 6164 640 5069 7912 7216 2108 2314 3155 1716 4314 7620 8692 1624 686 7153 5987 651 4812 6250 1115 4292 7757 7782 9990
22 1637 8376 2566 266 2178 1700 7592 2557 5664 5484 6811 3074 1890 8754 2750 5965 2726 3576 8508 8430 9939 9824
27 1438 6558 3541 956 6058 92 1565 2330 7525 4043 771 9704 2685 7921 8972 2860 2092 652 7039 1301 8070 9938 7891 6740 9864 7325 8000
21 9649 3544 2000 4798 886 2565 9192 4711 4264 5140 28 5181 558 1153 5657 7214 6958 3284 4662 9747 9927
20 3655 5347 8353 3930 6156 30 8160 8140 4942 322 5175 1033 8388 1162 1404 2624 3388 8490 9956 7383
26 6135 3092 7710 4541 9101 7301 9496 5076 8229 2141 582 5313 4578 2991 6628 2267 7060 3649 4991 7821 1213 302 1093 7460 9849 5979
23 7612 2748 6202 2825 876 6751 8017 7807 3072 7354 2285 8172 6852 8005 3716 3240 1954 9773 2287 1939 9850 8471 1789
30 4583 5744 7638 6316 7442 2600 6969 1553 2107 6864 2694 8833 7130 7619 7598 4053 8907 1498 7596 9125 1070 8716 1940 5232 8543 2814 9579 5593 6293 7444
25 2233 6004 3972 6871 4326 9028 3469 4266 2438 1029 8621 3351 8628 7853 4036 1990 4118 3246 6335 8503 5798 3255 2897 6075 9966
34 739 5808 8449 6711 8766 5351 2799 5267 2385 5847 5959 1840 2729 7904 5349 4684 4187 4334 3355 7336 1156 7593 9521 8386 7509 3274 3787 3172 7537 840 1359 4712 9716 4005
27 3918 3024 4980 5602 3721 4119 799 5353 9378 4809 6617 7273 198 5109 1917 5726 4037 6508 8626 3978 7611 7801 6533 6931 3737 7239 9489
26 5227 2026 3398 3181 2043 7361 6987 9001 2078 434 1796 9091 7802 7674 5832 1249 9115 9126 6194 4284 1665 8260 1456 9155 8239 9760
25 5218 1674 6922 2937 6946 8843 7006 6888 2024 6105 7340 1750 2757 9591 1243 6972 5447 4392 7489 7228 4951 1019 9117 9607 8824
26 3651 212 9068 9655 2388 5021 5163 2931 7781 1953 3484 8336 703 2295 9285 1270 9535 1362 4610 7618 4197 9004 8054 9539 1808 8230
26 2424 477 2198 3701 6643 1583 843 3085 8125 1715 5715 887 4626 4974 7449 4201 1400 6892 1507 6193 5024 1581 4778 3347 9668 7809
27 5213 8425 842 1635 6296 7631 6842 9002 9134 2602 2989 5380 6363 7939 5728 5479 1151 6837 3668 3937 6092 1445 4860 2450 4052 1707 2591
24 7287 3575 3865 6474 7785 1436 4857 8366 3186 7286 1604 7966 6124 336 6419 5337 1552 2946 1425 4927 6258 5944 7986 1529
24 1406 3396 1647 6048 2665 1523 3258 1930 196 7009 5420 534 8567 3525 6464 5826 4436 2266 9555 6973 8308 3887 2593 6676
22 3409 7637 3783 4372 3124 2706 3394 4628 6447 1387 8270 7328 5401 9839 1577 1708 7660 6358 8195 926 5891 8200
26 1512 2216 8037 3746 4800 3691 7872 2063 4881 9250 3237 7848 6299 4835 3769 8032 5531 7395 598 5923 4185 7824 406 2276 6991 233
22 8024 2904 3445 7732 7761 4302 7712 8063 3154 1918 8294 6229 7242 9338 5460 7906 8319 4048 4830 5711 1206 8088
28 6139 7357 6836 1830 2999 2817 1494 2810 7503 4561 3661 9278 6798 6697 2911 8914 9279 4183 2865 2298 737 4686 9633 9289 9179 8194 7700 7147
22 1609 5572 4705 2771 9195 1862 967 5301 5559 6326 7510 4322 4765 4238 9501 1044 3703 2940 5939 8414 7396 9763
22 7889 3067 5887 1245 9684 514 4347 1433 1411 7584 7294 1957 706 526 1801 3002 3983 2554 8580 2609 360 1061
23 8630 4873 8323 935 6274 1048 897 5708 1842 3962 5068 8584 1711 687 54 2446 2490 5685 6070 5312 5020 5811 3705
26 7114 442 4953 6279 3859 5302 2373 2051 4979 4632 3446 104 1224 3332 7675 1807 8358 466 7452 1802 2821 6052 2864 7713 2509 9986
27 2738 3148 9274 3462 9254 5012 9710 9364 8407 8603 5462 5373 6863 8997 3567 9422 3659 2778 5703 9525 9243 966 8369 4759 6242 5679 9999
