28 6428 9157 1066 3367 9147 343 5637 1767 7743 4489 4504 3416 4160 6433 3971 7231 5841 3638 4837 4778 5858 3966 5141 4848 4270 9642 2781 7134
27 45 4634 6765 5658 7147 3332 6643 7110 2158 5434 1749 8892 5200 9455 2324 4845 6512 1523 1075 6608 4620 6661 3111 4020 5918 1313 9109
24 9475 8364 6754 593 8937 4487 1676 9812 4882 6386 8963 5962 4277 3495 2387 7206 1640 3089 5762 3994 894 2505 7319 9941
28 2822 862 1192 9224 7528 1095 3297 1064 6630 7036 5175 686 781 231 2508 5487 7628 2344 4770 4253 8474 6053 251 9244 7435 9866 1367 1508
28 6599 1204 6597 5938 1520 1390 8281 4015 1944 266 2373 4658 4599 4288 2225 6545 4106 9928 829 1561 1355 4308 8633 1237 8750 3030 9404 960
25 8103 4303 6729 6258 4529 35 3513 9994 4691 8358 5304 5063 7290 7310 756 1748 5929 7469 7687 8515 9962 3979 5915 4965 6301
26 8450 7439 9884 6753 1412 7840 3905 1118 9067 6552 198 7069 3193 2492 3245 7160 1945 1687 8716 9004 2691 2572 8272 7837 4254 9932
26 1566 5984 3903 2767 2841 2138 8834 243 1837 9247 115 9672 984 3677 2714 211 7283 3916 7269 1202 4121 2285 6907 5526 6157 7234
24 6261 5336 1816 130 5182 4393 3651 530 9178 9910 5533 6601 6006 7779 8034 4572 3787 1018 5571 2567 1010 9697 4171 647
27 835 1062 6482 2135 1996 6944 8316 925 4888 8214 8191 249 57 2979 3799 8310 1591 658 8212 3053 932 6 4381 4841 3366 6264 3952
31 6198 2335 8949 2752 9629 1373 8873 9495 4931 6364 4728 3631 223 8446 8094 5427 5581 8908 6963 9070 2208 5893 5888 1586 2109 714 6867 2041 1327 531 9600
28 9670 9248 8073 2037 2664 4730 5188 2673 6286 2489 4145 4064 9051 143 213 2245 7428 8198 9401 7446 8069 9744 9399 5445 6293 3988 5970 1212
24 1959 7175 191 1983 7894 3671 7777 1797 4564 4081 5132 8796 4146 7803 1858 5422 9473 9230 2816 6108 3838 651 8682 9643
26 156 6557 5049 3333 2195 6262 5671 975 8441 4885 9056 9090 3507 8345 3065 7167 3343 6905 7961 8161 5676 7895 6838 9148 9991 3808
27 6440 4581 9200 1178 1165 5916 9725 9240 4562 7671 1980 3863 4823 2262 1544 1103 5731 4310 8023 6526 1356 1982 8308 6533 8880 4683 2668
29 2921 6897 3833 7695 4535 8530 1515 2622 6099 6369 435 4185 8150 7209 1000 1172 3241 5015 4199 6048 1906 4143 8403 935 9333 6782 9934 3057 6142
29 2603 7132 1925 3551 8143 2535 4250 8250 1854 7240 290 8878 2833 3003 3888 669 6396 7848 5986 3012 7113 5190 2360 9524 4228 8409 2493 126 7690
28 2234 9166 3322 9263 5901 9864 8036 4017 833 2412 8337 3771 1661 9794 5531 923 4826 6314 4233 3673 3586 3848 3614 2510 8895 6524 9100 9192
27 8033 7822 4433 7060 3536 4018 163 6411 209 4251 4874 6606 644 5611 7104 4779 5540 1977 2702 2035 1703 1827 2566 1974 5812 7804 2504
28 2734 1130 1807 6756 2221 9599 2232 789 7097 4945 1389 7549 8142 8095 7881 7410 2460 5267 6896 8612 2222 6694 6986 7505 3938 616 287 2783
30 4467 3832 5388 49 5612 6556 2644 3439 1485 9093 6531 546 3310 6114 6291 8362 1488 3960 9085 4928 3964 1513 9879 821 8112 8219 9927 7900 7294 5561
35 2635 1599 7096 8434 8513 1417 4126 2018 6747 2175 5183 7415 332 2122 5137 6192 4743 6772 9598 5295 5060 2259 1379 5602 6525 146 2117 7252 695 5009 2393 2203 1629 869 9346
23 1179 7566 6864 4386 8526 8249 1301 2028 4374 8611 3246 3786 2315 9262 8054 2361 2102 2905 1538 4412 788 8683 6135
24 5266 551 8327 5307 3151 5053 1431 2763 1899 7459 1914 234 802 3409 4800 2910 9901 2172 3223 9610 9637 5527 8225 3021
28 3039 2156 2550 6671 8565 906 4200 7870 380 6329 3850 4591 3635 5993 1662 8490 6134 1469 6850 3231 5572 3140 1162 8576 2261 7478 9786 8618
25 5876 3704 1437 8851 5153 1197 6912 9395 9267 7536 5124 4379 237 6945 9390 6220 7630 505 9641 6270 3874 3712 4490 2807 8805
28 2922 2202 6168 357 5797 6395 9457 943 168 1419 8222 9118 8475 5409 1876 3574 4085 3754 4842 6777 3965 8354 1514 942 1981 4954 3305 5178
23 1134 5973 7481 2395 2258 8798 9149 9548 1034 7973 3801 3692 1536 9077 7585 2726 1273 6346 3206 114 2953 6008 6806
36 9151 2803 1040 108 6092 7442 2036 2301 2313 2892 6515 7767 3553 9490 4420 533 1457 8051 1047 3571 7189 1710 7357 438 4208 8157 7501 6560 2667 9320 6311 448 2969 4097 3531 694
27 2139 5077 6150 4391 7327 6971 7291 8623 6927 3435 2416 683 6398 8990 2445 8587 2307 1338 9749 2733 7904 2074 4510 1266 3148 9161 7577
27 6975 4099 6718 3783 2637 5424 5457 2233 7765 5601 6997 2923 2520 7696 6670 4570 9671 3539 4269 7818 8905 9903 3214 8846 2008 4963 2436
26 2717 1893 7183 3763 7367 294 6519 5396 7916 4542 4243 9906 7118 4943 3639 4321 7103 9566 3924 4624 1583 2257 1820 1916 4962 6405
30 2820 436 3772 5537 6275 6966 4278 3326 1730 1096 1226 2370 6665 4918 6706 3073 5239 2309 9239 9271 2002 4342 3559 9766 3196 1486 4698 2789 4540 900
24 2368 8394 7698 1822 2801 9753 1602 8593 8215 2539 5417 6208 5746 4509 7292 3125 5495 2449 4968 1869 4008 9947 5774 6055
27 5454 2417 6595 288 9963 4183 3871 6978 9231 4822 6582 2033 1905 7200 3109 3329 72 5094 6107 3691 2160 5582 3041 3168 7002 696 3444
31 1434 7545 89 3417 3001 308 3934 8783 5976 313 384 9372 8722 7146 254 1918 4244 613 2792 3371 6691 9245 7452 2856 4993 9124 1119 6360 2487 5877 7555
30 9738 8184 811 3462 7575 4567 1521 7915 3489 2207 8652 4168 8976 1459 6484 7882 3650 6807 4596 1190 3475 1026 5145 9433 1997 8606 1812 1446 6029 1875
34 2446 3075 4066 5475 7309 6699 1220 1293 5596 8005 2960 5856 8677 9072 1261 6448 5956 5989 5617 8056 1164 9684 293 186 3426 6887 640 9476 2703 4981 769 3349 4516 7796
28 2854 3562 7720 5898 896 3331 5 185 1541 7392 5911 9976 2590 9249 3488 7150 947 3869 2118 2827 7945 8287 6260 859 7166 4346 5372 7322
31 7590 8404 5195 6382 8445 791 8911 7405 409 8988 532 4344 6780 9414 3983 5076 7081 9509 4924 3915 5745 765 5824 6593 9557 1543 990 9383 4923 5410 8696
31 3117 1191 8080 8625 6889 2147 8093 3103 3243 6276 7784 5068 9720 7000 9739 2682 1856 6696 4693 5825 268 4499 3097 4024 6679 6040 2862 677 5092 6149 7534
31 6933 2713 1691 3932 3 4123 3272 2179 8627 4864 21 6318 2040 2066 7792 2220 4761 3657 8982 4389 8331 7826 6219 6019 699 1287 6901 1601 6737 3529 3143
31 7759 8246 1113 2769 1124 2201 8865 4597 1322 7675 2176 8013 1460 71 9135 178 8871 2226 9021 7975 1684 4301 8806 8430 6355 7512 4733 5702 2422 3173 1993
29 3353 9031 3681 2169 7177 4628 7065 431 2457 5322 4262 3315 239 2235 6757 2193 2951 8758 2113 7027 4441 7095 160 9201 3859 2093 638 4237 4585
28 3060 3575 5109 7742 2555 678 6452 8285 662 2039 8877 1214 2121 8925 2617 2032 3470 4094 6199 3969 9319 1155 9652 5017 7923 5507 4635 6614
29 2995 474 6879 8481 9378 9484 4076 5587 8486 5119 8391 7771 7766 8558 2428 2300 7500 8396 6695 3394 7085 9402 4409 1527 1254 9542 3931 2431 2681
28 4506 3968 8170 9787 8049 7992 5436 6057 261 8466 7275 4375 4423 4332 1383 5541 5236 6792 6505 7098 6004 6458 6825 2784 8823 1404 7553 5987
35 7849 8447 9646 3953 7723 3722 7361 2574 2266 177 7664 715 8144 2705 8686 1879 2204 9935 4970 3376 7181 2521 4911 1400 8 1384 2210 8836 8058 5711 6783 2291 5836 537 7917
24 5260 8579 687 9130 6922 1076 6816 3625 8874 2909 7906 8437 5913 2675 4723 1439 381 9597 1902 464 3796 5712 3540 4625
32 6430 8406 4754 1014 5855 785 3755 8050 1174 5235 9442 1082 392 3892 5018 6510 4226 4240 2174 5788 757 2284 6799 2491 2976 9863 497 6633 7399 1235 2582 5065
26 7678 9913 1339 5129 7890 7867 8072 4309 743 2513 54 2857 394 799 2151 7622 9674 8563 4333 7391 6636 814 5633 951 6133 9212
27 9997 9282 9243 5653 7253 3139 6292 3346 760 6750 1233 2474 2019 6414 3961 8996 4868 9779 46 2196 9379 9686 2721 192 7843 3633 5193
33 5254 3128 7969 3518 979 8913 2853 9853 871 8055 6820 4844 3846 2606 4215 6450 4280 7212 2727 9426 755 1291 9432 1987 728 142 6548 880 2383 7508 9723 283 8799
26 2150 3860 8740 2858 3620 8663 8381 8463 3130 9760 8665 1761 8148 8972 8773 247 3549 1850 1949 4729 7987 7583 2094 4895 578 5674
29 4172 1831 3899 4442 7974 4795 0 9954 4856 6138 1585 2944 1145 1830 6432 9717 2929 1426 6870 6259 1843 5452 8192 9277 7604 8987 6028 7631 224
26 2870 280 1035 1556 3921 8872 3851 2334 4454 4272 7706 527 6187 8109 9421 8497 8444 7716 5607 7902 1633 4337 6184 5481 9782 9154
27 9053 6683 3316 6073 5478 1167 8840 8628 353 3490 4456 3464 6321 3616 7564 5248 4706 3732 4159 3597 4210 3438 9034 7647 2848 7772 3769
36 187 4922 656 7922 4415 8439 158 1593 1784 3427 7580 135 1493 228 2463 7860 831 1783 101 5419 1903 7710 6193 9234 346 5785 6579 3224 105 1937 6972 5926 3962 2481 2007 2084
31 5959 8590 2933 3811 8701 5368 3917 8718 4692 7748 1532 7761 6586 8552 1126 6253 2171 153 5924 1050 4498 1803 6880 1989 4319 9924 3239 7930 8640 5320 6172
29 333 7609 2442 4400 9980 5714 150 980 8700 2558 5311 997 2790 1642 4011 4365 6384 4406 9528 3728 6558 7372 8411 752 7713 7107 9916 6969 2565
25 2758 5149 3383 3099 2747 5052 5296 4785 7267 9365 6156 274 9757 6861 8028 5385 3263 6118 767 8449 5101 4688 5678 6942 511
24 7833 5383 182 4660 7279 9678 3847 2918 5670 8154 7045 9815 9689 8755 7288 8489 5356 5741 1624 8091 8485 1181 3062 496
29 7318 2996 6425 2 3295 1380 8756 7201 8532 4527 8617 6454 9309 1142 7385 2485 9469 7813 1216 6514 9834 1110 372 6431 1975 4224 3589 1928 6279
30 9058 90 7173 4436 6677 9777 1300 3300 4247 7610 9839 7345 7877 8938 8371 5135 9050 4522 3359 6039 864 9578 3087 4484 5120 4961 378 7861 1551 9343
28 1785 2086 3656 7552 8841 9751 3992 443 147 5784 6562 8541 6412 9793 1880 8661 2004 568 6714 8321 3142 329 136 8557 6583 978 205 7362
32 2584 3198 9361 9042 7985 4834 6481 4627 5446 141 8123 7409 8213 5327 1742 877 5265 8254 7778 8414 2321 5931 2750 7547 7819 2363 8302 6929 3601 9444 3555 7502
28 5831 5370 5492 7219 5116 949 319 6218 1555 2320 9110 4223 4430 5782 3894 5842 1886 5340 535 5623 267 3655 1682 8708 8061 3279 4539 9784
28 5679 9594 3482 6003 9219 3186 8737 6470 8517 356 4281 9728 5281 3095 1892 369 379 7912 2690 992 8735 6774 2398 2211 9687 4353 9838 2480
27 5954 7995 68 2048 7482 1055 6244 8581 4325 893 5964 7300 603 2424 693 8283 2110 8643 6937 5264 9063 1112 5764 5725 9679 4197 8941
34 5634 5952 2482 7986 1264 6554 236 5138 7896 8076 3544 1852 5509 4443 4667 3622 3705 3152 2043 3004 6232 6285 6700 6886 6101 2824 2248 8197 5430 8484 8501 6189 946 5273
26 493 5008 7402 9052 8074 4144 1236 2774 6163 4638 9029 2314 125 9060 2949 5755 5573 4133 3564 5544 1699 2025 8782 7371 9188 1648
30 820 4390 7015 1036 350 9806 5313 2439 8645 1549 8602 2178 8591 7112 7431 3897 7889 3085 8016 8692 154 8181 8357 1966 7101 8802 1626 2054 5960 7805
30 701 6640 4650 2145 4710 4887 4514 8494 6874 7680 8499 3494 5852 4382 2534 8630 7265 7053 5539 8116 7563 668 5011 7197 8742 2405 5459 2712 6435 5517
29 8854 9443 8657 544 1926 8277 4093 1487 9235 4880 468 718 8769 9845 7276 758 4103 8921 7241 28 2159 1859 1878 1305 41 1106 2804 4875 6014
25 2038 6488 4327 9790 8410 674 550 594 7824 8931 5024 5219 1667 3963 5642 299 9647 9867 6839 7959 9926 9849 344 5231 5216
30 2772 8545 8472 5245 817 9899 7259 2359 9184 6793 8641 4500 7816 8106 8115 1873 7044 5622 1848 4404 6788 9105 7565 366 1570 9022 1378 7970 4890 4767
32 1666 7030 5966 3410 2775 630 8389 8687 3398 5647 7039 6976 2500 3054 713 8031 3047 8319 9998 6469 4781 2461 284 607 8520 8241 5907 9003 7697 4111 277 2894
32 3155 1842 2557 3679 6936 3126 2701 6379 5850 3647 6847 995 560 5694 510 345 9844 8761 7681 8720 5103 348 2515 3736 4073 3591 1669 7551 6324 8416 2985 2719
28 8725 8730 3361 5345 2614 8765 5167 4724 7268 8413 1483 1482 5443 4549 834 326 3666 2023 7971 988 4036 3081 4984 587 3308 8187 3580 2659
30 4891 5535 8710 9492 3324 2384 6313 4903 6703 7800 9324 9889 2011 3839 3132 7844 6451 6653 4893 7217 4056 8822 2605 9468 4908 2749 6442 9544 5269 7649
30 2098 1387 7638 3044 291 3716 7842 7513 4004 5100 6893 5766 5579 3269 6483 998 5627 2754 2272 5778 7254 4445 4462 8965 2478 2834 3345 4707 7996 2980
25 9191 4830 8568 5941 665 2965 1612 6167 2161 2280 7560 2657 7238 7763 4838 3596 8429 5087 6116 9364 6103 2046 415 9748 2217
25 3448 352 8781 7084 8910 7598 8398 1039 2725 9871 189 4157 2581 649 483 1159 8748 1031 7048 2269 3406 6776 4586 4419 4131
31 3183 4501 9498 7329 8273 4942 6994 8263 8728 6651 3121 5438 3028 2845 7172 8519 8480 4035 9701 8086 8570 1077 3725 5735 6926 2729 1227 7856 1672 3403 7162
32 7136 1938 5771 2069 5483 6748 6237 1430 8746 2770 8022 1882 6162 7629 5793 4127 8350 3199 9217 264 2658 7353 444 9626 8496 5722 7665 661 7396 9563 5280 4275
26 719 9284 4246 3051 9592 9754 3836 1677 2762 1302 6277 4720 2495 7157 1774 604 6768 244 5626 317 4505 8810 3652 9349 2809 7688
33 6812 1956 4091 9459 9956 4715 5456 1588 1138 4621 2470 111 4140 1292 3778 2056 376 8560 367 775 6621 6628 4453 9125 9298 2621 1782 5649 5819 1316 1428 7654 4964
29 6507 4166 9227 747 4560 4082 9537 1440 9648 9491 670 5238 6648 7846 6129 2967 66 1341 2650 6934 9472 4979 1951 77 3959 9767 5375 2587 6632
30 7782 6931 4808 6635 8540 3744 738 7691 6854 4640 219 1622 3986 8047 8899 6811 4417 157 7124 3939 7994 4763 8397 3296 9449 5085 6713 860 6404 4956
31 5371 3181 8797 1809 5680 2279 4298 9986 5512 4588 2989 3506 1002 3290 3879 9996 8498 3837 5415 176 7057 1663 520 4209 2612 7306 6022 731 4352 2099 6065
27 3016 750 5209 3919 4195 6348 8594 385 1194 7661 868 9502 4376 3759 5122 8860 2292 9530 6349 2356 8388 7799 7972 5196 120 8768 9914
29 6056 2381 5939 7569 5997 8615 5360 794 8848 6553 6331 3545 7423 1163 7340 8666 559 8200 193 9140 2806 9480 7550 6923 5305 889 7156 24 5002
33 3440 8502 6668 5967 3698 5696 8418 7866 3745 2303 4396 8325 3743 872 9750 916 866 5114 5790 6353 744 8671 6394 6641 770 6541 3995 3066 6920 8060 3645 8114 3595
32 3883 7704 9591 2418 9385 3582 6869 8681 7538 1012 8251 1083 9363 7935 6206 5306 4213 1456 5884 4010 875 9746 3793 6290 5359 9080 7029 2119 950 655 9431 4678
31 5832 6265 2512 961 1429 6794 489 964 9808 323 8131 2924 636 1721 6836 8762 5643 1763 8495 7003 5468 3189 423 3374 2483 9978 1947 8559 4762 9015 8636
29 9822 8085 8205 8415 9352 7116 589 9477 9350 1657 7755 2843 4292 2651 2052 8824 6646 5786 6492 8269 6333 1922 9859 4907 3547 8953 6881 8216 9969
23 389 8366 1779 6815 2642 7296 1354 7450 2116 6174 7493 3437 5485 5393 2580 6529 9663 8531 8127 5719 7595 7100 2634
27 2440 8653 8890 5005 2569 4313 3669 3858 9451 7330 3191 4689 1847 7586 5577 6079 6760 5335 7920 3980 4336 8043 8660 9030 9829 7422 2994
33 1711 4994 1976 1398 7621 6361 1895 9220 8289 4153 5405 4092 1176 5367 5093 2060 1114 386 1623 490 3031 9237 1284 1528 2240 963 7602 6660 3734 8270 3159 9481 6246
38 3636 94 5532 5377 16 1758 795 5693 3033 8791 3675 5189 1092 9087 2325 1044 6176 5048 5767 1063 14 263 8843 840 2271 4357 5605 7193 3309 8853 3163 5946 7453 4138 4811 5618 4789 4300
32 4611 4057 6250 9190 9329 7541 5302 2983 2832 2132 8917 7400 8507 6137 2082 895 5268 2130 1654 5043 6789 5891 5203 9945 2553 2376 3729 2104 2498 4699 7066 8887
30 5604 6785 1818 3306 9382 837 2106 1525 7304 9526 6456 8801 8989 1056 2551 8422 9197 9852 2425 3088 1823 3000 3864 6209 1877 4384 9094 2585 7655 7936
29 3160 2583 8400 9804 4151 2212 5619 2499 5843 2522 8808 3055 8352 9959 7102 418 1632 241 9266 4670 9638 6771 4326 218 7544 3653 3664 6371 6017
30 3190 5097 9695 1590 5461 6995 6125 4104 3997 8577 9885 5384 7522 1915 1128 5379 1840 222 4946 8984 9137 9843 6477 4362 8323 9353 6762 5489 1484 2528
28 7674 8207 9470 7331 7769 682 4089 4370 1218 1228 8939 8020 2973 8378 5270 2206 7221 5212 1702 7874 1332 8923 8427 6659 79 9071 4871 5453
24 691 1942 4568 3460 9891 6211 2136 1609 878 9218 1467 9800 4312 9893 7476 1252 6067 3861 9221 3842 8077 5736 8470 1154
29 327 6956 8121 1670 5156 422 220 5739 6160 1189 2097 5951 9703 5905 8066 7114 9430 9122 3740 3594 591 8452 1605 8065 9348 1930 516 845 3399
26 7245 5608 8026 9817 1562 8609 9406 3185 2937 5355 7419 2891 8390 3942 751 30 7615 3928 2112 9341 3070 4366 5813 3024 2952 2497
31 1826 1125 1751 7335 4217 9454 740 8572 3604 6300 1219 6037 7071 7672 7429 5080 2632 1819 6968 6724 7064 4982 7311 3133 8852 6769 4360 6415 371 5042 2507
29 8172 1424 487 3762 3266 3292 4096 7988 1306 6097 2547 3606 1695 3798 2859 2977 7948 4414 3319 1741 5799 9199 5321 4102 1953 3542 4407 617 9724
24 9832 9328 8399 9732 6973 1644 6822 1689 5439 3320 9092 855 1504 8599 5331 8973 3749 8962 4646 9517 6153 5609 4512 3876
29 6130 957 5197 8134 9811 721 7185 1004 7054 6744 3100 8638 790 2426 9370 4161 4139 2593 3253 9801 7821 9259 5873 7977 9291 121 9505 7178 7010
30 8141 9155 3169 3914 9984 1325 7519 571 9915 6105 320 2027 2542 3608 8691 805 7199 5695 3370 6376 8217 5692 463 1844 2455 9631 6141 3120 1851 2791
28 9601 2793 2777 4896 229 2873 6427 1368 8793 3908 7925 4732 6612 5450 2549 2290 8537 6140 8301 5656 5363 1311 4061 6916 3697 3970 362 6627
24 8019 3123 4543 5934 8547 2323 590 5079 2679 1427 3228 4284 8826 1223 5827 1584 8199 1884 8729 1978 47 4135 3857 1363
30 6613 773 1285 4046 7383 5654 5683 4673 2687 6230 2735 4544 7958 8448 3094 7344 9902 3180 8867 1161 8491 6734 8380 9789 5665 2214 2448 3083 3956 1665
32 8995 846 3027 6234 931 7016 8375 6299 771 4003 1519 6609 1724 2577 9160 5152 9359 3389 633 1195 812 7635 508 9644 151 3521 808 3459 5936 8743 7806 6576
27 5482 1312 2399 6509 1923 7412 1932 2674 5570 3785 9970 6918 7525 5497 4218 1706 9507 7546 461 7495 469 1811 7711 3940 8596 2901 7887
29 8980 4944 9397 9825 6676 8349 4025 1242 5904 5413 648 2913 5441 9081 48 8597 4129 7834 6678 6549 5743 9146 1646 9608 3424 1509 1705 8945 7471
31 8232 7115 2003 3757 2024 899 4969 36 974 4440 567 4985 6337 1494 4471 9681 1511 9683 8684 9386 5933 1501 8126 8179 1957 2731 9535 6161 6821 7593 447
33 5455 8546 416 5895 2352 3225 6902 7561 4117 204 8253 6814 6993 6406 7346 8926 4080 3512 2839 7447 4016 6081 4912 11 7857 1017 2250 2962 8935 2385 5948 4556 5044
32 207 8286 3659 1499 1448 6868 4495 3205 3192 4641 363 6185 5192 5770 6735 3446 210 9196 2283 9734 5567 8158 1950 1780 6964 2543 6467 7486 7517 321 5681 6835
28 4119 3492 839 8130 215 5883 9504 6128 1420 4900 7835 7213 6388 8883 4148 7795 5899 7133 2596 1043 4663 8888 7220 1470 6495 8228 6235 6804
29 7138 9742 4662 9940 5082 1414 9439 4385 1679 7190 4047 6145 2984 4230 7378 2695 3552 5123 5750 8064 1381 6801 7376 4367 5882 145 825 1990 3517
29 2223 1568 3247 6294 874 8829 3845 1994 2337 8206 6672 5998 9434 1458 6786 6302 4493 8304 9946 7685 6122 3032 5180 6011 2706 3522 5845 7537 4347
24 3425 9826 5865 7543 5860 2838 4048 200 7062 3791 5292 7298 6175 9264 2231 4470 2402 3788 797 9813 5569 7789 3826 2155
28 7080 9213 5555 1700 6242 232 2129 6436 1259 1011 3407 9216 2900 3893 7043 7035 214 3400 2087 6875 6555 723 5300 7342 1474 5870 1136 4978
31 6042 3756 9288 5756 4766 8592 2205 9079 2914 5949 2992 7960 7660 7455 1435 907 7884 7557 8129 6962 6120 7632 5139 4234 885 8326 9301 8955 6012 4832 6898
26 3187 3720 7222 2263 5829 9096 1042 4472 9660 4579 6460 1091 2903 337 3605 2631 887 9017 6775 5616 4041 9377 4798 4274 6320 8180
26 8598 3877 5886 4279 5968 4408 6618 8620 1299 5084 3262 3273 9300 8901 3535 7578 7333 2861 4007 3270 4755 8252 8770 8891 870 9354
22 9861 4757 8162 2126 473 425 2415 8689 4774 2699 8035 4829 1353 8759 9066 4704 1845 3397 7967 692 6074 5418
25 526 6720 417 1835 6516 2167 9803 6112 5301 2802 2826 7388 7692 9409 1450 5099 3726 7465 2545 9523 7280 9828 3758 7747 1637
31 9145 9925 1817 6214 5031 2353 3118 3479 4452 2274 1370 1883 1643 2188 1371 331 986 8864 8601 7515 4378 6223 7808 2899 8230 9656 5221 2844 4872 5432 3080
27 6340 3827 128 4311 4181 8012 173 848 5530 1754 5162 3377 8223 611 4033 9419 3419 8571 672 9541 3413 6281 7868 4608 9423 265 8311
34 6096 2830 23 9942 702 3476 60 1985 4983 7239 250 8920 5253 565 7122 584 5451 9448 3137 7898 2379 7684 4879 4464 5494 8998 6489 88 8567 730 6883 4422 8387 6207
32 4904 4701 4769 3524 9139 1681 1794 1750 484 9949 3212 6824 7614 7407 6862 9116 710 6044 2372 4934 716 7373 2073 2875 7139 8542 3274 5780 8317 6061 9527 6588
29 9392 4260 3104 1512 8983 429 3268 879 7408 43 8004 2068 4266 6763 7682 2278 5287 5399 1582 3342 7786 4709 5089 4324 9108 3946 3840 9296 4605
29 9106 377 4236 6992 34 5115 3264 7650 6622 745 4953 3532 373 1045 9628 4511 861 3175 9609 9823 4860 7780 7434 8451 5039 4287 2904 7903 9958
24 586 4980 2890 5185 5244 3881 2298 5875 3429 7670 8008 9311 8135 4054 354 4653 6095 7862 4613 1277 9759 5950 8548 3436
26 1813 5324 8875 9286 5210 5912 4809 8235 2601 3069 5578 4179 2645 8780 4328 7999 4187 967 3933 1628 7523 7807 2088 3161 4897 1177
25 3042 5613 9236 8751 8884 7952 5744 9565 2541 689 6856 7195 1319 2878 9043 2287 6924 3325 3718 9028 9176 4222 6377 3918 4821
30 3516 6610 2524 873 1093 3019 93 4478 9059 22 6328 7703 2230 5036 8859 9068 1029 6624 6607 1403 7425 4731 7017 5981 1718 4479 1550 8132 7722 1199
33 7643 5557 1021 40 7699 2633 3380 6746 3114 7489 5772 1620 9376 4941 2948 5894 3502 1294 9547 1571 2411 4787 6685 6023 8340 5025 7905 9886 1333 9904 9869 6626 1099
34 9049 7642 9957 1468 8850 7982 7351 3177 4739 5522 2295 8634 5742 9658 5028 6707 7830 9279 3514 8355 6226 5648 4609 8107 3822 5061 6401 3624 7128 5615 9788 7726 2850 3708
28 1141 1660 4794 4067 5585 3267 402 6522 7468 5045 5701 8332 1726 9617 1673 1789 9465 6900 6372 5165 1388 1912 8648 3112 1594 5285 3188 592
27 6781 6980 7611 6459 1631 91 9084 3481 3925 2120 6701 4669 7236 2181 7225 7634 7913 3676 7480 7354 4271 1361 340 2968 9410 1864 969
34 4523 8372 7639 8166 3172 7295 5724 8266 5433 9848 1411 3654 230 1349 3431 5811 8538 6809 844 8732 7700 5187 4043 6336 8800 7366 7140 8902 9032 843 6094 8774 3913 2288
29 6570 7855 3911 9669 9721 8679 5312 4446 4435 7432 55 5909 7184 8276 2488 807 4876 6194 2575 10 1375 5549 9398 3719 9731 966 8715 849 4901
29 9435 7787 1491 6819 404 952 7728 1865 7046 4533 6143 1553 6228 9616 1122 9387 1781 6965 4372 4649 9269 2190 6139 4884 6136 6203 1105 637 2016
27 3875 7006 6463 8624 7715 1160 685 194 3364 310 3321 989 5646 9292 4814 2070 705 8303 6984 1569 4528 8163 9193 2626 6932 8268 5470
28 7851 8961 8952 6925 6444 9462 117 5822 4363 3280 7328 9187 6544 4776 830 7879 2490 4711 9048 8719 8922 8706 3998 5110 2501 9045 7764 9847
26 2849 9561 5942 8778 5713 2346 6990 8812 1120 5514 1548 3434 3975 4295 2743 3674 2708 9040 1581 8113 2831 3613 2302 442 5685 9163
27 9141 9992 7161 6445 375 167 6919 739 3110 9497 9250 838 6741 4177 2256 1736 3184 7041 1324 7263 8739 6335 7332 5398 1559 2267 8909
26 7320 3288 7397 7230 1575 6686 2435 6535 7462 5592 5106 2842 5606 1413 3890 3615 9521 3230 3221 1086 4369 4973 2189 3872 6561 4644
23 9488 1060 276 3694 8193 6304 888 2595 70 1564 9862 1490 3609 7673 1073 6987 7736 6420 1443 3996 7601 641 6513
31 3660 3611 3878 7475 2305 1745 1239 3049 6752 9619 9851 9203 4898 3146 5828 5073 4276 8610 9400 5447 2945 8420 7832 9016 9357 8951 9167 8672 6798 3868 7364
34 681 4469 2765 9868 854 8833 8970 4358 8876 1694 9332 1698 406 7130 7075 4477 1054 9011 297 6946 1213 2473 9985 8208 4854 6834 1041 6316 809 634 8110 5050 1773 5885
33 6885 8315 6319 2332 5529 3682 4926 4867 3573 6312 4958 8224 5983 7531 9651 3812 914 6841 3418 6050 8233 7070 1090 5283 4744 8229 3002 3527 7463 3328 4674 4775 7207
25 3766 4797 5511 8083 3702 289 4858 9078 5704 6210 3456 6060 7739 1221 56 2133 2997 5630 8457 959 9605 7520 5275 561 7854
25 9581 9764 1704 3598 5668 3405 8293 930 8553 4545 5969 3176 7336 7596 832 5477 7676 759 4508 6840 3713 8306 9633 6271 7756
29 8858 4949 4447 2954 69 338 971 1342 987 5597 2760 7068 2685 4749 8348 2872 3641 5154 4534 3569 9102 2655 7498 9074 8637 3993 7801 9645 8465
26 1579 3179 6151 8003 2141 6520 397 7359 465 1215 1352 5565 6940 3790 272 2377 6273 4416 7281 9912 3092 2532 1791 8194 8694 1289
31 1111 2265 4060 1746 6857 2963 6563 4304 941 2525 3774 2030 1023 1144 3584 782 9002 9877 1645 7168 1157 118 7594 2503 3084 7154 3014 8582 4354 4256 5707
30 4182 7496 2876 9702 3612 4629 6464 883 2788 400 5397 7753 2780 6508 4813 6418 4109 5242 3880 2602 1940 3617 8881 7169 5589 5686 6761 2881 8412 1298
30 5835 2191 2864 8017 4717 3396 2343 1276 6049 7028 3500 7847 1557 9964 6486 7623 7033 3129 3820 4865 5733 4686 921 9061 4155 2885 9023 3668 2957 7540
30 8078 2241 2005 2396 7144 1441 9571 3780 4521 8723 7876 9857 3134 6063 2114 5972 6362 8139 7023 8767 7226 4920 3823 4403 5225 6943 2105 7966 4940 9478
31 3709 9417 9743 8919 8613 5868 6634 4356 4263 5293 619 8862 7928 5347 6429 1829 1507 6629 8242 9209 3805 1941 1625 3738 9682 8556 6534 9613 2716 3829 5921
27 2600 4878 552 9073 8063 627 8651 1998 3299 3724 1545 5366 8894 9664 4583 1461 9673 4557 912 772 104 6080 455 9134 1071 6564 9204
30 9321 5233 3471 4803 9175 3954 1025 6779 6221 2917 5369 9339 615 4401 4565 5428 8436 2464 7126 3067 9169 5773 1955 3395 4537 5232 6988 9474 4714 2296
30 2863 9117 6935 2906 6113 4156 5783 365 9182 720 2538 8889 7443 7509 9299 4614 6649 1480 742 4211 6913 217 7619 5408 5391 1634 852 1738 6546 8629
25 4960 929 6600 2479 9258 7022 996 3465 3018 1668 6252 7312 512 1173 7932 7129 9518 5338 5414 6903 8084 1939 166 3202 5361
32 5919 9814 482 523 1924 8118 5349 9268 3318 6309 8377 2707 6015 6697 1618 1796 6272 2560 1598 9534 3162 8300 2458 7497 29 312 399 1279 12 3404 6732 5988
32 7662 1271 3302 2640 779 3036 4307 6559 5343 3086 5603 9855 7247 6716 1171 2219 3043 5131 5431 1901 9373 3538 5558 2294 2063 1815 4026 467 3101 8819 7187 5255
26 7427 3025 5846 1860 3950 2506 238 2794 3882 1680 8813 2589 5800 8787 6644 6104 905 9516 1438 9114 5932 9572 4995 9765 7424 8670
33 9180 4574 4481 2459 421 7980 851 2064 6472 5659 5350 8659 7990 7701 2837 1567 2740 1013 1336 6853 3428 1065 6165 8071 897 9569 1686 9576 6784 7123 6587 7049 7414
28 4114 2698 6152 9039 4034 6278 1542 4394 2021 6711 161 123 4128 2125 4955 9046 8271 9083 3809 458 4242 5624 3352 7617 4518 7926 3901 2661
27 570 3533 256 4777 6766 2677 3667 7393 3167 3546 1444 5352 7989 3981 5072 9560 985 7732 7506 2486 8010 1841 1393 2959 1638 518 7911
32 9543 3856 5815 1462 7637 3079 9533 2797 8518 6795 4997 9835 8943 5309 4547 5817 5716 9729 4059 6494 6527 9783 6035 6803 5979 162 3947 9661 9878 9579 5021 2388
25 6392 9692 330 968 5423 6844 4828 7202 5142 9973 4921 5488 3806 5718 981 8370 285 608 9493 2374 6909 3157 451 7965 6625
28 2851 8453 4049 3991 4909 9520 2375 8423 3487 6225 2020 5600 3568 2006 2697 2700 97 7669 5217 9198 2978 1347 1798 8916 5698 5227 7947 7559
27 4753 6497 8125 8431 7384 5171 2391 8292 7869 3794 4952 92 7491 3525 5013 8827 8947 1008 4220 8508 9205 2778 7791 3355 5789 3071 3767
27 1999 3384 3579 9273 9033 8584 4377 7693 4736 2243 1889 798 2080 6892 9931 6365 2111 5810 6827 9711 5715 5660 3354 491 9330 8479 419
31 4967 7781 5595 1675 5258 7180 2053 3804 5925 8741 1759 1007 3484 6954 600 1392 8288 4847 2319 7314 6383 1617 6592 50 7461 2282 5337 8736 240 4643 7774
30 5588 4671 3119 5334 736 9115 1133 1770 6547 5802 3313 7387 2647 9007 2818 412 1249 9047 7438 5038 2941 7479 8600 8382 7224 6602 6619 7968 1350 7063
32 3873 314 7358 2599 3283 8176 6359 1839 6675 51 4519 4906 3360 4919 4598 2704 2741 5982 7365 4541 8419 7083 7940 1072 9374 7683 573 2123 2829 3381 2956 6051
31 8044 1196 7458 7109 8204 4323 9186 3784 2955 6287 7785 8721 8185 6749 6692 9232 9276 5672 2639 1201 4203 3561 4176 754 3369 5809 3311 1022 3474 5365 6491
29 9351 1833 698 446 1024 663 768 1151 9044 576 6263 4130 4212 109 9464 6375 5971 6953 4162 9156 2974 2081 8209 2089 8929 7094 3226 4708 4690
27 8346 5914 6961 1600 15 33 2247 6236 4055 9690 2931 6693 322 3390 5504 3461 492 6466 2453 2787 6342 25 749 3906 9995 4364 75
29 8849 7382 8543 2140 6876 132 3335 6274 9798 2835 4988 2548 2355 7588 6338 7733 5614 6487 1246 4086 9911 3768 8738 7287 4905 566 5667 8092 3334
25 175 7179 5476 5940 7957 6280 4734 4831 3078 5249 6951 1621 4258 588 9676 3252 725 876 5286 2964 5985 6041 368 8583 9827
29 5014 3765 6155 5598 3411 8046 2840 679 5010 7105 5279 3453 6878 7962 278 4815 17 9005 4863 1463 7145 614 4741 1958 8516 1464 2670 2786 6906
28 660 1365 7929 6363 2930 9394 2728 3802 7875 3058 9780 1935 6368 4425 8038 4167 8087 6689 7783 1696 9972 8535 4459 4682 8978 6680 124 9577
28 3387 626 7581 3291 9773 704 4231 80 9499 8974 3336 1825 3131 8775 4633 6462 8529 9551 5697 7255 708 1005 1716 581 5491 6217 6810 3116
24 6197 7487 563 6177 1969 2710 956 9675 734 3742 4383 2686 4862 6380 5037 3891 1970 3029 2588 5158 517 4590 9555 6216
27 3491 1030 1067 7976 4788 8897 8001 3215 2511 9842 5096 7838 709 2404 965 7196 5631 8825 9649 1232 6465 9082 8165 2999 6332 6639 4184
31 3831 8644 6001 4773 4480 5400 8549 9165 690 6652 6572 6989 5791 3124 6024 5330 1068 3599 2972 4261 7067 7530 2336 2072 2812 486 1881 8105 8062 5033 6413
33 6423 2766 8503 8464 504 1238 8914 2477 3388 5133 3379 199 2044 4045 1885 9326 1496 6977 6877 6417 524 9846 5194 8361 7686 2476 3023 7524 7477 882 8539 2249 5690
32 3363 1752 7031 3630 2971 3696 8711 9272 1888 8274 4158 9921 1206 3834 225 8279 2237 95 7013 4149 5205 6528 9226 4816 6089 9603 4721 4936 8893 8792 1954 9768
31 8097 5325 4474 2304 9123 3557 2519 6616 2409 5105 5821 7401 7802 7282 5974 6457 6873 8621 318 6403 6725 3466 7640 4225 2934 5575 1518 9041 8830 7470 6663
26 8424 1143 5213 1148 9128 2430 2912 6658 9795 2281 5490 4032 4713 5732 86 6323 8847 6124 5246 4742 4806 4283 732 5536 1268 7456
28 934 9446 9075 9522 5751 8438 1267 5945 1198 3830 9990 87 6069 2260 5108 8650 169 2364 4645 5389 2362 4216 3358 7644 3588 5261 5276 8265
27 8786 328 4751 2736 5117 4694 7931 9375 3194 6378 8675 2970 5662 8757 4861 9532 9775 9210 543 5776 9065 2533 8981 4680 2349 3634 2149
25 9714 5524 7946 6046 9967 6027 3170 2318 9733 2654 9562 6098 5664 918 9355 7750 9929 5047 3509 9508 149 7192 9438 212 3107
28 1769 558 1539 9791 6032 8575 4722 9762 8025 1256 6191 6434 2124 1948 7702 9810 9119 618 8626 9639 5449 9181 2197 4877 7677 7008 2594 8816
27 295 9538 1531 477 4001 9909 5506 8182 8655 8794 7076 5000 1650 6684 2615 4120 2015 1828 5957 1565 1180 9840 8622 5864 3760 4058 2630
27 3922 1038 1407 8237 6566 8790 3854 7880 6538 7597 7776 4136 7007 3034 4027 3885 1656 761 6468 8280 9318 7618 6654 4532 3958 1315 3642
29 7277 2351 7864 1560 6767 515 703 2591 6409 4652 9173 6310 4098 4855 3344 407 9653 9730 4405 944 6662 8243 6745 2627 501 6266 4526 7165 6575
31 2805 8561 1187 9038 4996 1756 7203 6267 4444 5474 4062 753 4869 4873 8536 5874 3646 7853 1927 6334 4654 4604 9000 7420 3593 1497 7666 7125 6667 1027 2494
25 7937 553 2570 3907 6485 3091 3587 1081 6705 2502 3251 2730 9796 8707 1806 5754 137 9503 5677 8247 7858 4840 7817 8167 582
27 3592 5503 5794 5207 82 4636 393 9898 6872 2887 2390 8149 3211 6119 471 6443 7504 1979 3469 5709 6478 3717 5344 1801 4235 1635 5107
25 4071 5583 4824 6410 7381 8239 1340 7993 5568 5169 3982 1102 7924 2047 976 9294 454 7749 5902 7440 2819 9900 9358 4014 9700
25 1408 9635 6910 1217 8968 3341 6715 5906 8857 4835 2724 6915 8807 4424 4623 6343 6736 6949 488 9369 2865 2177 3208 6506 7194
30 8220 9246 9366 3987 2860 4084 9590 1009 4194 2646 1309 933 292 7809 3747 7558 5174 6288 4399 5458 7814 4849 298 113 3351 6921 9113 937 9152 6441
26 4398 286 7708 2526 1283 8569 5757 5700 8309 5035 3298 3819 4617 8550 6530 9999 1502 4894 1343 7954 4173 2065 9208 9774 6269 8096
26 6424 5354 1768 4458 5826 3122 7878 4889 7473 4021 3368 1530 2475 8221 8336 5078 2628 5814 4000 6751 7810 3583 3985 8374 6240 5208
27 7653 2847 6416 6030 6374 9937 5323 7872 7142 3158 1872 9545 2092 3011 8886 7893 6998 4482 6863 3714 9519 3578 8203 7518 396 1369 3530
32 4115 4259 8052 9816 7158 9238 3281 5760 8458 6171 1182 6085 8278 9010 2165 3828 2077 7499 9587 7573 9944 9142 139 7250 5088 5657 1800 253 1288 1607 119 4594
31 152 3775 4870 3855 2049 7572 3486 9310 1132 8483 7484 9012 3020 1097 8509 585 9312 4492 6249 3485 5563 6391 7445 4267 857 2618 940 9987 3072 9403 9558
33 577 8468 2554 5112 5566 5460 2339 1229 9362 2961 4306 1986 2986 359 7620 557 7012 9424 9570 904 7210 9706 5179 3658 7658 195 7457 9805 4580 7089 2620 1001 5638
29 5057 8835 2012 6620 1890 3680 4948 2531 2238 6215 6268 4431 4914 7532 1719 3301 131 3814 9624 2625 179 1296 8102 7754 4927 5937 5849 1399 6952
30 8057 6227 9589 7120 3844 309 3703 456 5376 2613 9883 8122 5699 5689 3382 3271 3458 8133 2229 2420 9195 7548 8136 8985 2884 818 4735 936 3048 9307
28 3216 9584 5237 2756 3455 6016 5499 7751 2001 5523 8944 7091 5480 6849 529 3695 8915 1094 7271 8196 7208 3900 3307 2619 2796 796 6955 3570
31 4078 7613 450 4937 9384 7603 5896 9622 3803 1253 4110 3229 521 8861 2811 8338 4883 6009 6400 631 5421 5892 4810 4651 18 485 6832 480 5859 6947 5823
28 7914 8299 994 9336 4068 2472 9150 73 9665 4975 174 9737 5314 8907 3284 9824 2369 2185 8295 650 4886 8405 7600 5402 6358 5161 9968 3422
24 3249 3505 6475 8566 1776 8991 4116 9393 9260 8318 5803 4925 3061 1664 96 7218 8259 7963 4932 6981 3493 9347 5635 7260
27 5465 1896 5136 9747 4239 1863 9640 8178 6764 2722 4204 5963 6367 6010 1936 5067 5737 2419 1578 5636 8048 7451 6501 1061 8081 2380 8307
28 1587 625 8948 4917 1961 4137 902 5861 1516 1708 9952 7056 2666 9325 8461 7823 9162 4846 6831 6109 5765 8510 2990 427 9894 1150 2386 6173
29 7584 9960 6770 4214 6790 4655 6657 9943 5406 1610 8603 6233 9919 8844 3686 3026 8175 1376 5463 7627 7293 6855 6702 6248 6222 2514 1540 7718 1445
29 4852 2517 476 7689 7244 9772 6826 107 8460 5838 257 2050 4002 8248 5840 2817 1416 7155 5651 3999 562 7444 3627 5599 3219 6688 7705 7223 6598
31 5798 7448 7529 1037 6970 2042 1059 8714 7719 9936 5390 5070 7939 1003 1452 6502 6282 5546 9630 645 1240 7127 347 2443 8393 3930 7090 8011 8585 6498 3059
28 6190 502 4050 706 2154 1898 7390 972 4687 2397 7941 1870 628 9923 6837 5056 1611 8997 847 201 3294 349 1790 4450 3936 4947 8744 233
28 1572 1492 810 3560 4573 8726 8264 9126 6914 7188 4132 339 5994 7656 6204 1351 2227 6110 4429 6645 8428 7490 4666 4702 2067 6843 8385 2423
27 8709 3972 6231 2168 9708 2536 1258 2142 6296 7352 258 3449 522 2326 494 9103 6127 7507 2880 6047 7827 2597 2115 7386 1655 8514 973
28 5500 8177 1186 1139 1152 7607 7278 9554 5146 7709 1395 8604 3685 5720 6075 8999 762 8119 4202 7956 5872 8685 4411 5650 6397 4793 2561 5486
31 78 3665 8678 4088 3149 4622 908 2920 9583 7483 358 8260 8335 3730 1146 3401 8942 2312 4752 1729 9574 4971 7339 4783 4631 7746 2308 8959 7270 6656 7775
26 9189 7918 4006 9559 1715 9719 606 3420 3156 1360 8832 8734 2389 1406 1517 112 6326 6938 6589 6031 1019 5538 6366 7951 953 2406
30 1717 4107 8432 1862 9606 434 3731 5022 7441 5887 8528 8493 9420 1158 3392 1709 4696 2576 3896 2889 64 5927 4513 9026 8456 9667 3710 7214 7885 9138
31 8544 9194 4170 3064 8699 304 3537 9540 6615 8993 1248 7950 2825 6352 3393 3096 4335 7437 3852 8138 4606 269 1500 735 2638 1281 8117 575 7729 4268 8932
30 7633 2496 4951 227 5908 7648 1260 3733 9097 3443 164 8000 5403 7811 9057 9303 1046 4819 1366 8869 3017 3497 7454 7659 1786 806 9293 5374 5257 4576
23 4804 1377 7380 1505 8954 4703 4205 437 2552 1104 8284 6213 6591 7757 2798 226 4451 913 2471 1153 1479 6159 2810
32 9014 9727 4507 9129 4009 7773 8924 134 3984 6550 4289 9254 5547 9593 6585 9833 9792 1070 7171 6170 5464 2131 7624 3751 6070 5243 1731 1449 6573 1503 2157 6479
32 5046 1364 3260 667 9627 1203 7338 8256 8476 5404 5259 4851 9716 635 2224 4610 2333 3776 4987 6064 495 4626 786 3990 7073 8647 1374 5996 2537 1295 2814 9556
33 7148 6578 6983 7625 6255 9027 5706 4486 311 6740 9270 4929 4665 5501 8505 8821 1929 1418 5230 1382 5594 5003 599 5444 776 9313 9331 3841 2926 547 2075 2215 7533
28 3423 5147 7235 5206 7449 1080 9428 5166 7061 9415 8262 3105 4290 1919 1188 6904 5040 2660 9337 9009 7266 9722 8632 3727 5215 8298 1653 5666
29 1048 9136 7636 1422 3391 1604 2242 7768 3558 8828 5900 2183 3286 7554 133 2759 3463 2821 8333 398 3255 3761 8521 506 898 5728 3909 8290 282
30 9413 6791 6154 5903 3385 5534 3050 1795 5542 6341 5353 3203 5159 4095 38 2808 67 9411 5758 388 3293 7093 1006 410 1372 3948 7050 3008 6164 7326
30 13 9054 7251 9735 7430 9356 4550 3304 1849 7645 7370 4410 5373 9214 646 3007 4554 2347 5792 3483 2437 37 2559 8533 6532 5548 1255 8589 7315 1651
30 2586 27 6245 1278 9752 8421 5796 9315 499 5278 5687 8153 39 4930 643 8713 3499 1088 5628 6058 1649 3052 1432 5518 6631 20 4548 4502 1793 9895
26 9168 3452 3350 3764 8108 9229 5168 8912 1269 7243 7059 428 7859 245 6146 7143 1733 6373 1362 5437 2896 1728 9710 2779 8218 6865
31 9111 1359 3781 4186 4677 8320 5435 9880 9338 3648 5059 2153 3923 1838 9876 6698 4525 5001 3602 5816 5111 6158 1331 2987 3098 4196 1385 3816 9650 1627 519
28 6808 8090 5955 4503 8120 4476 6580 8328 1836 4577 3548 858 9501 4578 700 5199 5357 2592 279 3789 9086 4012 5173 7413 6673 3285 3504 1766
27 2378 9740 7574 9441 271 3278 2144 4817 5351 8831 4524 4079 6033 6999 3356 5854 6742 733 1156 1058 6071 8014 7228 8363 3779 8305 2444
30 1109 1846 2365 2715 9966 4455 1907 5224 3949 7375 939 2738 4589 2947 4657 2184 4343 6743 6539 3884 2723 4972 748 8202 1874 7164 8918 1690 6121 6148
33 2209 688 2330 2604 7516 1597 629 9489 3040 4745 5176 6860 6188 3277 2148 6471 4488 1832 4555 507 2886 4991 3566 1775 3739 2421 826 6569 6356 127 6496 5562 977
32 962 5645 5944 8027 4227 9831 8564 6205 9437 1310 8511 8159 1920 4601 4986 7919 2739 982 4750 8029 355 260 4563 9496 2162 8690 3649 4619 2345 5928 7907 3386
30 8099 5160 9662 2855 7042 3150 2013 792 4350 1707 1725 9308 1692 1861 8562 6025 4074 5652 3204 4812 9897 9171 4029 459 4746 9099 7731 5844 6650 4188
30 7426 1641 8383 910 850 7579 3898 408 9546 7227 1810 4174 452 3515 9228 2354 5006 938 6802 440 5920 2958 5328 9036 7019 2709 453 5256 8070 2925
28 6950 9440 498 2293 2236 5348 3741 3770 3865 2509 4028 3454 7237 664 2187 8960 9659 3248 3414 6381 4245 2199 4705 3800 5471 9164 836 7820
24 1574 596 336 8745 1737 4175 7910 9781 4559 7472 7131 8189 1308 4340 2447 8900 9396 6568 1107 5381 5091 1209 4695 7153
28 4760 2198 8977 6102 1210 4314 1547 7379 5769 3166 4684 1988 5289 7308 5761 4551 3920 5775 9295 2988 342 364 9539 4850 948 9001 6303 9841
34 9159 6638 1425 3501 5881 4249 171 970 5177 4348 2061 7024 9317 3797 334 6115 9287 6345 270 5590 3895 5493 478 9144 7646 8930 5961 8169 3141 2095 6059 2516 5930 9770
31 8946 3209 8152 3201 8936 1740 1592 6979 5074 3565 9979 2998 7077 305 3978 449 8614 9567 500 8795 8021 7204 8408 3910 7119 6828 390 1678 4063 819 9604
24 4764 3534 9785 6681 1787 7526 4193 9634 7032 1244 8842 2671 3250 3287 8425 1286 8525 8473 1814 8789 4105 7938 470 6091
34 1808 8128 4392 6959 5545 9636 9322 3610 9055 3528 9133 6584 8211 6666 5420 2465 6721 4637 958 6617 801 4359 5164 129 6723 4449 4150 4571 621 5032 8986 7921 9873 4329
23 1577 2813 7191 5102 216 3644 2322 8642 4990 778 7404 4546 5426 7626 7943 4899 727 9062 3154 3237 5593 6755 8879
28 306 3511 6062 8934 5516 3347 9745 5878 4679 6574 7355 8231 4090 8578 4496 4648 307 8817 3115 9691 7998 2311 3289 2441 2400 9971 6974 3810
27 9888 7794 8492 6778 780 7488 4221 1802 3835 1329 6882 5691 5820 6611 1346 7570 6571 7599 8467 9623 4255 1834 4291 8244 103 2467 2338
29 4077 7216 4169 2916 2746 1674 9975 7111 8040 391 5064 2408 6728 2014 4368 2869 9297 4299 6054 8662 7211 7092 4569 1995 5515 8100 7850 341 7652
31 138 2795 144 2244 4966 9120 4784 8966 4302 5157 9172 9289 9531 2083 1074 9993 2610 4402 8137 4317 1713 4051 8041 1101 3862 1129 6086 4297 2306 2556 697
32 4322 804 9360 1247 4802 1855 4053 5610 3619 3182 7981 1032 301 6581 7072 1552 514 9487 8868 7 1274 9013 3699 6317 8779 7770 4600 1184 8619 6647 2611 2107
30 2672 2146 8183 9951 6407 4716 8417 2748 3520 2562 413 4818 1960 6298 32 5947 1636 1272 5394 2299 3473 1743 6126 9819 262 891 4592 9388 7908 4915
27 4466 3076 7494 9568 1049 2768 8006 8488 6473 7815 4316 954 4351 1535 4740 5640 763 2932 8101 1183 1546 5521 6327 8658 8771 6480 7641
26 3815 4632 4219 2239 62 7349 1028 4483 2071 2928 4147 9207 9552 9595 9525 5034 1234 4772 2669 3447 7074 6499 8979 1015 1697 2518
31 666 275 9820 1805 659 5308 4286 6322 1282 4273 5163 8680 2286 3825 2935 9466 7005 9453 7909 4164 6759 3737 1394 6605 1534 3977 374 1580 7521 824 1778
26 6845 7186 534 8227 6493 7485 7299 2744 3480 1477 8067 1524 5332 1963 4112 7591 8674 7170 7137 3626 8811 8522 31 3197 1533 3082
33 4768 7205 548 1051 6504 1243 4465 4457 1317 2629 5818 3174 3629 1744 580 4373 4072 3213 5484 5252 5498 3056 3621 9807 9965 1208 5710 9950 7121 3457 3468 4339 4771
25 602 2090 3258 4957 6000 6727 927 841 6084 59 6773 6941 863 1409 6991 5081 6387 7582 8809 5341 9335 6002 7106 4998 2936
28 9988 612 528 1964 2966 208 9467 4799 9854 2009 3035 7334 3721 9 8190 3927 335 8186 2662 1357 5155 2694 6339 8994 6308 6823 503 7417
32 9890 7229 7047 3693 1205 170 6283 4165 5144 5525 4553 8365 1127 5012 991 6449 2720 2852 6182 9024 7159 302 3276 7325 1078 8433 8747 4042 172 4257 7997 1397
29 42 2874 1421 3707 3238 5990 9302 9107 9327 2943 9127 1630 8605 3585 8124 7514 1231 6043 1476 1251 6370 5316 1108 8788 6181 9586 7474 4685 5644
29 7324 2152 1275 2578 9625 9961 2745 4083 4833 3817 5890 7589 4602 4756 2568 9776 8379 4285 8342 4265 197 9020 8343 4615 2170 1323 3106 6537 4361
28 3233 3929 5889 3618 3866 5416 7286 7087 8958 9380 5975 3637 1402 4180 7953 917 6726 52 8291 7398 4154 7567 9881 3943 2275 2273 9802 6511
29 4473 5673 9447 9460 554 8969 26 2755 2401 5125 8649 9274 3813 8573 9222 5220 9666 7758 2216 4853 19 4668 1200 5576 9101 4320 426 2902 7368
32 7735 4796 6888 9685 5387 9836 2358 1804 7467 383 9314 5879 1688 7466 300 116 3136 9256 3889 623 183 4232 8667 2173 8367 9316 6957 4558 6858 8845 5621 5240
24 395 188 5910 2166 9241 1344 4630 2919 6344 8330 6948 9091 4839 2034 9981 4719 3973 5620 2317 4426 5294 4437 2530 4977
28 4974 4765 6890 6928 3259 5318 2609 6393 7078 3254 7651 5329 7949 729 6846 6111 4700 1537 8804 9614 122 890 6066 3045 7246 6842 8631 63
29 4935 766 9933 8733 5086 6123 1917 5277 4520 9677 8956 6908 4448 6439 8210 1 538 1720 6939 6195 8580 8704 2438 3526 7301 5016 2907 5991 3232
26 2823 1415 6402 4152 610 5315 8238 5297 2255 3147 673 3684 4438 3408 424 5923 7051 8059 3022 8088 4038 9582 8928 7978 2678 6787
28 746 6021 7871 5669 5310 5181 8992 5682 5863 5556 7592 2689 3144 7037 8347 865 1952 2800 639 9830 4305 3077 2641 9550 3510 1396 6722 6542
33 7418 4065 1573 6347 1140 3867 1465 5126 6710 9121 8478 8322 7955 2799 7284 545 1747 8814 382 8373 7273 2684 4023 549 3357 3523 2579 4681 6251 2942 1345 4712 5392
28 102 6330 5130 8356 9408 7436 6866 4413 5023 7305 6224 6178 7001 5202 9668 7888 6712 7762 8312 7274 542 2340 2454 2718 1765 9064 1522 85
27 3902 2163 3782 7724 1558 4030 5228 6738 1121 4040 2867 2946 8426 361 1495 8082 5655 1116 401 5753 7892 3478 4531 8376 8487 5897 7272
29 1788 5721 2693 273 6351 4587 2058 2096 5510 6385 4497 4892 5847 7321 6426 5214 6306 5098 7433 4330 8656 2688 4198 7657 8763 8002 2329 8360 8753
28 1386 3496 915 5462 432 7790 7891 2846 9500 9575 9821 8145 6082 3807 922 5075 7556 7836 842 6083 3550 657 9132 712 9450 9025 624 8314
30 6229 9718 6093 7394 460 5066 5058 2310 5401 5425 7257 76 430 6026 5095 5378 2692 303 3046 7964 945 155 5319 1857 8777 6818 9698 4552 1991 8964
27 4801 3210 3640 2252 6005 8697 4192 2057 4282 8646 4341 9035 5282 7258 2683 9344 1894 4434 255 1910 5866 3572 6077 8146 2268 9573 5284
31 9696 5703 6543 7395 6623 9076 7721 675 6212 4672 4938 6708 9983 8482 3753 4656 6045 3690 9512 8863 5364 6455 6848 1900 3450 8749 9463 2143 9882 6088 6090
28 1965 1824 7511 2836 6655 540 1053 2101 5170 252 1792 9917 8296 2316 7612 7058 5943 6518 8702 3222 3945 1757 8524 9715 2751 6490 1739 7341
30 1472 9445 5041 479 5263 5151 5229 8754 6036 901 4241 1723 9809 1962 6996 99 3886 8226 180 5977 9693 3093 2773 1297 3752 6717 9422 7839 5473 6202
30 445 6982 726 9506 2253 3412 5303 6446 2289 6690 6354 4428 8384 1358 920 6851 1616 7829 3824 9758 2871 1455 7389 6917 2392 2883 6013 5466 6637 5029
26 4141 3265 9850 5472 3951 684 3348 4575 5502 9818 7009 3700 5104 5026 8837 7141 8098 707 6243 6536 8075 1454 4561 9615 1946 4087
25 4189 8440 1614 7667 6551 9461 3678 1683 8369 4100 9655 1280 1401 2540 1057 3113 9709 9611 3600 6852 8045 181 8776 2456 6730
27 4661 2452 405 61 2350 7232 9549 5857 6295 597 7727 2656 4294 5833 5752 4421 4538 595 1563 3365 6196 1506 1318 7717 8068 2895 411
27 9371 8386 9699 8324 7151 6985 2608 4387 7317 420 8258 8089 1436 5839 5299 2564 9345 4439 4536 4296 3135 856 6503 3138 3038 2367 7264
23 8595 4989 4807 7694 7026 5726 3242 6186 4792 8245 8294 3127 2893 5730 2484 148 6642 1658 9905 7730 439 7004 1596
32 7256 3240 9887 7793 8297 6474 4976 184 9006 4857 9529 7108 4825 9158 3010 1314 6072 3662 4070 2045 246 2277 7302 9306 6239 8940 8554 7411 7542 1079 6179 6422
25 671 4349 1712 9304 3009 1913 1760 9407 3090 1098 4178 822 1405 259 9367 3723 9513 5980 3967 433 5995 7897 5386 2371 9255
27 5062 2091 4397 457 7707 1554 4697 4069 5218 7316 1089 203 1168 4019 5834 9769 7088 9290 3102 3327 4618 1992 3338 9225 2927 2776 7568
29 6603 8903 3005 7845 6500 9456 9183 5748 5935 472 5429 3670 3314 8435 3974 2413 1052 8688 8534 6958 5469 7182 823 6797 9143 5734 8353 8443 2103
27 3236 5801 3503 2940 1442 81 3556 3711 1020 1526 1908 140 8639 9334 2348 6438 8155 2128 6967 5641 6144 8772 3015 4820 5953 1921 4331
27 2414 2297 2649 2469 5999 5020 7679 466 9436 1693 3362 7082 7873 609 9381 1391 3068 9922 2192 3935 3200 828 441 6833 3421 3472 4659
28 3590 6687 5127 8234 7406 1245 4315 1897 6567 9281 5440 5083 403 9458 3944 8329 2108 4118 6020 6297 7198 4013 632 717 8164 5787 7934 9510
29 2652 159 8971 9755 8261 919 8933 2194 1971 3402 5291 8855 9694 5727 9098 1117 5150 1087 5271 622 3706 9713 1943 7261 8236 4791 2213 8898 7899
28 7828 8896 5965 5298 5867 2680 1304 4726 83 1320 3926 4371 3853 536 6476 7262 3445 1984 9265 296 4999 1685 4959 6408 9285 8731 8037 7886
29 2182 7979 1410 676 555 1821 2624 5121 4101 5290 909 3441 2251 4113 2341 9553 1471 8703 579 2529 9602 9977 9069 509 1967 7174 7608 3748 5723
32 8551 4805 2000 7020 462 5051 7176 8500 4044 3989 9089 7377 5442 4992 1968 7233 7831 9252 8764 1169 8171 9896 9511 3792 8173 6241 3257 5380 892 5586 7852 4881
28 5777 7984 3312 5128 3735 4910 9907 9494 800 5071 4460 9368 9704 7242 2342 2462 803 3432 2270 2598 3217 4022 8635 3688 652 2737 6038 2623
31 4052 3628 5564 928 1608 2218 1131 6859 2410 7374 1799 9618 3317 1135 8168 903 1033 9726 6604 7535 6805 4427 7933 7360 9170 9778 3207 8024 5591 5007 8395
25 9340 5262 7421 5632 9515 1659 2429 541 3821 5749 1867 2897 1262 2981 9283 1887 3261 9429 165 1478 316 8818 3687 2523 9918
28 5552 724 8698 8504 9131 6284 8462 7927 4388 2055 7983 5830 1321 9389 2527 8975 5806 1732 7350 4725 1334 5684 1529 9620 9112 2828 4461 3870
27 7901 1753 8870 7752 2815 1016 9874 5201 3777 1290 3563 6719 9177 6147 4902 2407 7510 3337 2180 206 4485 4039 44 6169 9580 5204 5211
30 2648 3235 7011 7323 5448 813 9485 2771 6523 3508 4612 9261 1137 2753 4737 6884 5272 8459 867 5663 9479 3498 4593 9253 7616 4517 5559 1211 4418 7492
29 993 3632 5241 598 4248 9955 7356 8469 8760 5584 6183 3795 8334 9763 7363 4125 1973 1931 2164 6307 5871 6733 5358 8188 9342 2866 1263 3218 5513
30 3581 816 3339 6871 7416 5251 9391 9585 5759 3715 1671 4124 84 1085 9736 6166 6565 1225 4475 5853 3976 2676 9206 783 2427 4584 2571 556 2879 9418
35 2711 8927 5675 8717 4933 605 53 572 4642 3195 4190 1207 2100 1069 1933 1489 7712 1771 7099 815 6350 5958 2327 9471 9875 4491 7571 6131 5992 3165 8838 5629 5729 5779 3818
27 8039 1734 3519 9416 4355 9892 5862 4647 8616 3849 8255 3108 5505 414 7079 6087 2696 4675 1447 8527 6709 196 3607 8151 3006 2254 7527
29 7576 6796 3373 4718 9989 1777 7038 110 9908 5550 2643 387 3543 4603 5191 6930 9323 325 3433 8705 4142 3689 9657 5234 4108 3661 1762 9452 98
26 8267 1330 2573 2186 5520 3275 7347 5223 74 8477 9482 1972 5027 9483 4843 583 1652 1230 1510 4859 7734 7738 1615 3957 6390 1185
28 9215 7297 9104 1772 9974 8957 1904 7163 8588 5407 5055 7503 3955 5661 5198 9707 7018 5978 2653 4738 7285 853 7034 5250 1714 574 4345 1868
27 3145 601 2607 6461 9756 8906 4252 2868 4134 9425 9870 9153 5382 8967 5118 9233 475 4207 2975 5288 1335 3750 4790 5342 2938 8195 4866
29 3153 5069 7014 8885 4 3442 5574 4530 8442 4566 4432 7812 4163 1166 2017 2761 2546 7737 2029 6682 5625 8275 2434 6577 4827 6830 9799 722 3227
29 1764 4122 2228 1123 1257 4639 8673 3430 4293 6018 777 1498 3063 8882 6521 8401 5880 2246 2898 6034 1755 5172 5140 8160 2732 8032 3451 2915 3554
25 7760 1595 9930 2051 8766 2782 7117 4031 4201 2382 539 6895 9588 1613 100 8856 5143 7562 1328 9953 5805 2616 1473 8351 7021
25 7313 5467 5740 9019 5333 3323 4005 8368 8111 513 1433 4334 8815 9278 9008 6453 7248 5554 9088 7303 9948 8174 6447 8402 2451
31 654 8607 7337 9037 5247 8282 653 8201 7369 1603 3340 6357 1647 741 5395 2877 924 9185 8140 5479 9174 6739 8839 1084 9275 4075 7289 787 6704 3663 1911
30 1466 8724 5326 1348 3643 9632 9621 9761 9856 2433 5274 1326 3330 7863 1303 1147 8015 9712 9564 955 9405 370 6247 4939 8030 5184 235 2544 5717 202
29 4616 8654 5917 7744 3623 8693 7086 2450 926 8042 5508 881 4582 1934 6829 5808 5519 2466 6315 4595 7403 8359 1481 6899 5795 5543 2031 5851 6596
23 9211 3171 1250 6731 7464 6437 5496 569 8752 1451 1453 3576 8313 4786 6132 1475 3577 7052 4664 9705 2357 3074 4037
26 2636 4494 2785 5134 5148 7668 9223 4950 6419 1871 7135 5412 3303 2010 1866 3567 3013 7040 1619 827 4463 2991 8712 6068 1727 9837
26 2993 8669 8523 3937 5113 8586 9095 1639 8506 7745 9771 9412 642 9179 58 4676 999 5688 2022 8664 8344 9514 9865 7788 8574 7215
27 6891 9688 9797 6117 8950 5226 6421 2468 7944 2331 1193 6256 4515 1701 3941 2882 4780 6894 3843 8676 6254 983 8018 4913 5317 2134 8009
21 5030 6257 3701 1175 5705 1222 5639 3234 2062 5768 5869 8341 4727 324 5708 3282 2366 7055 737 2911 9018
28 7883 6200 4238 1909 8820 221 3541 3904 3037 4758 4229 886 3603 6674 564 5848 680 7725 2757 2663 9920 5807 242 351 2264 6305 5551 7348
29 2563 7606 281 3164 6007 2908 2950 190 8904 525 1423 360 6590 2076 2276 7663 8007 3672 6758 2026 2665 3178 5019 2079 7714 8695 5747 8784 711
32 3256 8339 7798 8053 7249 784 7149 1735 3887 620 6800 6813 8455 8512 6399 1170 2939 5804 2888 2432 2200 5186 8608 2742 9486 6076 7991 65 1270 8240 7460 9741
26 9858 4338 1100 9612 8471 8727 106 2403 1307 5222 5781 911 7025 3220 2982 6078 884 3378 2127 315 6289 1576 6052 2059 8392 5738
28 9872 5837 7343 4318 2085 2137 9242 7605 793 2078 1589 7740 3477 6540 6106 8866 8156 7825 1722 5004 6517 6911 2328 6201 8803 3467 6960 3375
29 4759 9202 5553 3746 2394 6817 5090 8668 8147 9654 3415 4748 7587 6100 7307 6594 6180 9596 1224 248 3372 7797 8785 8079 9680 1337 6325 5054 9982
29 8407 7539 9251 1241 8257 5580 8454 9939 4264 4782 5411 5346 9427 4191 481 3244 774 5362 9938 5339 5922 9536 8555 1115 4380 1891 764 9860 4916
31 6669 9257 5528 6664 4607 7865 4395 6389 1149 3912 3683 5763 7942 6238 9280 1853 1606 4836 1265 3773 4206 2764 9305 8104 4468 5560 7152 7741 7841 9607 4747
