500
0 5280 5024 2497 321 8994 259 2981 3783 7755 524 9040 5649 1937 3672 1881 9244 8605 7134
1 4224 5601 3336 3720 9224 1611 1740 493 5520 8785 4081 4306 5715 52 1942 8861 8671
2 9312 2497 5649 3573 2981 4901 3672 6713 7885 7134 2638 3758
3 833 3715 1668 1893 3653 6181 8136 9321 6793 2160 8406 7736 1336 1020 9823
4 2240 2497 8353 2981 7430 8136 5962 7755 524 4909 79 5520 1683 5715 3672 7736 3739 9211 7134
5 4224 8353 3336 3720 1611 524 876 4909 8785 4306 1683 52 6101 1942 4505 8861 4959
6 5280 5601 8994 8357 2981 3111 7112 493 9040 6608 8406 3672 5884 7228 7134
7 5280 8353 321 6563 3783 4007 583 524 4909 9935 7087 3857 7859 5715 7732 4182 2687
8 8994 1762 2 259 1348 8453 2054 3783 4909 2638 9935 79 3857 2033 7732 6299 9244 2687 9023
9 2497 3586 1348 3653 9321 6793 9676 4909 7949 9935 79 7216 3857 9235 5715 2687
10 2497 5601 2595 6501 3653 9224 9321 6793 2730 493 5005 5710 5520 7216 9968 3895 9211
11 7904 8994 6563 8067 1348 1668 4909 9935 3857 915 4182 9244 7453 2687
12 2240 2497 2595 8453 1063 3783 9321 2987 2638 3086 4591 6299 2431 2175
13 4032 6563 6467 8453 4901 583 2987 4909 847 8882 915 5715 468 4182 1336 6554 6299 828
14 4032 5601 3715 1063 3720 3336 6218 493 4909 3086 4591 4081 7736 9244 6718 9823 2175
15 7009 8357 4901 1063 5287 583 3111 7112 4909 3086 4591 5520 1336 7736 1850 9211 9371 476 2431 2175
16 6560 2497 833 2 132 2054 9224 524 428 4909 7087 4591 1683 5556 5044 5429 8021 4959
17 7904 1824 5601 3681 3745 3586 3074 3715 4612 838 3720 5609 6218 1740 493 5520 2512 4081 7736 9211 6269 6718 9823
18 1348 4901 3336 4909 7885 5869 9935 9968 3857 8785 3894 6172 7453 2687
19 4032 5024 2 2981 583 4328 7755 847 1937 5715 3672 1336 1881 4988 7134
20 4032 2497 3681 513 3745 4867 4612 7429 1740 9676 8815 9235 1940 1052
21 3681 513 9315 2981 7430 583 3336 5386 7755 1740 8785 8786 468 1336 3672 6554 7134
22 8353 1063 9321 6793 524 428 3086 4591 7216 1683 5556 7732 7736 1020 2175
23 4032 5280 2658 4867 3715 6467 1348 9831 4909 5869 8815 8882 5715 7732 7736 2201 828 5884 9823
24 5024 2240 2497 2 2981 4328 7755 5649 1937 5715 3672 1881 7134
25 6560 3681 6563 8067 259 132 1893 5386 1740 7213 7949 915 9075 5749 4182 5495 1212 8671
26 7904 3586 2 6563 8067 6467 4901 3783 8136 2987 876 8882 915 4182 5495 4664 828 8319 3807
27 6560 513 6563 9763 7430 3783 4777 1740 7859 915 4182 2870 3739 8671
28 4224 1348 1668 5962 4909 5869 7949 9935 9615 3152 3857 4306 1942 4728 8605 7453 8861 2687
29 4224 2 2981 583 1611 4909 9935 3857 5649 4306 5715 9244 8861 7134 2687
30 5280 9312 5601 2981 4901 3336 3720 7885 79 9040 5649 8785 5715 6613 760 3672 5884 476 7134
31 4032 7904 5601 259 1063 583 3720 6218 2987 7500 493 4591 5520 4081 2228 1336 9244
32 4032 2272 2 4867 2979 1668 5382 838 583 8136 8815 847 5520 8786 5715 468 8406 1336 6554 9211 4988
33 5280 4224 4961 833 4007 5708 9133 6831 3152 2512 6675 6547 4247 760 7736 8605
34 4224 5601 6563 1668 4901 3720 6218 2730 493 3376 4081 915 5715 4182 3895 476 9244 8125 8542
35 5601 8357 1063 3720 6218 5962 5708 493 9133 7949 3086 718 4591 3152 4081 8605 6718
36 8994 6467 5285 7430 8136 744 3336 2987 8882 5715 7736 218 3739 828 2078 8319
37 1824 2497 3681 513 3586 1740 9676 4909 9935 4591 3376 3857 9235 1052 9244 2687 8671
38 7744 2497 1348 838 3336 9676 4909 5869 9935 3376 3857 7922 9235 1940 8406 9244 7453 2687
39 5280 5601 2981 4901 7429 3720 7755 493 7885 9040 6608 5649 4081 3672 1881 5884 476 7134
40 4032 5280 1634 3586 4867 8357 3783 7112 3308 7438 8815 3376 4247 9244
41 1762 8994 1893 4901 2054 6470 9676 4909 9935 5520 2512 3857 9235 2611 9211 3227 2687
42 4224 3857 4306 52 838 583 1336 8861 4909 3311 2687 9935
43 7040 8353 3715 676 3783 5738 524 718 79 3376 1777 1909 4055 7736 88 955 3388 9244 8605 9823
44 1348 4901 6470 1063 3783 4909 5869 3086 9935 4591 3857 7859 2611 7453 7134 2687 8671
45 1348 3336 4909 9935 3857 8785 4664 6172 828 7453 8605 8125 2687
46 2497 2468 8164 4901 1063 5962 9676 5391 8785 1394 9235 5715 1940
47 9312 5248 2497 833 3715 4901 2054 5639 7885 79 7762 3573 7736 88 6713 9823
48 7009 3586 6501 2054 1063 3783 5287 9224 2730 4909 3086 4591 2512 5520 7859 3895 7736 2431 2175
49 4032 5601 8994 2 4867 5382 838 3783 3720 5962 493 4909 8815 720 4081 7736 4988 3262 6270
50 513 8453 8136 1740 4909 9935 9968 3857 2033 372 6299 9244 7453 2687
51 1824 3681 513 2979 4612 2308 5509 583 3336 9224 5386 1740 3758 5839 8785 8786 1336 6554 5115 5151
52 2 2054 583 3783 3336 5386 5708 847 9615 2512 8785 8786 6554 9244 8605 9315 2979 1893 3376 7732 1336 7736 4664 5115 955
53 7009 2981 1063 7755 3086 2638 4591 79 9968 5649 1937 3672 1881 7134
54 321 8994 8610 3586 4867 1093 2054 583 1259 7949 8815 2512 1909 3227 9340 9244 4029 5917
55 5280 3681 8994 6563 6501 4901 3783 2730 1740 5708 9133 3152 9040 6675 4182 3895 760 5884 8605
56 2497 5601 3681 513 8994 4901 3720 1740 9676 4909 9935 5520 3857 7453 2687
57 2979 259 8357 583 7112 3720 6218 524 428 493 7087 4081 1683 5556 468 8406 1336 7736 4505 6554 4959
58 4224 8453 3783 583 3336 1611 4909 5520 9968 4306 5426 52 8469 1942 6299 8861
59 7904 4224 2 6563 8067 259 583 9640 6762 5386 1611 7500 876 2512 9968 4306 915 2228 52 9301 4182
60 2240 8353 1889 4901 3336 524 428 4909 718 9935 7087 9615 1683 1299 5044 5429 3388 8605 2687
61 2497 2468 8357 966 7112 9676 3308 4909 9235 1940 8822 9244 2687
62 6563 8067 2981 838 9354 7755 5649 1937 915 4182 3672 1881 7134
63 4032 2497 4867 2468 8164 9676 5391 9615 9235 1940 4728 3262 6270
64 5280 1634 3330 8357 7429 7112 3336 2696 8170 7116 9040 6608 9968 8822 760 4728 5884 7228
65 4224 8994 1348 6920 1611 4909 9935 5520 3376 3857 4306 5426 52 8469 1942 9211 9244 2687 2175
66 354 2 2595 6467 9732 3653 6181 4901 2054 8136 9224 9321 6793 7216 9968 5715 4664 1020 7357 5693 8125
67 7904 513 321 2658 3586 6563 8067 6762 7500 1740 915 5715 2228 4182 5462 5495 7736
68 3683 2054 3783 9034 8363 493 9968 5683 4247 7736 88 3227 9340 5055
69 4032 4352 5601 8994 2 1668 8357 1063 3111 7112 3720 3336 493 4591 9968 4081 8822 7736 3262 2175
70 5280 2 1348 2981 4909 5869 9935 79 9040 9968 3857 760 3672 7736 5884 7453 7134 2687
71 354 2 9732 1063 2730 524 428 3086 4591 7087 720 1683 6547 5556 3895 9691
72 5280 2979 1348 4901 583 6920 5386 4909 8493 847 9935 9968 3857 8786 5715 468 1336 6554 5115 7453 2687
73 4032 9312 8994 4901 5639 3336 2730 5898 7885 8785 6641 3573 1942 7736 6713 476 9598
74 5024 2981 4901 5639 4328 7755 7885 4591 5649 1937 3672 1881 476 7134
75 5024 321 2981 583 3783 4328 5386 7755 8493 7949 847 2512 3376 1937 5715 468 3672 1336 7992 1881 6554 955 9244 7134
76 4032 2 4867 1668 4901 3783 9321 6793 5708 9133 8815 9615 3152 7216 3388 8605
77 832 6433 2 1348 4901 3783 6920 4909 5869 9935 79 3857 2258 6547 5715 6613 476 7453 2687
78 5601 321 9315 1348 8357 3336 7112 3720 6793 6218 493 79 7216 9968 8785 4081 7732
79 1889 2595 6181 4901 6470 1000 9321 6793 7885 4909 4591 8143 7216 5715 5429 1020 7357
80 832 6433 1348 4901 7429 7049 4909 5869 9935 3376 3857 2258 7732 9244 7453 2687
81 7904 4352 6563 4901 838 3336 2987 8785 8882 915 2228 4182 828 8319
82 4224 3936 321 4901 4909 7949 9935 9615 3857 4306 52 8861 8605 7453 2687
83 4224 5601 2 8357 1063 3111 9321 6793 7949 3311 4591 847 4306 52
84 5280 7904 2 6467 2981 4901 7430 583 2987 7755 5649 8786 5715 1336 3672 4664 3739 7134
85 4032 7904 1348 1668 7500 876 4909 9935 847 79 3857 4247 7453 3262 2687
86 9312 2497 4901 9676 9133 7885 5391 9615 3152 9235 1940 3573 6713 9244 8605
87 2497 5601 3586 2 2981 7430 583 3720 493 847 79 9968 4081 5715 1336 3672 3739 444 7134
88 8353 3586 9315 6467 259 3336 524 428 7087 8785 1683 5556 7736 4505 6172 4959
89 4032 7744 3936 2497 1571 2468 8164 966 3783 9676 7949 5391 8815 9968 4081 9235 1940 7736 3262
90 4224 5280 6563 583 3783 5386 1611 3311 847 4306 5715 52 4182 1942 1336 5884 8861
91 4032 1348 4901 935 5708 4909 9133 5869 718 9935 9615 3152 3857 6675 4728 8605 7453 2687
92 5280 4224 1889 2 132 7430 876 4909 3311 9040 4306 5715 52 5429 1942 4247 760 8605
93 9312 5248 4901 5639 583 3336 9224 5898 9676 7885 1231 9968 6641 9235 8467 3573 6713 3513 476 9598
94 5024 1889 2981 583 4328 7755 9968 5649 1937 1841 5715 5429 3672 7736 1881 7134
95 5280 4032 8353 838 583 3783 524 428 4909 847 7087 9040 9968 8786 1683 5715 5556 6613 1336 760 6554 5884 4959
96 4032 4867 6181 5382 9321 6793 8815 7216 6608 5715 5462 3894 1020
97 5280 2497 8353 524 428 9676 7949 7087 5520 9040 6608 1683 9235 5556 760 5884 4959
98 3681 5601 513 9315 583 3783 3336 9034 5386 2987 1740 524 7949 8785 8786 1336 4664 6554 8542
99 2 3715 1063 9034 720 3376 6320 4209 9139 7736 88 4664 955 9244 828 8542 9823 3807 5055
100 5024 8387 2981 4901 3783 4328 4777 9354 7755 5520 1937 7859 3672 1881 9211 7134
101 2240 5601 3715 8357 1063 7112 8136 3720 493 4591 5715 8822 7736 5693 9823
102 9312 4224 4901 5639 524 7885 7949 3311 79 9968 6641 1105 4306 5715 3573 6713 476 8861
103 1889 2 3715 676 7430 5738 9676 79 2962 9235 1940 5429 7736 88 3739 444 8605 2078 9823
104 9312 2 4901 838 7112 8136 5962 524 428 7885 4909 1683 5715 5556 3573 4664 2201 6713
105 5280 3330 6563 4901 7430 9224 8170 7116 9040 915 7285 4182 3739 5884 7228
106 322 8387 2308 5509 583 9224 5386 1259 9676 847 2160 8785 6385 7922 9235 468 1336 6936 3865 4029 5151
107 3936 3681 513 4612 1348 8357 4901 838 3783 3111 7659 1740 9676 4909 9935 3376 3857 9235 5715 1940 1052 2687 8671
108 5280 4736 3330 2658 8136 2696 8170 7116 9040 6608 760 218 5884 7228 5693 4126 5407
109 5280 4736 4352 321 3330 8994 7429 4901 838 8136 2696 3336 8170 7116 9040 8785 7285 2201 5884 7228 5693 4126
110 5280 3330 3715 1063 2696 8170 2987 7116 4591 9040 6101 760 7736 5884 7228 4126 9823
111 4224 833 6338 3586 2979 583 3783 5386 2730 8493 4909 8786 4306 9139 468 52 1336 6554 5115 8861
112 4032 6560 9315 4867 6467 132 4901 3336 2987 7949 2160 8785 8882 5715 8406 4664 828 3262
113 4032 1634 1762 2 4867 8357 7112 5962 3308 4909 5520 2160 6385 7922 5715 8822 9211 4988 9244
114 4224 2981 1063 583 3783 5962 3311 4591 4306 52 7732 6613 1942 1336 8861 7134 2175
115 5280 7904 2497 3330 8994 259 6020 7429 2696 8170 7116 876 9040 720 6608 2228 7285 760 5884 7228 4126
116 5280 4224 3681 513 3715 524 1740 428 3311 9040 4306 1683 52 1942 7736 5884 9244 9823
117 9312 8994 2 4901 583 5639 3336 5386 7885 4909 847 2512 8785 6641 8786 6547 468 3573 1336 6713 6554 476
118 4032 832 3857 6433 5715 1348 5962 4909 7453 3262 2687 9935
119 1889 3336 1000 524 428 8462 8143 7087 8785 1105 1683 5556 5429 7543 4959 8671
120 9312 7904 5248 3681 513 3490 4901 5639 583 5898 1740 876 7885 1231 3376 6641 8467 3573 8406 6713 955 476 9244 9598
121 4224 7009 8357 1063 5287 583 7112 3308 1740 3086 4591 9968 8822 1850 2431 2175
122 5280 4032 7904 2981 7430 2987 876 5649 3672 4664 3739 7134 3262
123 4224 5601 1611 9615 4306 5426 4563 5715 52 8469 1942 4855 8861 8605
124 4224 4736 2240 3586 132 3653 8136 6793 1611 79 4306 5715 9301 5462 218 287 2595 6181 4901 4909 5869 2670 9968 3249 52 1020 5693
125 6563 8067 1348 524 4909 5869 9935 7087 79 3376 3857 915 4182 3894 4664 9244 7453 2687
126 4032 5280 6563 915 8067 4867 9188 1668 4182 838 5495 9244
127 2240 8353 8994 6563 3783 524 428 4909 5869 915 7859 1683 4182 4247 4505 9244
128 833 321 1634 8357 4901 2054 583 7112 4909 9935 2512 5715 1336 6554 9244 2687
129 9312 2497 3653 6181 4901 3783 9321 6793 7885 3758 5715 3573 6713 1020 476
130 6560 5280 5537 6467 132 5220 4901 3783 583 4777 3980 7213 8882 7859 5749 1336 4664 828 9244
131 3681 513 3745 6467 4612 6181 7 9321 6793 2987 1740 8140 7216 8882 1299 6547 8406 4664 828 1020 4284 5917 8319 8671
132 9312 5248 321 4901 7430 5639 5898 7885 3758 1231 6641 8467 3573 6713 3739 476 9598
133 6656 2240 8453 6501 2730 4909 2638 79 5520 9968 5907 5715 6452 5301 3894 3895 6299 9211 2687
134 5024 6467 2981 4901 4328 9224 9354 7755 2987 2512 3376 1937 3672 7736 4664 1881 955 828 7134
135 5601 1348 8453 3720 6920 6218 4909 493 9935 3376 3857 4081 9244 7453 6718 2687
136 6560 5024 3681 513 321 3586 132 4612 2981 3783 7755 1740 7949 5649 1937 3672 7992 1881 7134
137 3681 513 1634 9315 8357 7430 3111 3336 7112 1740 8785 7732 3739 8671
138 832 6433 1348 583 7049 5386 4909 5869 9935 3857 8786 468 6554 7453 2687
139 6560 2240 833 3586 2979 132 2981 4901 583 8136 5386 4909 847 8785 8786 2003 6547 468 8406 1336 6554 5115 7134
140 7904 6563 6467 8357 7430 8822 4182 7112 5962 3739 2987 444
141 7009 1348 6470 1063 3783 2730 2987 4909 9935 4591 79 3857 8882 5715 3895 4664 828 2687 8319 2175
142 7904 2272 4961 2785 4007 9640 6762 7500 876 6831 2160 2228 4247
143 6560 7009 321 1063 5287 3783 524 428 3086 4591 9968 1683 5715 5556 4505 1850 2431 4959
144 7009 2 6563 2979 1063 5287 583 5386 3086 4591 3376 8786 468 1336 1850 6554 9371 9244 2431
145 6501 421 7430 583 2730 9034 493 4909 205 4591 5715 468 5462 3895 1336 3005 5055
146 6563 6467 8453 7430 744 2987 3023 8882 915 4182 3739 828 8319
147 2240 1348 7430 8136 3336 876 4909 5869 9935 9968 3857 6613 218 3739 444 7453 8605 2687
148 354 3715 9732 6470 9831 7659 4140 5389 3086 4591 2671 368 2611 7736 88 1276 2879 9823
149 4032 7105 4867 9315 1348 3336 4909 8815 2512 8785 4247 4988 3262 2687
150 354 2308 9732 5509 6470 7430 8785 2611 6547 5462 3702 9691 3739 5151 287
151 9315 6563 2275 3336 9321 8785 915 7732 4182 4855 7736 6172 8605
152 7904 5280 9312 4901 5639 9640 6762 7500 876 524 7885 3758 9040 6608 6641 2228 3573 6713 6011 476 5884 9598
153 4224 5416 1611 524 9968 4306 5426 4563 1683 2611 5715 52 8469 1942 444 8861 8125
154 5601 2981 583 3336 8493 79 8785 8786 468 5429 1336 6554 6172 7134
155 5280 1634 3330 2979 8357 7429 583 7112 2696 8170 3308 7116 9040 6608 6101 8822 1336 6554 5884 7228
156 4032 9312 5248 2 4867 4901 5639 5898 7885 4909 8815 6641 5715 3573 6713 476 4988 3262 9598
157 1634 1762 8994 1571 132 8357 3783 3111 7112 3336 9224 3308 5520 304 6899 8822 6172 6879
158 2240 833 2308 5509 329 4909 9935 5520 9968 3857 4247 9211 8605 2687 5151 2879 9023
159 4224 9968 2240 2497 4306 5426 9235 52 8469 1942 9676 8861
160 9312 6560 5248 4352 8994 132 4901 1063 5287 5639 7885 3086 4591 5520 5715 7732 3573 6101 6713 476 2431
161 4546 8483 8967 3336 9034 2160 720 8785 7922 3865 9244 8542 5055
162 5024 8994 2981 4328 9354 7755 5649 1937 4182 3894 3672 1881 7134
163 5280 4032 4352 2497 2468 1668 966 9676 7949 5391 9235 3379 1940 3894 760 7736 2777 5884
164 3681 513 2 2981 4901 1063 7755 1740 3086 4591 5649 5715 3672 1881 1850 1052 476 7134 8671
165 6467 8837 583 3783 5386 5710 8786 6547 468 8406 6554 9244 2979 9321 2987 8493 8882 1336 4664 4728 7736 5115 828 4284 3262 8319
166 4224 6020 8357 6470 935 7112 1611 7147 4684 720 9968 6385 4306 5426 7922 52 8469 8406
167 2497 8994 3586 2979 6467 1893 583 744 5386 2987 9676 7438 3376 8882 9235 2003 468 1909 1336 4664 6554 828 8605
168 7904 259 2308 5509 8453 9640 6762 7500 524 428 876 4909 2638 7087 9968 1683 2228 6299 5151
169 7904 2497 1893 8357 6470 583 7112 9676 4909 847 2160 9968 6385 7922 9235 8406 1336 7736 2687
170 8353 3586 7430 9321 9034 524 4909 7438 2160 7922 3739 444 8542 5055
171 5601 3681 4546 6020 6181 9063 3720 9321 6793 1740 493 7949 720 7216 9968 1020 8671
172 2658 8483 6020 1893 838 9063 1611 7147 5549 4909 720 5073 6385 7922 6547 7732 4214 8406 2201
173 7009 3681 513 3586 1668 1063 5287 583 9481 8363 1740 5869 3086 4591 847 4242 5715 9014 1336 1850 6554 9371 2431
174 7904 5601 2 259 583 3720 5609 6218 5386 7500 493 4909 847 4081 8785 8786 6547 2228 7732 1336 6554 6718
175 1824 4736 3681 513 3745 8994 3683 4612 2308 8453 4901 935 8136 1740 7885 7949 5429 218 6299 1052 828 8671
176 4032 2658 2 4867 838 3336 5386 4909 8815 9935 3857 4988 8125 3262 2687
177 5601 3715 1063 3783 3720 5609 6218 5738 493 4461 4909 4591 4081 8406 7736 88 6269 6718 9823
178 2497 3681 513 6563 4901 1063 5287 1740 7885 7949 3086 4591 915 6101 4182 1850 2175
179 5280 2497 2 2468 4901 2054 2696 9676 4909 5391 2512 9040 6608 9968 9235 1940 6613 760 5884 2687
180 5024 8994 1668 2981 8453 583 4328 7755 847 79 3376 5649 1937 3672 1336 1881 6554 9244 7134
181 4032 7904 513 6563 1893 2981 4684 8462 5520 915 5429 4182 9211 7134
182 5280 6560 513 3330 2628 2054 2696 1865 8170 7116 1740 9040 2512 6608 7285 6101 5884 7228 4126
183 6560 8994 2 132 2468 8164 6501 2730 9676 1325 5391 79 4561 2962 9235 1940 3895 3005
184 8994 2 8357 3783 7112 9034 493 3376 7155 8822 8440 9244 6878 5055
185 4224 838 5416 1611 3311 2160 3376 4306 4563 52 8469 1942 8406 9244 8861
186 9312 4032 5601 1893 4901 3783 3720 6218 7885 493 4081 3573 6713 476
187 1348 4901 1063 3783 9034 4909 493 3086 9935 4591 3857 6613 1850 2687 5055 2175
188 4032 2240 2497 8994 4867 8387 9224 9676 524 4909 8815 5391 9235 6547 1940 7732 3672 3262 7134
189 6560 6467 132 3783 744 2987 1259 524 4909 5869 9935 3857 8882 828 4284 4029 8319 2687
190 354 3683 9732 1893 3783 7112 4909 9935 3857 5073 955 9244 2687
191 5280 2240 2 6563 2981 6920 4909 5649 3857 915 4182 3894 3672 7134 2687
192 5280 4224 4032 2240 3936 3586 6467 2987 1611 4909 3311 4591 9040 6608 4306 8882 5715 52 1942 828 5884 8319
193 4224 6467 2981 8453 838 9224 9354 7755 1611 7949 5649 1937 4306 52 4214 8406 3672 4664 1881 2201 7134
194 4224 4352 583 3336 1611 3311 847 8785 4306 5426 52 468 1942 3894 1336 9244 8861
195 4032 5601 6338 2979 6563 583 5386 3370 8493 3376 8786 5715 468 1336 6554 955 5115 9244 3262
196 2240 421 583 3783 9034 493 3376 8786 2962 7155 3894 1336 8440 6554 955 6878 5055
197 832 9312 1889 6467 1348 4901 2987 4909 7885 9935 3857 5429 476 9244 7453 2687
198 5280 3330 1762 3842 2696 1000 8170 7116 7949 8462 8143 5520 9040 6608 5429 760 794 9211 5884 7228 4126
199 4032 7904 4352 1762 4867 5382 3783 9224 524 8815 5520 9968 1394 7859 7732 3894 4664 4988 8063
200 5280 4867 4901 9831 5962 5867 4461 8781 8749 304 1394 6547 7285 6101 3894 6879
201 4224 2497 1348 583 9676 4909 9935 847 3857 8786 9235 1940 468 1336 6554 2687
202 5280 9312 5248 8994 9763 8387 4901 3783 5639 7885 9040 9968 6641 7859 5715 7732 3573 1336 6713 5884 7228 476 9598
203 4032 6338 4867 6501 583 2730 5386 5962 8815 2160 9968 6385 8786 7922 468 3895 1336 7736 6554 4988 9244 3262
204 4224 9968 4306 2 6563 915 2595 52 4182 9321 6793 3311
205 9312 2497 1634 354 8994 8357 7112 524 7885 9935 5520 5715 9211 2687
206 4032 2 4867 2981 5386 7755 205 8815 5649 1937 1299 3672 1881 7134 3262
207 3683 2595 3715 6181 9321 6793 7343 2160 7216 6385 7922 7736 88 3865 1020 7357 2175
208 4032 4224 4352 2 4867 1348 3783 5962 4909 2638 3311 9968 4306 52 8861
209 5248 3715 583 5639 5898 5386 7885 847 1231 2962 5462 88 6554 476 9823 9312 2979 9443 4901 2730 6641 3573 1336 7736 6713 9598
210 2 6563 3111 3336 4909 5869 7949 9935 9968 8785 915 7732 4182 6172 2687
211 7009 321 354 9732 7430 1063 5287 3086 4591 5649 4242 1850 3739 2175
212 7904 8960 4224 3681 513 3745 259 4612 9640 1834 6762 1740 7500 876 4461 5710 4306 2228 8671
213 5280 4224 6501 583 2730 7435 1004 6062 4591 79 5520 9040 9968 8306 4306 3894 3895 760 1336 5884 9245 5023
214 4224 5280 7904 6467 2987 7500 3311 4306 5715 52 2228 1942 4664 8861 8605
215 5601 6501 3720 2730 6218 9034 5962 493 7885 4081 8785 5715 3895 8542
216 9312 5248 6467 4901 8453 5639 3783 5898 9676 7885 4909 2638 3758 6641 3573 4855 7736 6713 3513 6299 476 9598
217 2272 4736 5601 3586 8357 838 583 8136 7112 3720 4684 7949 7438 3376 4242 6547 5462 1336 2201 218 955 9244
218 4224 4032 4901 1063 583 1611 3982 4306 5426 5715 52 8469 1942 1336 8861
219 2497 7009 8994 1063 5287 4007 3783 9676 3086 4591 79 9235 1850 9371 1020 2431
220 4224 8994 1063 3311 4591 9968 4306 5426 5715 52 8469 1942 8861 5917 2175
221 5601 8994 2 5509 3720 9321 6793 6218 493 7216 4081 1909 5462 5917 6718 5151 287 2175
222 8353 3683 1668 9063 524 428 4909 4846 7087 720 9968 1683 5556 5044 8021 4728 3262
223 5280 9312 2497 4901 7429 9676 7885 9040 6608 6641 9235 5715 3573 760 6713 5884 476
224 1889 9315 1893 583 3336 9968 8785 5073 8786 1299 468 5429 5301 1336 6554 6172
225 5280 4224 4901 7429 3721 5708 7116 718 9615 5520 1777 4209 4306 9139 760 7736 3388 5884 8605 3807
226 1893 2981 8357 4901 3336 7112 7755 8785 5649 5301 3672 8125 7134
227 7904 4352 3683 6467 8387 9034 5708 718 5710 3854 9615 1777 3388 8605 8542 5055
228 7904 6656 4224 8994 2 8453 9640 6793 6762 7500 876 7949 2638 3758 7216 4306 7762 2228 7732 5301 7736 6299 1020
229 5280 7040 2497 8994 3586 1893 4901 5549 4909 3376 5073 8817 5234 1909 955 9244 8125
230 4224 4736 5248 2 2308 4901 8136 1611 7885 7949 3311 4306 5426 52 7732 8469 1942
231 4224 8453 8357 3720 9224 2638 3311 4306 5715 52 7732 4855 6299 8861
232 4224 4032 2981 3783 2730 7755 1611 7216 9968 1937 4306 2962 5715 52 1942 4855 3672 1881 7134
233 3586 2979 1348 4901 583 5386 4909 8493 7885 9935 3857 8786 2611 1336 4728 6554 5115 476 7453 2687
234 4032 4224 3586 3783 1611 524 428 7949 3311 7087 9968 4306 1683 5715 5556 1942 7736 9848 8861 3262 4959
235 4224 2 6467 4901 2987 1611 9133 3311 9615 79 3152 4306 8882 52 1942 7736 4664 828 8605 8861
236 1824 6560 3681 513 4612 4901 7430 583 8363 1740 7885 847 5520 8786 7922 7732 1336 3865 6554 3739 1052
237 4224 8357 6470 3111 7112 5416 1611 8363 1259 3023 4306 5426 52 8469 1942 8822
238 7744 2497 8994 3586 2979 8387 2468 8164 1668 966 583 3111 5386 9676 8493 847 5391 79 8786 9235 468 1940 1336 6554
239 2240 2497 2 9315 2468 8164 1668 966 3336 9676 5391 8785 9235 5715 1940 5429 4664
240 4032 7744 2497 2468 966 9385 9676 5520 9235 1940 2777 9244 3133
241 7904 1762 9763 8387 2308 5509 3783 4007 9640 4777 6762 7500 876 5520 5744 9968 7859 2228 3894 4247 9211 8125
242 4224 7904 4007 2987 1611 876 2160 4306 5426 7922 5715 52 8469 1942 4728 7736 828 8861
243 833 6563 915 8067 5429 4182 2054 583 5495 1336 9224 8143
244 7904 3586 2 6563 8067 2054 6762 7500 5710 915 979 4182 5495 3227 9340
245 5024 5248 2981 8357 4901 5639 4328 3720 7755 7885 79 1937 1105 3672 1881 9244 7134
246 832 5280 1348 5708 4909 718 9935 9615 3857 3388 8605 7453 2687
247 9601 9315 2275 259 2308 2981 5509 3783 3336 4939 7755 8462 9040 8785 5649 2611 5715 3672 2617 7134
248 5285 4901 3015 745 3370 8363 9132 4140 4461 7949 5710 2671 3376 2611 5683 955 9244
249 2240 6563 8067 6470 583 3783 9321 6793 4777 5386 4909 847 8786 915 7859 5715 468 4182 1336 4664 6554
250 4032 4867 1348 5382 838 9133 8815 79 720 3152 9968 4988 8605 1565 3262
251 4224 2497 2 2981 3111 7755 4909 3311 3023 4306 52 1942 3672 8861 7134
252 7009 321 2 2979 6501 583 3783 1063 5287 2730 3086 4591 8786 7859 8406 3895 1336 7736 6554 2431
253 4736 3681 513 3745 4612 4901 583 8136 1740 5708 9133 7885 7949 718 847 5839 3152 1336 218 6554 1052 8605 5693
254 1889 1000 9676 4909 8143 9935 9968 9235 5715 5429 7543 6524 2687
255 4032 5601 3586 2 4867 1063 5287 3720 493 4909 3086 4591 9244 2431
256 832 5601 321 1668 4901 4909 5869 9935 3857 2258 7453 8605 2687
257 2497 8353 1762 2 2468 8164 4901 9831 9676 524 5391 5520 9235 1940 7732 3894 794 9211 4959
258 4032 4867 1348 1668 1063 583 4909 5869 3086 4591 9935 847 9968 3857 3262 2687 2175
259 2497 1889 1634 8357 2981 4901 7112 7755 3308 8143 5429 7736 7134
260 5601 3653 6181 7430 3720 9321 6793 9034 3739 5869 7949 5055
261 2595 1348 6181 1063 3783 9321 6793 4909 3086 4591 9935 7216 1850 1020 2687
262 7744 1889 5601 3336 1000 3720 9676 8462 8143 4081 9235 1940 5429 6613 7543 6524
263 4032 2497 3586 8130 4867 583 5386 9676 7949 8786 9235 2003 468 7732 1336 6554 5115 4988 3262
264 4032 8994 4867 6501 5382 583 2730 4909 8815 847 3895 1336 6554 4988 3262 2687
265 321 1348 1668 3783 6920 5708 4909 9133 5869 5710 718 9935 9615 3152 3857 6675 3388 8605 7453 2687
266 5280 4224 3330 7429 2054 8136 8170 3311 2512 9040 5520 4306 52 1942 5884 7228
267 5024 1668 2981 8357 3783 3111 4328 9354 7755 5649 1937 3672 7736 1881 7134
268 5601 7009 1063 5287 3720 8136 9224 6218 493 3086 4591 4081 4664 1850 9371 2431
269 4032 5280 6563 8067 2981 4901 3376 9040 915 5715 4182 5495 955 9244 7134
270 5280 3330 2 6563 583 2696 8170 7116 9040 6608 7922 915 6613 4182 760 1336 5884 7228 4126
271 4032 3715 4867 9315 1668 1893 3336 8815 8785 1105 5429 7736 88 3262 9823
272 7744 4352 2497 7009 1063 5287 9676 3086 4591 9235 1940 1850 9371 732 9244 2431 2175
273 5280 7904 2240 2 2979 8387 583 4007 5708 4140 9133 8493 847 3152 9040 8786 468 1336 760 6554 5115 5884 8605
274 5280 4224 3681 513 6563 1093 2054 3783 1740 2512 9968 4051 5715 4182 1942 3227 9340 8671
275 9312 2 6563 2308 4901 5509 1063 5639 7885 4591 6641 5715 3573 8406 6713 476 5151
276 7009 513 6563 1348 1063 5287 3086 4591 9968 915 7732 4182 1850 9371 2431
277 4736 2595 1893 6181 6470 3783 8136 9321 6793 2444 4909 79 7216 5073 2962 2611 5715 218 1020 5693
278 4032 2497 3681 513 6563 583 9676 1740 876 847 5520 915 9235 1299 5715 4182 9211 3262 8671
279 513 9601 321 9315 2275 3783 4777 9034 1740 493 2160 9968 8785 7922 7859 8406 2617 5055
280 9312 7904 4224 2240 4901 838 3783 5639 6762 7500 7885 1231 6641 7859 2228 3573 6713 476 9598
281 5280 8994 6563 8067 3715 583 4909 9040 6608 915 4182 5495 760 1336 7736 5884 1212 9823
282 4032 7105 3586 4867 1348 8453 5382 8815 5520 4242 7732 6299 4988 1565
283 9312 8357 4901 5639 7112 9034 5898 7885 79 2160 9968 6641 7922 5715 7732 3573 8406 6713 476 9598
284 3681 513 3745 321 3683 2979 421 838 583 3783 9034 5386 1740 493 4909 847 8786 1336 6554 9244 6878 5055
285 7009 321 6563 8067 1668 4901 1063 5287 3086 4591 9968 915 4182 7736 1850 1212 476 2431 2175
286 4032 5601 321 6338 2979 583 3783 3720 5609 6218 5386 493 8493 4081 8786 7859 1336 6554 5115 6269
287 4224 321 8994 1063 1611 7949 3311 4591 3152 4306 5426 6675 52 8861 8605 2175
288 5280 3330 3715 6467 4901 2696 8170 2987 7116 5710 9040 6608 8882 760 7736 88 4664 828 5884 7228 9244 9823 8319
289 8353 6467 2987 7755 524 428 8882 1683 5556 3672 4728 4664 4505 828 7134 8319
290 5280 8353 3681 513 3330 3586 8170 524 428 1740 7116 7087 9040 6608 1683 5044 7285 6101 760 5884 7228
291 2240 2981 3336 9224 7755 4909 5649 8785 1937 1841 3672 1881 8605 7134 2687
292 4032 6656 3936 1762 4867 8453 3783 9224 4777 6793 8815 5520 2033 7859 5715 7736 794 9211 4988 9023
293 5024 5248 354 9732 2981 4901 4328 7755 9968 5649 1937 3672 1881 7134
294 7904 2658 8994 6467 9224 9034 2987 493 8882 5715 2643 7732 4214 4664 2201 601 828 8828 8319 5055
295 5280 3936 8453 421 2054 9034 5962 493 7922 4051 3227 6299 5055
296 1345 8897 1348 9831 3370 4490 5676 5389 2958 3376 8786 7732 6646 5462 3672 955 9244 7134
297 7904 3586 2981 1063 5287 9640 7880 6762 7500 876 3086 4591 1554 5715 2228 6613 3672 9244 7134 2431
298 96 1889 1000 682 8462 3824 1105 2611 6964 1044 5429 3542 3926 7543 3961 6523
299 4736 6338 3586 2 8387 7430 583 8136 5386 79 5520 8786 2962 2003 468 6554 794 218 3739 1762 2979 8493 7732 1336 7736 9211 5115
300 3681 513 9601 2 9315 2275 1348 3336 1740 4909 5869 1327 9935 2607 9968 8785 5715 6613 4542 30 2687
301 5024 5280 2981 4901 583 4328 5386 7755 847 79 1937 3672 1336 760 1881 6554 7134
302 2497 3586 9315 6467 2308 1668 3783 583 3336 5386 2987 9676 5710 8785 9235 1336 4664 6172
303 6560 4224 2658 1634 132 8357 838 3111 7112 1611 9676 5710 9235 1940 7732 8822
304 4032 2497 321 1762 6563 8067 3783 4777 5520 915 7859 6613 4182 794 9211 1212 9023
305 4352 3681 513 3745 8577 8002 6467 4612 4901 744 2987 1740 5839 9968 8882 8310 4664 828 4284 8319 8671
306 6656 3715 8453 4909 2638 79 6452 5301 6101 5462 728 7736 88 6299 2687 9823
307 5248 2497 6563 4901 583 5386 9676 3758 847 5391 4591 8786 9235 915 1940 468 4182 1336 6554
308 4224 3681 513 5416 1611 1740 3311 4306 5426 52 8469 1942 8406 8861
309 4224 2240 8994 8387 1668 1611 8781 7949 3376 4176 4306 1394 5426 6547 52 1556 8469 4855 7545 8861
310 4032 3683 1348 1668 2054 4909 9935 79 2512 3857 4051 3227 9340 8125 2687
311 9312 4032 4867 4901 838 5639 3783 5898 7885 1231 6641 5715 3573 6613 6713 476 4988 9598 3262
312 3586 2 1348 3783 9034 524 7949 2962 1683 6611 5715 6878 550 428 493 4909 9453 5869 7087 9968 7155 5044 7732 8440 5055
313 4352 7009 1348 1063 5287 3783 4684 4909 3086 4591 9935 3376 3857 9522 5715 1850 9244 8125 2687 2431
314 5280 3681 513 3745 1634 4612 8357 4901 7112 2987 1740 79 5520 8882 5715 9211 1052 5884
315 7904 8960 1889 8994 2 3783 1000 9034 2699 876 493 5710 8143 9968 5715 5429 1909 5055
316 2 259 6501 6311 2730 524 428 4909 4846 7087 79 1683 5715 5556 5044 8021 6101 3895 5592 3005 4959
317 7009 354 9732 1063 5287 457 5708 3086 4591 9615 6675 533 1850 9371 8605 2431
318 6338 2 2979 6563 6467 8387 6501 583 2730 5386 8493 847 8786 915 468 4182 3895 1336 4664 6554 5115
319 5280 2240 3715 2595 2981 6311 3783 9321 5738 4684 9040 6608 5649 7736 88 5884 7228 7134 9823
320 3586 1636 4901 838 6470 9034 493 5710 3023 2512 7155 3894 8440 1437 6878 5055
321 7904 9312 4032 5248 4352 4901 5639 9640 6762 5898 7500 9676 876 7885 2228 3573 8406 6713 476 9598
322 6656 6594 8453 9192 9676 5869 5907 4500 6452 7732 5301 8406 728 6299 3358
323 2497 2468 8164 8453 9676 524 2638 5391 5520 9235 5715 1940 6299
324 9312 8353 3074 4901 5639 9224 524 428 7885 6641 1683 3573 6713 4505 476 9598
325 2979 8357 7430 583 3111 5386 524 9615 3376 8786 2003 9139 6101 1336 4505 6554 3739 955 5115 9244 8605 8542
326 4224 321 1348 8357 7112 6920 7049 1611 4909 5869 9935 4591 3857 6547 8822 7453 2687
327 4352 8353 321 1634 8994 1091 259 8357 3111 7112 524 428 205 7087 5520 1683 5556 7732 8822 9211 4959
328 833 2658 6501 2054 2730 5708 9133 9615 79 2512 3152 6385 7922 3895 3227 8605
329 6656 8453 8357 7112 3720 524 2638 8143 2962 5429 5301 728 6299
330 7904 1889 2595 6181 9321 6793 3980 4684 3758 9007 1105 2228 5429 1020 7357
331 4546 1348 2981 4909 9935 720 3857 4561 6101 3672 7453 7134 2687
332 9312 321 2 1893 4901 583 5639 7885 4909 5869 7949 9935 847 3857 5715 3573 1336 6713 6554 2687
333 1824 2497 3681 513 3745 4612 1740 9676 5708 9133 5391 5839 3152 9235 1940 8605
334 1889 354 2595 1348 3653 9321 6793 4909 9935 7216 3857 5429 1020 7453 2687
335 4224 3586 6467 259 6501 3783 8136 2730 2987 9968 8882 4306 52 3895 1336 4664 828 8861 8319
336 2497 6563 8067 6501 838 2730 9676 9968 915 9235 5715 4182 3895 2201
337 2240 5601 583 3720 6218 5386 524 428 493 7087 79 4081 1683 5715 5556 5044 1336 3672 4505 7134
338 4224 3584 8353 2 6467 3783 5962 1611 524 428 7087 4306 5426 1683 52 5556 9301 1942 4664 4505 828 4959 1343
339 3936 2240 354 3586 2 1348 7430 4909 9935 304 657 3857 3249 4242 6611 7736 9691 2687
340 5280 5024 259 1668 2981 4328 9354 7755 4909 9040 6608 5649 1937 3672 1881 5884 7134
341 8353 8994 583 9034 5386 524 428 493 205 8462 7087 79 1105 1683 7155 5429 3894 7736 8542 5055
342 8353 2 9315 1063 3336 8136 4939 524 4591 2160 9968 8785 6385 7922 1683 5715 8406 6172
343 3681 513 8353 3745 4612 7429 1416 2217 1740 524 428 5839 1683 4505 8671
344 9312 4224 2497 3490 2 4901 5639 5898 7885 3758 1231 6641 8467 5715 3573 6713 476 9598
345 6338 2979 3683 6563 4901 583 8424 5386 3758 847 79 2160 8786 915 5715 468 4182 1336 6554 5115 476
346 4224 2240 1889 321 259 2981 4901 1000 7755 8462 8143 1937 5715 5429 7543 3672 1881 7134
347 4032 4867 3783 1000 3720 745 3370 8815 8143 3376 9968 3249 5429 8406 7543 955 9244 4988 3262
348 2272 6560 3427 259 5220 1348 8363 7213 7949 1230 3217 5683 7732 5749 8632 9023
349 4736 1889 6501 583 8136 2730 1325 5710 6222 5429 6101 3895 8792 7736 442 3005 5693
350 5280 321 1634 8994 8357 7429 3111 7112 8170 3308 524 428 9040 9968 1683 760 5884 7228
351 1824 4736 3681 513 5601 3745 4612 838 8136 3720 6218 1740 493 79 4664 2201 218 1052 5693 6269 8671
352 833 6563 8067 8387 1348 2054 9831 5962 7659 5389 7949 2512 9968 915 7732 4182 5495 1212
353 4032 2 6467 259 8837 744 3370 2987 1259 8140 3376 8882 8310 6646 4664 955 828 9244 4988 8319
354 7904 8785 9315 2228 8357 3336 7112 9640 2987 6172 828 7949
355 4032 833 321 3586 6467 8837 2054 583 3336 5386 2987 8140 847 9968 8882 468 8310 1336 4664 6137 828 8319
356 2240 8353 2 2987 524 4846 7087 8882 1683 5556 5044 372 8021 4505 828 8605 4959
357 4032 3681 513 2 2979 1348 8357 6470 583 9224 5386 1740 4909 5869 847 9935 3857 8786 2611 1336 6554 3262 2687 8671
358 9312 5248 8353 2 4901 5639 5898 524 428 7885 1231 9968 6641 9265 1683 9139 3573 6713 476 9598
359 9312 5248 6563 4901 5639 7885 9133 3758 3152 915 3573 7413 4182 6713 476 8605 9598
360 4224 2240 1634 6594 2 1348 1668 8357 3111 7112 7755 79 2512 9139 7732 6645 5429 6101 4892 7134
361 5280 9312 6467 4901 8357 5639 7112 5898 5962 7885 1231 9040 6641 3573 7736 6713 476 5884 9598
362 5024 1937 1841 5715 2981 3672 4328 1881 9321 7755 1020 7134
363 2240 513 2 4612 1668 3653 583 6793 5386 1740 847 5520 8786 6554 1052 8671 3681 3745 2979 2595 6181 9321 9968 1336 7545 1020
364 4224 3586 3715 1611 5520 9968 4306 5426 4242 4563 52 8469 9301 1942 3894 7736 88 9823
365 513 1762 2 8999 9224 6506 1004 5520 336 2129 7986 8306 5234 8471 9211 4540 734
366 5280 4224 7904 2497 1063 9676 876 3311 4306 5715 52 1942 8861
367 5024 2981 6470 4328 7755 9133 79 5649 1937 1841 6613 3672 1881 8605 7134
368 3936 1634 3715 1571 676 8357 6470 1063 7112 9224 3977 2987 139 3308 2611 5715 7736 88 9823 2175
369 2 4901 9063 935 9034 5962 493 5520 720 7155 2611 8440 1437 6878 5055
370 7744 2497 3683 2468 8164 966 3783 9676 5391 9235 7859 6547 5715 1940 2777 8605
371 3681 513 3745 6594 6563 8067 4612 8999 1740 5839 336 2129 915 4182 8671
372 2272 6560 1634 1763 132 1668 8357 3111 7112 8781 1394 5749 5534
373 354 2981 3653 6181 838 9321 6793 7216 2033 5715 372 3672 7736 2201 1020 7134
374 5024 5248 2497 321 2981 4901 5962 7755 9676 1937 9235 1942 3672 1881 476 7134
375 7904 6656 3586 4324 8453 4901 3783 9640 9321 6793 6762 7500 876 4909 2228 5301 6613 728 6299 476
376 7904 1762 8994 8387 8164 1668 6762 9676 524 7500 876 5520 9968 9235 5715 1940 2228 1909 7736 4505 9211 1118
377 5280 4224 3330 1571 7429 8170 1611 7116 1740 3311 2160 9040 6608 4306 7922 52 8406 7228 4126
378 4032 4352 3681 513 8353 1740 524 4909 5869 9935 3857 7732 7453 3262 2687 8671
379 4736 7430 3783 4007 8136 4777 5962 2670 1394 7859 2870 4247 218 3739 444 2078
380 7744 2497 2468 8164 1348 6470 966 9385 2730 9676 4909 5391 9235 2611 1940 3895 2777
381 2338 2 6851 1571 259 1668 7430 79 5520 2033 4561 210 372 6101 2870 3739 444 2078 4158
382 2 6563 8067 9188 1893 2730 8363 2799 915 6101 4182 3894 5495 3895 1212
383 4224 9321 1611 4909 3982 3311 9968 4306 5426 52 8469 9301 1942 8861
384 5024 2981 4901 5639 4328 7755 7885 7949 3758 9968 5649 1937 5715 3672 1881 476 7134 9598
385 354 8994 9732 1893 838 1063 3783 9034 524 3086 4591 5073 9075 2643 8542 5055 4959
386 7744 3681 513 3745 5508 2981 7755 1740 304 5649 3672 1881 7545 1052 9244 8125 7134 8671
387 5280 2240 2497 2 2468 8164 966 6470 9676 7949 5391 9040 6608 9235 1940 7285 6613 760 4728 5884 7228
388 5280 3330 322 2 259 2308 5509 2696 329 8170 7116 5710 3376 8785 6101 955 5884 7228 9244 4126 5151
389 1889 5601 1668 1000 3336 3720 6218 5962 8363 493 8143 2512 4081 5715 5429 8406 7543 6524
390 9312 5248 8453 4901 7430 1063 3783 5287 5639 7885 3086 4591 5715 7736 1850 6299 3739 9244
391 2497 2 259 2468 8164 2308 5509 966 935 9676 5391 9235 1940 7732 2777 5151
392 4224 4352 8453 5416 1611 3311 4306 5426 5715 52 7732 8469 1942 4855 9244 8861 8605
393 4352 9601 2497 9315 2275 1348 3336 2699 4909 7949 5710 9935 8785 3857 7736 88 2617 2687
394 5024 8387 2981 838 1063 583 3783 4328 5386 7755 4591 847 9968 1937 6101 3672 1336 1881 7134 2175
395 833 3586 8994 1668 8357 2054 3111 3783 7112 3336 79 2512 8785 1105 8822 9848 6172
396 8960 6501 3653 4901 6793 2730 1834 524 5710 7216 3252 5462 3895 1977 476 287
397 4736 3857 8357 8136 7112 218 4909 7453 205 5869 2687 9935
398 2497 5601 2 2468 8164 1348 966 3720 9676 493 5391 4081 9235 1940 7736
399 3584 3745 583 329 3147 4461 79 9968 2033 8785 7986 8306 5234 372 6101 8471 1336 734
400 9312 5248 3490 3586 4901 5639 5898 2987 524 5964 7885 1231 6641 8467 3573 4664 6713 3513 476 828 9598
401 832 1762 1348 1668 7049 4909 7949 5710 9935 5520 2160 3376 3857 6385 7922 8406 3672 794 9211 7453 2687
402 513 583 5386 1740 3086 9615 8786 5715 468 6554 9371 9244 3681 7009 2979 1063 5287 4909 4591 3376 9968 2611 7732 1336 1850 955 5115
403 5601 3653 3720 5609 6793 6218 524 493 4685 4909 205 7087 79 4081 9459 6131 979 6269 6718
404 832 2497 321 1348 3783 9676 4909 5869 9935 3857 9235 9244 7453 2687
405 1634 6563 8067 1893 8357 3111 7112 3308 7438 915 4182 8822 4664
406 7904 4224 5601 3783 3720 9640 5609 6218 6762 7500 493 3311 4081 4306 2228 6613 6269 6718
407 1824 9312 5248 3681 513 3745 4612 4901 1259 1740 7885 5839 5743 9968 2033 3573 1052 4029 8671
408 9312 8994 3586 9315 2275 4901 5639 3336 5898 4939 7885 1231 8785 6641 3573 6713 476 9244 9598
409 4224 8577 6501 583 6503 2730 5708 9133 718 3311 3152 4306 1299 468 8406 3895 1336 8605
410 4032 7009 321 8994 6501 1063 5287 2730 7949 3086 4591 3895 1850 9371 2431 2175
411 5601 8353 513 3586 7430 3720 9224 6218 524 428 493 7087 4081 1683 5556 7732 4959
412 9312 4352 5248 3681 513 2 6563 4901 3783 1740 9676 4684 7885 4909 915 9235 1940 4182 6713 476
413 4032 2240 9315 2275 8387 2981 3336 7755 8785 5649 7732 3672 6172 7134
414 4224 4032 583 5386 1611 3311 9615 5520 4306 5426 52 1942 1336 6554 8861 8605
415 2240 8004 8453 4230 3783 1416 2217 329 4684 2672 720 2033 372 5592 7736 9244
416 9312 5248 8357 4901 583 7112 3308 7885 2160 9968 8785 2033 1336 6713 476
417 6560 2595 259 1348 3653 6181 9321 6793 1168 2611 7732 5749 3926 8632 858 1020 3358
418 5280 833 3681 513 2 6563 4901 2054 583 5386 1740 2512 8786 915 7732 4182 1336 6554 5884
419 5280 2272 322 2308 5509 7429 3783 1259 8781 720 6608 1394 760 5884 4029 5151
420 5024 4352 6467 2981 4328 7755 2987 4909 9968 1937 8882 3672 4664 1881 8125 7134
421 6656 5601 354 9732 2981 8453 6218 7755 493 9968 4081 3894 3672 1881 7134
422 4032 321 1762 4867 7430 329 5520 2033 8882 372 9211 3739 828 3262 4959
423 4224 5601 4306 52 1893 6101 7430 3739 9244 8861 2078
424 4032 4867 6467 3653 583 9321 6793 2987 524 7949 7216 8882 4664 7545 828 1020 8605 8319
425 6467 259 9034 2987 8140 493 7949 8882 7155 8440 4664 218 828 6878 5055 8319 9023
426 1889 7713 8002 2 1668 1063 1000 3336 3086 8143 8785 5429 7543 1850 2175
427 5024 6467 2981 2791 4328 9354 7755 8140 3376 5649 1937 1841 6547 5715 3672 4664 1881 828 9244 7134
428 8353 3715 421 9034 524 428 9968 1683 5715 7736 8542 9823 5055
429 4032 3681 513 8994 4867 1893 5382 9224 1740 8815 5073 1052 4988 6270 8671
430 5024 2658 3586 2 2981 838 935 9224 9354 7755 139 4909 5869 3376 5649 1937 7732 4214 3672 2201 1881 7134
431 6560 833 3586 8483 5509 8967 3783 1417 7343 6385 7922 5749 8406 2936 1789
432 2497 2 6563 8067 9188 2054 7949 1710 2512 3376 915 6101 4182 5495 1212 30
433 9312 5248 6563 4901 5639 2730 5898 524 7885 3758 79 6641 915 3573 4182 6713 476 9598
434 3681 513 3745 5601 259 4612 1668 6501 7430 3720 2730 1740 6447 210 2870 3895 3739 444 2078 8671
435 5280 3330 6563 9321 6793 8170 7116 7949 79 9040 7216 915 5715 7285 4182 5884 7228
436 96 2 6467 838 9224 2987 5036 4909 8943 3824 2129 8882 9075 6964 1044 7732 6613 4664 3961 828
437 2497 3681 513 3745 4612 2468 2308 5509 7429 966 1740 9676 5839 9968 1940 2777 1052 8671
438 4736 5024 2981 1063 8136 9354 7755 2670 1937 5715 3672 1881 5693 7134
439 4032 2240 3586 4867 5382 583 9321 6793 8493 847 8815 8786 1336 4377 6554
440 9312 5248 4901 3783 5639 4777 5898 524 428 7885 4909 5869 9615 6641 7859 1683 3573 5462 6713 476 8605 9598
441 4032 5601 7009 4867 1063 5287 3086 4591 79 1850 6938 3262 6270 2431 2175
442 8353 6338 3586 2979 583 8424 5386 524 428 4684 8493 5710 8786 1683 2003 468 1336 6554 5115
443 5601 3683 9763 3715 259 3783 1479 3720 5609 6218 9834 7147 493 4909 3023 3376 7859 9300 7736 88 6269 6718 9823
444 1889 6501 6470 7430 583 1000 2730 8462 8143 847 1105 2611 979 5429 7543 3895 1336 7736 6524
445 4224 354 259 7 3720 5708 524 9133 1327 3311 9615 3152 3376 9968 8785 4306 5715 3353 8605 30 5407
446 5280 4961 2785 3330 7429 2342 2727 8170 6831 7285 6101 4247 5884 7228
447 2272 5601 321 354 8357 4901 3783 9831 3111 7112 3720 2730 493 4909 7859 6613 8822 3895
448 2272 7904 8994 9923 1763 1348 4007 6412 876 7732 8789 9526 4247 4728 8828 3358 5534
449 1889 9315 2275 1348 3336 4939 4909 9935 79 3376 8785 3857 5429 8406 9244 7453 2687 9023
450 832 6433 1348 1063 4909 9935 4591 3376 3857 6101 3961 1850 9244 7453 2687
451 9312 5248 6563 8067 8357 4901 5639 7112 5898 7885 3758 915 4182 6713 476
452 5024 2981 4328 7755 524 7087 5649 1937 1683 3672 7736 1881 7134 4959
453 4224 4352 6563 8067 1611 395 5710 4306 5426 915 52 4182 1942 8861 2175
454 5024 4352 3681 513 3745 2981 838 6470 4328 8136 3720 7755 1740 4909 7949 5869 1937 5715 3672 1881 7134 8671
455 5024 5280 2981 1893 7429 4328 7755 7949 9040 1937 6101 3672 1881 5884 7134
456 4224 838 1611 524 428 3311 4306 1683 52 5556 1942 4505 8861 4959
457 7904 2272 321 9315 4324 3336 9640 6762 5962 4939 7500 876 8785 1554 5715 2228 6011 6172
458 5601 6563 3783 3720 9321 6793 6218 493 7216 4081 915 9139 7732 4182 6718
459 5280 450 2981 5962 7755 5036 9040 5649 1937 7922 6964 8406 3672 760 1881 3961 7134
460 2240 1634 2595 8357 3653 6181 4901 3111 7112 9321 6793 3308 7949 7216 8822 4664 1020 4222
461 4032 321 4867 9315 5860 1893 2054 3336 7949 8815 9968 8785 1394 8605
462 321 1348 2981 6470 9354 7755 4909 5869 9935 3857 5649 1937 9139 3672 7453 7134 2687
463 8353 5601 2 3783 3720 6218 8714 524 428 493 4909 7087 3376 1683 5556 5044 8021 4959
464 5601 5410 583 3720 5609 6218 6506 5386 493 79 4081 8306 6131 5715 1336 6554 4540 6269 6718
465 6560 1634 8387 132 8357 3783 7112 5708 9133 3152 9968 1394 7859 1299 5715 5749 8605
466 3715 9763 6467 6501 3783 935 2730 2987 8882 7859 9300 3895 7736 88 828 4284 9823
467 1824 5601 3681 513 3745 354 2 3720 5609 6218 2987 1740 493 304 4081 7736 4664 828 6269 6718 6879
468 7904 2979 1893 583 3721 5386 5708 876 8493 718 847 9615 79 8786 5715 468 2228 1336 4728 6554 5115 3388 8605
469 321 6594 2 8387 6501 2730 9132 4140 9453 2671 79 3249 7732 9526 3895 3358 30 2879 5407
470 6563 8067 9443 6501 2730 5962 1325 9968 7922 2962 915 4182 3895 5495 4728 1212 3005
471 4224 5601 2 2981 3783 3311 79 3376 5649 4306 52 8861 7134 2175
472 5280 7040 8994 3330 1668 4901 7429 3783 2696 8170 7116 8817 5715 1909 5429 5462 6903 760 5884 7228 476 4126
473 4224 5024 2240 2981 4328 7755 5869 5649 1937 4306 3672 1881 7134
474 1348 1893 3783 524 428 4909 4846 8462 7087 4591 1105 5234 1683 5715 5556 5044 8021 5429 4505 2687
475 2497 2468 8164 1668 4901 966 1063 3783 3336 9676 4909 5869 5391 4591 9968 9235 1940 3739
476 6656 1348 8453 4909 7885 7949 2638 9935 79 9968 3857 6299 7453 2687
477 2272 3745 3715 9315 1763 676 4901 3720 3593 5738 6794 7852 3794 6547 1175 3319 7736 88 9823
478 4224 4306 52 3653 6181 9321 6793 3370 955 1020 8125 3311
479 4032 3681 8994 2595 6181 9321 6793 9034 1740 7949 7216 8882 5715 1909 1020 828
480 4224 8994 6339 8004 4230 3783 329 1774 5520 6320 4209 2033 4306 6003 9139 372 5462 3807 287
481 5280 6656 5248 1634 354 3586 2 2308 9732 8357 4901 7112 6611 8822 9691 4892
482 321 2979 1348 583 8618 5962 524 428 4909 5869 4846 7087 9935 5520 3857 1683 5044 8021 1336 9211 2687
483 6563 2981 4328 7755 524 3376 1937 915 5715 4182 3672 1881 9244 7134
484 9312 832 1348 1668 4901 524 4909 7885 7949 9935 3857 6713 7453 2687
485 4736 65 6338 2979 6470 583 5447 935 8136 2670 5295 9968 8786 1202 2611 468 1336 218 5115 30 5407
486 5280 9312 7040 513 3330 4901 3783 8170 7116 1740 7885 1909 6101 6613 6713 5884 7228 476 4126
487 832 6433 2 1348 6920 7049 4909 5869 9935 3857 2258 5715 6547 7453 2687
488 4352 321 8994 9443 1571 6501 421 4901 2730 9034 1325 493 6545 6547 3895 3005 8542 5055
489 7904 2 4324 1893 8357 4901 7112 9640 6762 2730 7500 876 4909 5869 5710 5073 2228 8822
490 7904 4736 5601 321 3715 8387 1668 3783 8136 3720 5609 6218 876 493 4081 2228 7736 218 5693 6718 9823
491 2497 321 2468 8164 1668 4901 966 9676 5708 1740 5710 5391 9615 9235 1940 7732 2777 8605
492 4032 3715 4867 6467 676 3783 5738 9676 8815 5520 9235 7859 1940 7736 88 4664 9211 732 9823
493 4352 3936 7009 2981 6470 1063 583 5287 3111 5386 3086 3758 4591 847 8786 1336 3672 1850 6554 7134 2431
494 4032 7009 4867 132 1063 5287 5592 1850 9371 3086 4591 8815
495 5024 3681 513 2981 4328 7755 79 1937 6101 4247 3672 7736 1881 7134
496 5024 2240 2981 4328 9354 7755 79 5649 1937 1841 1105 2962 5462 3672 7992 1881 8605 7134
497 8610 2 8004 1093 2054 329 5867 2512 304 9840 2033 372 3227 9340 9023
498 6467 259 6501 583 9224 2730 2987 8140 1325 2033 8882 1907 468 3895 1336 4664 442 828 3005
499 832 4736 2 1348 8136 7049 3370 4909 2670 9935 3376 9968 3857 955 9244 7453 2687
