100
0 1 2498 3 451 197 774 8 339 6614 1368 152 3160 26 91 97 2340 677 293 104 1512 425 3053 237 9455 1263 176 180 949 1208 505 123 1725
1 1408 1 2433 2 67 70 1290 76 1428 724 6423 2071 1368 26 27 30 7712 1889 1572 37 1509 1512 2473 425 4460 46 176 1137 7797 949 54 568 5689 2108 60 446
2 3712 3 6531 5 391 583 9 6348 719 20 3796 799 4386 2852 619 1963 44 108 5170 1075 3252 2102 889 825 1913 252 637 381 3006 5566
3 323 68 1671 8 72 585 715 141 1937 7253 6166 86 4630 25 3097 475 3676 1054 2078 546 549 40 105 364 5165 1073 7924 54 2360 248 121 506 698 8444 255
4 192 131 3654 7687 200 779 76 5196 589 4238 7055 17 18 2706 19 91 155 2460 229 488 3689 45 173 110 3056 562 1843 308 116 375 59 5564
5 2 67 1541 134 7 199 8 4552 7497 394 138 13 5197 208 272 212 21 599 409 154 155 286 1310 97 2148 933 37 549 3110 168 3881 1966 2478 303 48 113 117 245 1014 119 1209 1274 637 3389
6 4032 1729 323 68 197 7624 585 715 332 141 3349 470 280 2264 25 3097 2650 6362 30 2078 1502 799 97 546 40 169 2153 364 3244 45 3380 54 2360 121 698 253 6398 63
7 66 131 1156 70 6662 7367 269 6031 848 17 1042 82 87 152 25 93 1438 1310 35 36 39 807 2664 233 174 4848 885 5429 1590 122 380
8 2 6531 3 74 1290 205 142 1039 16 2769 658 212 597 984 155 32 1057 2148 40 6504 105 240 308 53 54 119 4730 250 9085 637 127
9 577 66 900 135 6729 525 656 4240 1105 338 472 475 1756 2652 3100 2973 4253 31 9442 99 676 293 38 3559 1449 5226 938 7147 114 758 121 9723 253 382
10 6912 7234 2 3 196 708 8 12 4621 14 1486 15 1361 402 18 82 149 31 8992 2848 33 4386 419 35 355 2852 5926 296 1707 2668 3244 429 110 51 3252 116 501 309 55 3838 2239
11 8512 5376 4 70 327 3975 72 1353 11 76 332 6094 79 399 1296 724 2135 23 664 1434 27 477 3038 1889 100 37 2473 621 946 243 371 3828 8629 5689 251 62
12 2688 4801 322 2 1481 2128 2385 914 213 22 2264 2330 796 94 1502 1310 5792 161 4514 99 3813 4325 421 678 5417 3756 46 1583 1906 245 56 121 1082 506 1979 701
13 1152 131 70 6 139 269 207 17 145 1042 2579 1686 152 25 27 606 32 160 35 292 358 39 233 45 174 49 50 947 885 54 56 122 59
14 0 1283 4 325 70 264 4104 329 5769 9 396 8076 6604 909 13 1742 209 3987 148 21 22 216 5850 860 30 4895 608 164 1700 807 168 41 2153 364 174 688 437 1077 760 2619
15 67 4 71 8 1225 138 1290 1099 12 9357 15 2769 21 601 25 286 32 36 2148 6438 3110 39 105 554 2477 9262 47 240 49 5812 119 4152 56 2684 62 63
16 256 129 66 706 131 7 331 398 4752 848 4371 20 5526 87 25 992 481 1315 36 485 4325 102 5222 807 167 5417 170 2156 621 303 880 9843 948 118 246 185 58 1979 253 1087
17 0 66 195 5893 454 390 1030 9 7818 779 12 81 19 83 3923 21 23 665 346 2202 1051 797 94 96 42 1710 435 759 247 633 3900 318 510
18 2688 322 2 5634 708 5381 393 1481 9 2128 720 18 275 595 1171 213 22 280 796 94 161 609 99 356 3813 421 613 678 169 7593 46 879 1395 245 1973 56 1082 506 701
19 128 192 321 1793 2564 5 517 454 774 775 1799 583 8 2634 15 207 85 409 345 537 7387 94 286 351 224 480 545 229 358 614 1900 309 53 1653 55 440 1080 1529 2233 253
20 0 1281 67 9798 583 3790 1039 3535 210 3604 2005 406 5526 919 23 280 27 284 1373 1058 34 1698 356 748 48 306 51 247 441 250 1404 126 3198
21 131 1156 70 8 74 138 1482 139 269 1677 207 145 82 2579 152 2264 25 218 27 28 1438 95 1951 2848 35 292 3684 37 422 39 233 109 174 750 47 1263 176 50 947 885 1402 3324 62 126
22 4160 64 513 577 769 2818 72 73 1290 843 459 1805 205 781 719 19 277 1173 27 476 1310 352 161 2402 2724 933 486 102 40 6504 168 299 173 109 9517 49 822 54 699 316 893 62
23 131 1156 70 138 1677 1105 1042 2579 725 1686 152 281 218 90 27 1948 29 5661 606 95 35 101 38 39 1959 2664 233 3244 45 109 885 375 183 55 1271 184 1402 126
24 64 1152 1217 3843 6 70 6408 585 74 75 11 203 139 2060 14 82 8146 725 1173 22 216 8601 28 31 225 6307 2980 1572 3755 1900 1264 48 1845 58 2812 124 127
25 65 3 1859 4100 70 73 9 138 13 205 9677 146 19 21 2264 409 91 733 226 34 6115 165 1126 807 106 683 236 109 494 4911 1199 176 757 182 952 249 127
26 0 1 67 4 71 328 5001 1290 76 15 3730 19 1428 21 25 26 29 1889 99 36 229 39 42 107 49 7797 54 56 5689 4090
27 2 259 8 203 12 79 15 2769 1746 658 19 212 601 27 414 1567 2591 32 2848 6504 2665 105 2860 2477 173 45 751 177 7537 179 1395 246 54 119 4152
28 0 2882 900 645 8 1865 1610 332 77 15 272 402 83 148 22 5526 217 2329 861 1246 2078 992 5921 34 7971 420 102 8871 554 301 4850 1459 180 1150 8766
29 193 2 962 3013 968 1099 1803 1867 4044 9357 462 721 18 153 156 2524 671 2399 37 485 6438 360 424 2153 42 107 2477 5999 112 752 688 4211 1078 57 2684 509
30 2048 4801 322 1026 196 134 264 10 1610 14 2385 17 19 20 5526 1754 2522 155 992 2848 36 4325 6696 5417 234 8875 492 2156 8365 625 6450 435 117 184 1401 7417 1210 1979 253
31 2882 3458 68 900 199 585 1865 715 141 15 272 2576 83 6166 4630 25 3097 475 861 1054 7971 420 549 1958 40 105 554 364 301 1073 180 54 55 2360 248 121 698 1150
32 3458 4227 3 774 3975 4040 717 15 272 83 6614 1368 6424 26 91 861 97 5921 2594 7971 293 104 554 4460 3053 301 9455 176 1009 180 8949 309 505 123 1725 1150 830
33 66 258 4674 2564 3012 5 10 78 15 1167 16 979 7318 3097 154 7387 9500 29 864 2848 2274 104 6697 556 1900 3119 50 3699 180 53 58 1658 1019
34 4096 0 1089 1921 322 514 3 3140 4 198 4104 776 137 1737 138 395 204 8076 268 6604 909 15 18 594 148 5850 860 28 412 30 9952 866 2147 1700 1446 9894 233 106 8044 1263 688 176 4659 760 57 8702
35 1538 8450 899 836 4164 646 7 969 9 138 140 8973 14 272 529 19 83 1363 3923 2581 88 344 1752 27 476 29 413 96 35 419 3236 9957 5221 7718 5158 297 42 1074 310 186 316
36 0 8386 131 7748 198 9798 778 1290 206 3535 144 208 1936 5329 5330 3604 148 5526 22 26 1052 158 9246 2591 36 102 1638 7591 40 7081 554 4654 48 1458 4662 1783 120 1080 4984 187 6013 126
37 4096 1089 322 514 1218 3140 69 198 776 968 137 1737 395 587 15 208 17 18 594 340 154 412 5084 9952 866 34 6755 2147 1315 2469 485 233 106 42 363 8044 44 371 4659 1077 57 2430 8702
38 4032 1665 323 68 581 5 1671 585 73 138 715 139 12 141 1937 2067 25 3097 26 2078 97 163 36 37 1958 40 4009 364 45 1456 1073 8948 54 248 121 506 698
39 2688 256 322 2 130 2503 1481 393 267 77 4302 2128 595 979 22 796 221 94 99 355 421 3813 39 7593 169 245 1973 56 632 506 1082 189 701
40 64 3 6 8 3400 6025 9 3915 205 13 659 19 24 539 92 928 672 161 7777 869 38 230 1958 167 359 169 42 2475 363 1583 50 308 117 182 3704 2745 60
41 2883 69 197 3975 456 136 12 83 20 1044 214 24 2458 27 5724 9566 287 2848 38 422 7591 231 104 554 619 51 116 181 54 1595 4859 254 126
42 1281 1729 198 205 3790 14 1039 1552 144 18 2005 213 280 27 155 284 2848 97 1058 34 292 38 6183 103 935 1643 748 432 306 7347 182 7606 247 441 253 6398 63
43 1408 8512 2 67 899 4 2052 6 70 72 8 1353 11 6094 465 724 20 23 1434 91 3038 1889 100 2473 946 243 3828 54 502 633 5689 60 62
44 256 1153 2 130 194 67 4 68 5 133 138 145 146 21 87 92 541 30 1246 1886 160 224 34 38 9770 7979 2029 301 5681 371 120 1017 1401 124
45 8512 193 2 131 69 645 6 462 465 18 724 148 20 278 3158 279 984 1434 2524 3038 1310 671 7971 100 356 42 107 44 5999 752 4657 4211 243 3828 1078 57 60 509 62
46 0 2 68 69 1671 9 10 11 2379 332 588 14 15 81 18 402 149 1494 349 1694 31 2848 97 419 296 1132 2862 239 371 1460 628 501 182 823 1337
47 384 1 194 131 6 200 3659 845 78 3535 15 207 145 1042 21 2198 152 345 409 90 218 93 1438 2142 1506 35 292 614 3689 50 3379 3700 309 885 375 503 440 3324
48 6336 257 134 198 8326 8 9 2825 74 3019 461 81 4821 86 9433 28 30 96 5728 224 545 99 3684 8616 2920 43 3692 300 46 2863 239 48 115 124 1023
49 836 4164 5 646 7 1671 9 138 11 140 8973 77 14 271 272 529 337 82 19 83 6037 88 344 3097 476 94 2591 5472 96 161 35 419 1064 1192 297 42 1074 4535 59 316
50 0 1089 1921 514 322 3140 69 1414 455 776 968 7624 137 1737 11 268 83 340 21 88 216 3097 28 412 2591 672 866 100 2469 1446 38 1575 233 106 8044 48 176 305 4659 179 885 57 827
51 1 2 1602 2818 4 5 197 6 70 7 72 1417 9 74 12 14 15 17 82 19 788 213 9365 22 23 26 6877 30 5534 31 33 34 35 38 39 41 48 53 55 58 63
52 65 2 67 68 5 133 8 136 74 12 78 143 16 146 18 211 20 24 88 859 28 92 93 30 1310 224 34 1379 37 106 43 301 111 3505 51 55 122 61 253
53 8512 1408 2052 6 1353 11 1035 332 6604 6094 79 399 9359 6031 15 724 404 84 23 2135 1434 27 477 1758 1315 6820 303 4848 48 243 51 755 3828 8629 502 505 251
54 67 771 772 196 3013 7 137 715 780 9357 2961 721 19 404 597 23 153 281 158 2848 1697 5154 46 7347 243 180 1272 2745 571 2684 317 127
55 1218 4482 1541 645 1478 7 199 8 394 1546 6026 138 460 1358 208 404 20 148 3797 277 6424 8345 155 3425 163 37 3110 295 3881 42 747 173 303 369 1137 114 115 53 1209 57 252
56 2051 325 391 7815 135 9 6348 12 9742 83 20 3796 24 91 5276 29 221 799 1184 481 1697 34 292 485 2282 170 44 108 3756 303 8114 179 1591 1913 121 253 62 1406 3006 2431
57 962 2883 69 3013 5 70 3975 456 136 968 138 1099 1867 9357 4241 83 20 214 1623 24 2458 5724 9566 2142 287 9957 6438 1706 619 2477 8692 1272 4859 2683 1595 2684
58 0 128 4 1414 70 134 4104 264 1290 2955 6604 1484 396 909 13 3987 148 22 89 5850 154 475 860 30 414 4895 224 162 1700 294 807 39 168 1263 1077 503 760 121 185
59 64 6 70 6408 585 11 203 75 204 2060 205 14 78 80 82 725 1238 216 28 31 95 225 99 104 111 48 9137 5173 57 185 58 60 124 252 126
60 257 1089 132 198 199 7 9 2380 12 3981 80 21 85 280 412 156 28 737 2658 37 38 39 103 168 3945 107 3884 685 47 2160 52 54 376 59 1148 124 61 126 3455
61 2 69 1478 3975 456 968 266 138 1546 2062 1358 79 208 404 20 1044 277 152 2458 797 7710 351 927 295 360 362 42 7981 45 369 1713 50 1077 1270 184 121 58 189 126 63
62 64 770 195 259 6025 3915 21 662 919 216 24 539 92 1117 1373 1310 95 928 161 354 3234 803 356 3044 4197 869 359 5672 169 2475 1583 47 308 117 1275 510
63 2178 66 67 1283 2371 900 1349 7 1223 8 9 75 16 80 1554 86 1303 91 92 2849 34 106 43 44 2158 110 47 48 51 116 7924 1397 118 56 57 58 2683 124
64 1408 0 2 6 1353 1993 1737 1866 1290 205 206 6094 9359 399 208 1168 465 785 724 2591 100 39 2473 9584 3828 7797 3317 54 120 633 251 60 62
65 131 69 7687 1863 200 779 76 589 1679 18 2706 402 19 1623 91 27 670 34 1635 229 488 3689 1257 2348 45 173 111 433 1073 1843 375 891 6205 637 511
66 1152 1156 70 1671 138 269 207 82 2579 25 3097 93 1438 95 33 35 292 422 39 233 554 107 43 174 50 947 885 122 186 59 3324
67 1345 2 7687 1863 519 1225 779 76 2960 2769 18 2706 19 147 1623 601 91 286 32 2148 229 487 3689 45 9262 240 1843 5812 116 54 375 119 891 60 9085 63
68 8512 5376 193 2 131 4 6661 6 1353 6094 9359 724 20 278 23 1434 91 3038 671 992 1889 424 2473 42 44 621 946 243 3828 1078 5689 251 60 509 62
69 512 0 2177 9665 1 7042 4738 2 3 3204 4 708 5 69 3846 6 7 1671 1800 8 2633 9 14 1935 2448 7827 1875 1499 1883 4763 27 8414 1119 4002 1446 4008 1961 4151 3710 1279 7231
70 1 65 3842 2 4 452 6661 5 71 3975 6729 1803 338 20 468 1624 475 412 1756 2848 226 5539 355 293 37 360 424 3244 112 1393 3569 311 57 127
71 257 68 772 585 1099 1867 780 9357 141 15 20 4630 6166 25 475 3676 1054 228 549 9957 6438 1958 40 105 1456 1073 2291 8692 248 2360 1272 120 121 2684 8444
72 8512 4 2052 708 6 1353 11 76 332 6094 79 399 9359 6035 724 23 2135 1434 27 477 3038 1758 37 1509 1190 46 946 243 51 3828 8629 502 5689 890 251
73 257 1 6531 132 452 2247 1033 9 75 141 81 6359 151 1495 6558 606 32 224 99 101 485 6504 107 46 686 751 239 115 60 6589 3774
74 64 322 1026 196 134 264 73 10 1610 80 2385 19 20 148 5526 1754 2522 28 992 288 2848 36 4325 37 102 6696 105 234 8875 492 2156 8365 625 6450 435 1332 184 1401 121 1210
75 64 770 323 68 454 585 715 141 527 147 6166 1623 919 25 3097 1373 1377 356 101 40 108 364 1582 6450 1268 7924 54 2360 121 59 382
76 0 128 3 643 5 11 4364 2060 15 16 272 659 20 155 28 31 34 35 867 357 869 43 47 48 305 114 691 52 246 54 55 2938 61 4221 1342 511 1215 63
77 1 2 899 1992 8 1037 14 142 16 913 82 402 19 20 2517 7509 21 342 1366 151 2265 1883 1373 8733 2398 1888 161 5797 5286 168 170 554 4716 118 246 183 5817
78 2818 4 6 74 17 145 1042 2579 1686 152 218 90 1948 29 1438 95 35 101 422 39 1959 2664 233 3756 109 45 3700 885 183 759 55 184 1913 122 186 1402 126
79 2051 6 142 79 9041 81 4371 596 726 281 218 3548 156 1757 351 33 1121 1315 485 1318 2221 238 303 112 2096 1201 6450 500 948 119 378 1020 127
80 257 1217 67 4 69 70 3975 456 8 138 14 17 81 82 20 916 1044 2458 287 224 99 1572 101 46 239 3826 115 372 52 181 119 1595 4859 2812
81 3712 64 6 1671 6025 9 3915 19 21 216 24 539 92 95 672 161 7777 803 1571 355 3044 2852 869 3430 38 230 1958 359 169 2475 363 1963 1583 47 1263 5170 117 2102 182 510
82 1671 7433 266 138 11 334 271 208 337 82 1171 1299 404 1300 277 6037 152 25 3097 155 94 5472 161 355 38 295 360 1192 42 362 3244 7981 110 369 53 4535 184 120 1209 252 189
83 131 4 1863 7687 3975 456 8 779 12 15 18 2706 7122 19 147 2132 20 21 25 91 797 34 36 229 3110 39 3689 173 49 433 375 56 891 6205 637
84 384 1152 1089 1921 322 2178 3140 69 198 455 583 776 968 137 11 268 15 4242 1554 340 21 88 216 28 412 5597 9952 866 1572 2469 1446 1575 233 106 43 8044 48 176 305 4659 57 2812 8702 126 3775
85 577 193 9 6729 138 139 525 656 1105 338 149 472 475 412 1756 2973 31 95 2848 99 355 548 676 293 101 38 4390 39 106 938 432 3569 114 758 311 253
86 2051 837 3526 6087 7 199 8 266 395 780 142 4048 9041 404 277 726 281 218 538 1757 351 96 33 997 933 37 485 682 2221 7981 238 1966 303 369 178 500 436 378
87 1 4227 3 451 197 774 1799 4040 8 138 717 5136 82 339 6614 663 1368 8600 5469 6045 2334 30 2848 2594 2978 6052 293 166 104 1512 554 3053 9455 176 1009 180 949 1334 3511 505 1725
88 64 322 452 6 3400 8 6025 9 3915 141 527 5778 19 211 21 277 216 24 539 155 92 1503 95 672 928 7777 355 869 38 169 42 2475 238 1583 47 1263 51 117 1591 1017 510
89 130 2051 260 3526 142 9041 726 281 8601 218 3354 538 156 348 669 1757 1121 33 1318 1066 4971 2221 238 943 112 178 500 436 1020 127
90 322 452 198 7 456 9 905 138 1290 331 76 141 1104 720 17 24 218 410 155 92 158 223 287 610 34 98 424 554 3244 238 48 51 116 1397 57 2683 510 191 383
91 0 322 4 133 70 7 327 1671 11 75 267 651 77 142 15 17 210 338 1746 19 22 151 407 218 30 2591 228 103 2665 1066 3244 3446 55 247 443
92 257 68 388 2696 585 1033 9 715 141 82 4630 278 25 3097 475 1054 95 672 100 869 40 170 107 364 1263 1456 1009 1137 9906 179 8948 9204 117 2360 121 1275 8444
93 67 4 70 5001 5193 1865 842 10 138 3535 2579 5526 4889 25 9562 1245 93 797 2142 158 101 107 1388 751 50 244 3700 56 2552 2169 186 122 3003 6013 126 1726
94 1 2882 3458 900 8 520 1865 138 332 15 655 272 2576 144 209 337 402 83 148 5909 22 282 156 861 32 5921 7971 420 421 105 554 171 114 180 117 55 189 1150 1663
95 2496 1089 7234 4549 5062 454 3654 199 1863 779 5196 268 4238 7313 401 147 1623 219 1377 4386 3362 2852 3430 742 3884 813 942 2931 116 308 54 375 120 59
96 2818 3013 133 138 1099 1867 12 9357 1489 593 82 7386 92 37 101 6438 2088 104 2797 46 6001 2291 180 628 53 55 760 56 2745 1721 571 2684 127
97 1478 6 519 1992 1737 1546 4301 14 527 208 18 658 404 8660 278 6102 25 670 32 99 869 38 295 360 42 1258 1002 7981 1263 369 6257 374 55 1591 1275 189
98 6400 2752 2 1671 649 138 205 5645 1487 341 23 3097 410 347 157 94 927 5472 2148 39 40 41 106 42 170 556 114 179 5748 9782 2039 56 120 1658 58
99 65 2498 66 199 71 583 7497 138 6604 13 5197 208 21 599 409 155 539 1756 286 1889 33 97 933 3110 5863 168 41 3881 362 1966 2478 303 1648 113 178 117 310 1209 953 637
